#
# There is insufficient memory for the Java Runtime Environment to continue.
# Native memory allocation (malloc) failed to allocate 583216 bytes for Chunk::new
# Possible reasons:
#   The system is out of physical RAM or swap space
#   The process is running with CompressedOops enabled, and the Java Heap may be blocking the growth of the native heap
# Possible solutions:
#   Reduce memory load on the system
#   Increase physical memory or swap space
#   Check if swap backing store is full
#   Decrease Java heap size (-Xmx/-Xms)
#   Decrease number of Java threads
#   Decrease Java thread stack sizes (-Xss)
#   Set larger code cache with -XX:ReservedCodeCacheSize=
#   JVM is running with Unscaled Compressed Oops mode in which the Java heap is
#     placed in the first 4GB address space. The Java Heap base address is the
#     maximum limit for the native heap growth. Please use -XX:HeapBaseMinAddress
#     to set the Java Heap base and to place the Java Heap above 4GB virtual address.
# This output file may be truncated or incomplete.
#
#  Out of Memory Error (arena.cpp:189), pid=16684, tid=1132
#
# JRE version: Java(TM) SE Runtime Environment (17.0.6+9) (build 17.0.6+9-LTS-190)
# Java VM: Java HotSpot(TM) 64-Bit Server VM (17.0.6+9-LTS-190, mixed mode, sharing, tiered, compressed oops, compressed class ptrs, g1 gc, windows-amd64)
# No core dump will be written. Minidumps are not enabled by default on client versions of Windows
#

---------------  S U M M A R Y ------------

Command Line: -Dfile.encoding=windows-1252 -Duser.country=US -Duser.language=en -Duser.variant --module-path=E:\Rukshan\NewApplications\SFC POS Software Application\InventoryManagementSystem\build\libs\InventoryManagementSystem-1.0-SNAPSHOT.jar;E:\Rukshan\NewApplications\SFC POS Software Application\InventoryManagementSystem\build\classes\java\main;C:\Users\Rukshan Vimukthi\.gradle\caches\modules-2\files-2.1\org.openjfx\javafx-fxml\17.0.2\5079f88d5345e988222c90a345ad682b7aaccad3\javafx-fxml-17.0.2-win.jar;C:\Users\Rukshan Vimukthi\.gradle\caches\modules-2\files-2.1\org.openjfx\javafx-controls\17.0.2\707f290bacde2738c0a7e1d0b4a8193002c29cf7\javafx-controls-17.0.2-win.jar;C:\Users\Rukshan Vimukthi\.gradle\caches\modules-2\files-2.1\org.openjfx\javafx-controls\17.0.2\f52640ea07a0d7fe2ac8b9f945ec58fa22ac1afd\javafx-controls-17.0.2.jar;C:\Users\Rukshan Vimukthi\.gradle\caches\modules-2\files-2.1\org.openjfx\javafx-graphics\17.0.2\6f95886c8fed3e1b21370a199c3937846ef6b3cc\javafx-graphics-17.0.2-win.jar;C:\Users\Rukshan Vimukthi\.gradle\caches\modules-2\files-2.1\org.openjfx\javafx-graphics\17.0.2\1eb7ce07e07ccc2fcb26103f07535e72069519d6\javafx-graphics-17.0.2.jar;C:\Users\Rukshan Vimukthi\.gradle\caches\modules-2\files-2.1\org.openjfx\javafx-base\17.0.2\1bd6dc88b180a6239a5067320c2f0d7f3526e1d2\javafx-base-17.0.2-win.jar;C:\Users\Rukshan Vimukthi\.gradle\caches\modules-2\files-2.1\org.openjfx\javafx-base\17.0.2\ca46f15a306175ac1513211e1d190a5baacd77cc\javafx-base-17.0.2.jar;C:\Users\Rukshan Vimukthi\.gradle\caches\modules-2\files-2.1\org.controlsfx\controlsfx\11.1.1\d303c563c23d5176346e8d05932afbec421060ae\controlsfx-11.1.1.jar;C:\Users\Rukshan Vimukthi\.gradle\caches\modules-2\files-2.1\com.dlsc.formsfx\formsfx-core\11.5.0\4e6bc5b8ba4633b1c59d19380623c980eb81e7c2\formsfx-core-11.5.0.jar;C:\Users\Rukshan Vimukthi\.gradle\caches\modules-2\files-2.1\org.kordamp.bootstrapfx\bootstrapfx-core\0.4.0\8d019b30266c00770cf29921d1008ad7feed0ed6\bootstrapfx-core-0.4.0.jar -Djdk.module.main=com.example.inventorymanagementsystem com.example.inventorymanagementsystem/com.example.inventorymanagementsystem.InventoryManagementApplication

Host: Intel(R) Core(TM) i7-10510U CPU @ 1.80GHz, 8 cores, 7G,  Windows 11 , 64 bit Build 22621 (10.0.22621.5305)
Time: Sun May 25 21:12:56 2025 Sri Lanka Standard Time elapsed time: 53.760753 seconds (0d 0h 0m 53s)

---------------  T H R E A D  ---------------

Current thread (0x000001adcb804d30):  JavaThread "C2 CompilerThread0" daemon [_thread_in_native, id=1132, stack(0x0000004444100000,0x0000004444200000)]


Current CompileTask:
C2:  53761 6217       4       com.sun.prism.impl.ps.BaseShaderContext::validatePaintOp (321 bytes)

Stack: [0x0000004444100000,0x0000004444200000]
Native frames: (J=compiled Java code, j=interpreted, Vv=VM code, C=native code)
V  [jvm.dll+0x6734ea]
V  [jvm.dll+0x7d18f4]
V  [jvm.dll+0x7d309e]
V  [jvm.dll+0x7d3703]
V  [jvm.dll+0x2433c5]
V  [jvm.dll+0xaa46b]
V  [jvm.dll+0xaaa0c]
V  [jvm.dll+0x35eadf]
V  [jvm.dll+0x329401]
V  [jvm.dll+0x32889a]
V  [jvm.dll+0x215ddf]
V  [jvm.dll+0x215211]
V  [jvm.dll+0x1a1730]
V  [jvm.dll+0x224b6e]
V  [jvm.dll+0x222f15]
V  [jvm.dll+0x78753c]
V  [jvm.dll+0x781a7a]
V  [jvm.dll+0x672375]
C  [ucrtbase.dll+0x29333]
C  [KERNEL32.DLL+0x1259d]
C  [ntdll.dll+0x5af78]


---------------  P R O C E S S  ---------------

Threads class SMR info:
_java_thread_list=0x000001addb1636d0, length=20, elements={
0x000001adad78bb30, 0x000001adcb7e0820, 0x000001adcb7e34c0, 0x000001adcb7fc2d0,
0x000001adcb7fec90, 0x000001adcb7ff640, 0x000001adcb802610, 0x000001adcb804d30,
0x000001adcb80ea20, 0x000001adcb80fa30, 0x000001adcc4792f0, 0x000001adcc918e40,
0x000001adccc67830, 0x000001adcce1f020, 0x000001adcce34ae0, 0x000001adccf9e7c0,
0x000001adccf7d7f0, 0x000001add2216a50, 0x000001add22160b0, 0x000001add2215710
}

Java Threads: ( => current thread )
  0x000001adad78bb30 JavaThread "main" [_thread_blocked, id=16604, stack(0x0000004443400000,0x0000004443500000)]
  0x000001adcb7e0820 JavaThread "Reference Handler" daemon [_thread_blocked, id=3032, stack(0x0000004443b00000,0x0000004443c00000)]
  0x000001adcb7e34c0 JavaThread "Finalizer" daemon [_thread_blocked, id=6228, stack(0x0000004443c00000,0x0000004443d00000)]
  0x000001adcb7fc2d0 JavaThread "Signal Dispatcher" daemon [_thread_blocked, id=18740, stack(0x0000004443d00000,0x0000004443e00000)]
  0x000001adcb7fec90 JavaThread "Attach Listener" daemon [_thread_blocked, id=3084, stack(0x0000004443e00000,0x0000004443f00000)]
  0x000001adcb7ff640 JavaThread "Service Thread" daemon [_thread_blocked, id=18460, stack(0x0000004443f00000,0x0000004444000000)]
  0x000001adcb802610 JavaThread "Monitor Deflation Thread" daemon [_thread_blocked, id=11496, stack(0x0000004444000000,0x0000004444100000)]
=>0x000001adcb804d30 JavaThread "C2 CompilerThread0" daemon [_thread_in_native, id=1132, stack(0x0000004444100000,0x0000004444200000)]
  0x000001adcb80ea20 JavaThread "C1 CompilerThread0" daemon [_thread_blocked, id=17524, stack(0x0000004444200000,0x0000004444300000)]
  0x000001adcb80fa30 JavaThread "Sweeper thread" daemon [_thread_blocked, id=6636, stack(0x0000004444300000,0x0000004444400000)]
  0x000001adcc4792f0 JavaThread "Common-Cleaner" daemon [_thread_blocked, id=68, stack(0x0000004444400000,0x0000004444500000)]
  0x000001adcc918e40 JavaThread "Notification Thread" daemon [_thread_blocked, id=6096, stack(0x0000004444700000,0x0000004444800000)]
  0x000001adccc67830 JavaThread "QuantumRenderer-0" daemon [_thread_blocked, id=16476, stack(0x0000004444900000,0x0000004444a00000)]
  0x000001adcce1f020 JavaThread "InvokeLaterDispatcher" daemon [_thread_blocked, id=19156, stack(0x0000004444500000,0x0000004444600000)]
  0x000001adcce34ae0 JavaThread "JavaFX Application Thread" [_thread_in_native, id=17672, stack(0x0000004444600000,0x0000004444700000)]
  0x000001adccf9e7c0 JavaThread "Thread-1" daemon [_thread_in_native, id=1252, stack(0x0000004444a00000,0x0000004444b00000)]
  0x000001adccf7d7f0 JavaThread "JavaFX-Launcher" [_thread_blocked, id=18272, stack(0x0000004444e00000,0x0000004444f00000)]
  0x000001add2216a50 JavaThread "mysql-cj-abandoned-connection-cleanup" daemon [_thread_blocked, id=10344, stack(0x0000004445500000,0x0000004445600000)]
  0x000001add22160b0 JavaThread "Prism Font Disposer" daemon [_thread_blocked, id=1136, stack(0x0000004445900000,0x0000004445a00000)]
  0x000001add2215710 JavaThread "Cleaner-0" daemon [_thread_blocked, id=6352, stack(0x0000004446400000,0x0000004446500000)]

Other Threads:
  0x000001adcb7dcc30 VMThread "VM Thread" [stack: 0x0000004443a00000,0x0000004443b00000] [id=16036]
  0x000001adad7ff640 WatcherThread [stack: 0x0000004444800000,0x0000004444900000] [id=8896]
  0x000001adad7e5c20 GCTaskThread "GC Thread#0" [stack: 0x0000004443500000,0x0000004443600000] [id=10380]
  0x000001add20629c0 GCTaskThread "GC Thread#1" [stack: 0x0000004445000000,0x0000004445100000] [id=9776]
  0x000001adccfa6820 GCTaskThread "GC Thread#2" [stack: 0x0000004445100000,0x0000004445200000] [id=16448]
  0x000001adccff4d30 GCTaskThread "GC Thread#3" [stack: 0x0000004445200000,0x0000004445300000] [id=13252]
  0x000001adccfbac70 GCTaskThread "GC Thread#4" [stack: 0x0000004445300000,0x0000004445400000] [id=17696]
  0x000001adcce49950 GCTaskThread "GC Thread#5" [stack: 0x0000004445400000,0x0000004445500000] [id=16948]
  0x000001add21722a0 GCTaskThread "GC Thread#6" [stack: 0x0000004445700000,0x0000004445800000] [id=18948]
  0x000001add2d1d850 GCTaskThread "GC Thread#7" [stack: 0x0000004445800000,0x0000004445900000] [id=10316]
  0x000001adad7f76b0 ConcurrentGCThread "G1 Main Marker" [stack: 0x0000004443600000,0x0000004443700000] [id=8580]
  0x000001adad7f80c0 ConcurrentGCThread "G1 Conc#0" [stack: 0x0000004443700000,0x0000004443800000] [id=7220]
  0x000001add57ce3e0 ConcurrentGCThread "G1 Conc#1" [stack: 0x0000004445b00000,0x0000004445c00000] [id=15936]
  0x000001adad84d640 ConcurrentGCThread "G1 Refine#0" [stack: 0x0000004443800000,0x0000004443900000] [id=5568]
  0x000001adad84e060 ConcurrentGCThread "G1 Service" [stack: 0x0000004443900000,0x0000004443a00000] [id=6084]

Threads with active compile tasks:
C2 CompilerThread0    54642 6217       4       com.sun.prism.impl.ps.BaseShaderContext::validatePaintOp (321 bytes)

VM state: not at safepoint (normal execution)

VM Mutex/Monitor currently owned by a thread: None

Heap address: 0x0000000082600000, size: 2010 MB, Compressed Oops mode: 32-bit

CDS archive(s) mapped at: [0x0000000800000000-0x0000000800bd0000-0x0000000800bd0000), size 12386304, SharedBaseAddress: 0x0000000800000000, ArchiveRelocationMode: 0.
Compressed class space mapped at: 0x0000000800c00000-0x0000000840c00000, reserved size: 1073741824
Narrow klass base: 0x0000000800000000, Narrow klass shift: 0, Narrow klass range: 0x100000000

GC Precious Log:
 CPUs: 8 total, 8 available
 Memory: 8038M
 Large Page Support: Disabled
 NUMA Support: Disabled
 Compressed Oops: Enabled (32-bit)
 Heap Region Size: 1M
 Heap Min Capacity: 8M
 Heap Initial Capacity: 126M
 Heap Max Capacity: 2010M
 Pre-touch: Disabled
 Parallel Workers: 8
 Concurrent Workers: 2
 Concurrent Refinement Workers: 8
 Periodic GC: Disabled

Heap:
 garbage-first heap   total 65536K, used 37978K [0x0000000082600000, 0x0000000100000000)
  region size 1024K, 10 young (10240K), 3 survivors (3072K)
 Metaspace       used 29678K, committed 30016K, reserved 1081344K
  class space    used 4112K, committed 4288K, reserved 1048576K

Heap Regions: E=young(eden), S=young(survivor), O=old, HS=humongous(starts), HC=humongous(continues), CS=collection set, F=free, OA=open archive, CA=closed archive, TAMS=top-at-mark-start (previous, next)
|   0|0x0000000082600000, 0x0000000082700000, 0x0000000082700000|100%| O|  |TAMS 0x0000000082700000, 0x0000000082700000| Untracked 
|   1|0x0000000082700000, 0x0000000082800000, 0x0000000082800000|100%| O|  |TAMS 0x0000000082800000, 0x0000000082800000| Untracked 
|   2|0x0000000082800000, 0x0000000082900000, 0x0000000082900000|100%| O|  |TAMS 0x0000000082900000, 0x0000000082900000| Untracked 
|   3|0x0000000082900000, 0x0000000082a00000, 0x0000000082a00000|100%| O|  |TAMS 0x0000000082a00000, 0x0000000082a00000| Untracked 
|   4|0x0000000082a00000, 0x0000000082b00000, 0x0000000082b00000|100%| O|  |TAMS 0x0000000082b00000, 0x0000000082b00000| Untracked 
|   5|0x0000000082b00000, 0x0000000082c00000, 0x0000000082c00000|100%| O|  |TAMS 0x0000000082c00000, 0x0000000082c00000| Untracked 
|   6|0x0000000082c00000, 0x0000000082d00000, 0x0000000082d00000|100%| O|  |TAMS 0x0000000082d00000, 0x0000000082d00000| Untracked 
|   7|0x0000000082d00000, 0x0000000082e00000, 0x0000000082e00000|100%| O|  |TAMS 0x0000000082e00000, 0x0000000082e00000| Untracked 
|   8|0x0000000082e00000, 0x0000000082f00000, 0x0000000082f00000|100%| O|  |TAMS 0x0000000082f00000, 0x0000000082f00000| Untracked 
|   9|0x0000000082f00000, 0x0000000083000000, 0x0000000083000000|100%| O|  |TAMS 0x0000000083000000, 0x0000000083000000| Untracked 
|  10|0x0000000083000000, 0x0000000083100000, 0x0000000083100000|100%| O|  |TAMS 0x0000000083100000, 0x0000000083100000| Untracked 
|  11|0x0000000083100000, 0x0000000083200000, 0x0000000083200000|100%| O|  |TAMS 0x0000000083200000, 0x0000000083200000| Untracked 
|  12|0x0000000083200000, 0x0000000083300000, 0x0000000083300000|100%| O|  |TAMS 0x0000000083300000, 0x0000000083300000| Untracked 
|  13|0x0000000083300000, 0x0000000083400000, 0x0000000083400000|100%| O|  |TAMS 0x0000000083400000, 0x0000000083400000| Untracked 
|  14|0x0000000083400000, 0x0000000083500000, 0x0000000083500000|100%| O|  |TAMS 0x0000000083500000, 0x0000000083500000| Untracked 
|  15|0x0000000083500000, 0x0000000083600000, 0x0000000083600000|100%| O|  |TAMS 0x0000000083600000, 0x0000000083600000| Untracked 
|  16|0x0000000083600000, 0x0000000083700000, 0x0000000083700000|100%| O|  |TAMS 0x0000000083700000, 0x0000000083700000| Untracked 
|  17|0x0000000083700000, 0x0000000083800000, 0x0000000083800000|100%| O|  |TAMS 0x0000000083800000, 0x0000000083800000| Untracked 
|  18|0x0000000083800000, 0x0000000083900000, 0x0000000083900000|100%| O|  |TAMS 0x0000000083900000, 0x0000000083900000| Untracked 
|  19|0x0000000083900000, 0x0000000083a00000, 0x0000000083a00000|100%| O|  |TAMS 0x000000008393a200, 0x0000000083a00000| Untracked 
|  20|0x0000000083a00000, 0x0000000083b00000, 0x0000000083b00000|100%| O|  |TAMS 0x0000000083a00000, 0x0000000083b00000| Untracked 
|  21|0x0000000083b00000, 0x0000000083c00000, 0x0000000083c00000|100%| O|  |TAMS 0x0000000083b00000, 0x0000000083c00000| Untracked 
|  22|0x0000000083c00000, 0x0000000083d00000, 0x0000000083d00000|100%| O|  |TAMS 0x0000000083c00000, 0x0000000083d00000| Untracked 
|  23|0x0000000083d00000, 0x0000000083e00000, 0x0000000083e00000|100%| O|  |TAMS 0x0000000083d00000, 0x0000000083e00000| Untracked 
|  24|0x0000000083e00000, 0x0000000083f00000, 0x0000000083f00000|100%| O|  |TAMS 0x0000000083e00000, 0x0000000083f00000| Untracked 
|  25|0x0000000083f00000, 0x0000000084000000, 0x0000000084000000|100%| O|  |TAMS 0x0000000083f00000, 0x0000000084000000| Untracked 
|  26|0x0000000084000000, 0x0000000084100000, 0x0000000084100000|100%|HS|  |TAMS 0x0000000084000000, 0x0000000084000000| Complete 
|  27|0x0000000084100000, 0x0000000084200000, 0x0000000084200000|100%|HC|  |TAMS 0x0000000084100000, 0x0000000084100000| Complete 
|  28|0x0000000084200000, 0x0000000084216a00, 0x0000000084300000|  8%| O|  |TAMS 0x0000000084200000, 0x0000000084200000| Untracked 
|  29|0x0000000084300000, 0x0000000084300000, 0x0000000084400000|  0%| F|  |TAMS 0x0000000084300000, 0x0000000084300000| Untracked 
|  30|0x0000000084400000, 0x0000000084400000, 0x0000000084500000|  0%| F|  |TAMS 0x0000000084400000, 0x0000000084400000| Untracked 
|  31|0x0000000084500000, 0x0000000084500000, 0x0000000084600000|  0%| F|  |TAMS 0x0000000084500000, 0x0000000084500000| Untracked 
|  32|0x0000000084600000, 0x0000000084600000, 0x0000000084700000|  0%| F|  |TAMS 0x0000000084600000, 0x0000000084600000| Untracked 
|  33|0x0000000084700000, 0x0000000084700000, 0x0000000084800000|  0%| F|  |TAMS 0x0000000084700000, 0x0000000084700000| Untracked 
|  34|0x0000000084800000, 0x0000000084800000, 0x0000000084900000|  0%| F|  |TAMS 0x0000000084800000, 0x0000000084800000| Untracked 
|  35|0x0000000084900000, 0x0000000084900000, 0x0000000084a00000|  0%| F|  |TAMS 0x0000000084900000, 0x0000000084900000| Untracked 
|  36|0x0000000084a00000, 0x0000000084a00000, 0x0000000084b00000|  0%| F|  |TAMS 0x0000000084a00000, 0x0000000084a00000| Untracked 
|  37|0x0000000084b00000, 0x0000000084b00000, 0x0000000084c00000|  0%| F|  |TAMS 0x0000000084b00000, 0x0000000084b00000| Untracked 
|  38|0x0000000084c00000, 0x0000000084c00000, 0x0000000084d00000|  0%| F|  |TAMS 0x0000000084c00000, 0x0000000084c00000| Untracked 
|  39|0x0000000084d00000, 0x0000000084d00000, 0x0000000084e00000|  0%| F|  |TAMS 0x0000000084d00000, 0x0000000084d00000| Untracked 
|  40|0x0000000084e00000, 0x0000000084e00000, 0x0000000084f00000|  0%| F|  |TAMS 0x0000000084e00000, 0x0000000084e00000| Untracked 
|  41|0x0000000084f00000, 0x0000000084f00000, 0x0000000085000000|  0%| F|  |TAMS 0x0000000084f00000, 0x0000000084f00000| Untracked 
|  42|0x0000000085000000, 0x0000000085100000, 0x0000000085100000|100%| S|CS|TAMS 0x0000000085000000, 0x0000000085000000| Complete 
|  43|0x0000000085100000, 0x0000000085200000, 0x0000000085200000|100%| S|CS|TAMS 0x0000000085100000, 0x0000000085100000| Complete 
|  44|0x0000000085200000, 0x0000000085300000, 0x0000000085300000|100%| S|CS|TAMS 0x0000000085200000, 0x0000000085200000| Complete 
|  45|0x0000000085300000, 0x0000000085300000, 0x0000000085400000|  0%| F|  |TAMS 0x0000000085300000, 0x0000000085300000| Untracked 
|  46|0x0000000085400000, 0x0000000085400000, 0x0000000085500000|  0%| F|  |TAMS 0x0000000085400000, 0x0000000085400000| Untracked 
|  47|0x0000000085500000, 0x0000000085500000, 0x0000000085600000|  0%| F|  |TAMS 0x0000000085500000, 0x0000000085500000| Untracked 
|  48|0x0000000085600000, 0x0000000085600000, 0x0000000085700000|  0%| F|  |TAMS 0x0000000085600000, 0x0000000085600000| Untracked 
|  49|0x0000000085700000, 0x0000000085700000, 0x0000000085800000|  0%| F|  |TAMS 0x0000000085700000, 0x0000000085700000| Untracked 
|  50|0x0000000085800000, 0x0000000085800000, 0x0000000085900000|  0%| F|  |TAMS 0x0000000085800000, 0x0000000085800000| Untracked 
|  51|0x0000000085900000, 0x0000000085900000, 0x0000000085a00000|  0%| F|  |TAMS 0x0000000085900000, 0x0000000085900000| Untracked 
|  52|0x0000000085a00000, 0x0000000085a00000, 0x0000000085b00000|  0%| F|  |TAMS 0x0000000085a00000, 0x0000000085a00000| Untracked 
|  53|0x0000000085b00000, 0x0000000085b00000, 0x0000000085c00000|  0%| F|  |TAMS 0x0000000085b00000, 0x0000000085b00000| Untracked 
|  54|0x0000000085c00000, 0x0000000085c00000, 0x0000000085d00000|  0%| F|  |TAMS 0x0000000085c00000, 0x0000000085c00000| Untracked 
|  55|0x0000000085d00000, 0x0000000085d00000, 0x0000000085e00000|  0%| F|  |TAMS 0x0000000085d00000, 0x0000000085d00000| Untracked 
| 105|0x0000000088f00000, 0x0000000088f00000, 0x0000000089000000|  0%| F|  |TAMS 0x0000000088f00000, 0x0000000088f00000| Untracked 
| 106|0x0000000089000000, 0x00000000890bdfa0, 0x0000000089100000| 74%| E|  |TAMS 0x0000000089000000, 0x0000000089000000| Complete 
| 107|0x0000000089100000, 0x0000000089200000, 0x0000000089200000|100%| E|CS|TAMS 0x0000000089100000, 0x0000000089100000| Complete 
| 108|0x0000000089200000, 0x0000000089300000, 0x0000000089300000|100%| E|CS|TAMS 0x0000000089200000, 0x0000000089200000| Complete 
| 109|0x0000000089300000, 0x0000000089400000, 0x0000000089400000|100%| E|CS|TAMS 0x0000000089300000, 0x0000000089300000| Complete 
| 110|0x0000000089400000, 0x0000000089500000, 0x0000000089500000|100%| E|CS|TAMS 0x0000000089400000, 0x0000000089400000| Complete 
| 111|0x0000000089500000, 0x0000000089600000, 0x0000000089600000|100%| E|CS|TAMS 0x0000000089500000, 0x0000000089500000| Complete 
| 125|0x000000008a300000, 0x000000008a400000, 0x000000008a400000|100%| E|CS|TAMS 0x000000008a300000, 0x000000008a300000| Complete 

Card table byte_map: [0x000001adc4720000,0x000001adc4b10000] _byte_map_base: 0x000001adc430d000

Marking Bits (Prev, Next): (CMBitMap*) 0x000001adad7e7240, (CMBitMap*) 0x000001adad7e7280
 Prev Bits: [0x000001adc4f00000, 0x000001adc6e68000)
 Next Bits: [0x000001adc6e70000, 0x000001adc8dd8000)

Polling page: 0x000001adab790000

Metaspace:

Usage:
  Non-class:     24.97 MB used.
      Class:      4.02 MB used.
       Both:     28.98 MB used.

Virtual space:
  Non-class space:       32.00 MB reserved,      25.12 MB ( 79%) committed,  4 nodes.
      Class space:        1.00 GB reserved,       4.19 MB ( <1%) committed,  1 nodes.
             Both:        1.03 GB reserved,      29.31 MB (  3%) committed. 

Chunk freelists:
   Non-Class:  2.33 MB
       Class:  3.87 MB
        Both:  6.20 MB

MaxMetaspaceSize: unlimited
CompressedClassSpaceSize: 1.00 GB
Initial GC threshold: 21.00 MB
Current GC threshold: 43.44 MB
CDS: on
MetaspaceReclaimPolicy: balanced
 - commit_granule_bytes: 65536.
 - commit_granule_words: 8192.
 - virtual_space_node_default_size: 1048576.
 - enlarge_chunks_in_place: 1.
 - new_chunks_are_fully_committed: 0.
 - uncommit_free_chunks: 1.
 - use_allocation_guard: 0.
 - handle_deallocations: 1.


Internal statistics:

num_allocs_failed_limit: 3.
num_arena_births: 314.
num_arena_deaths: 0.
num_vsnodes_births: 5.
num_vsnodes_deaths: 0.
num_space_committed: 469.
num_space_uncommitted: 0.
num_chunks_returned_to_freelist: 3.
num_chunks_taken_from_freelist: 1164.
num_chunk_merges: 3.
num_chunk_splits: 828.
num_chunks_enlarged: 653.
num_purges: 0.
num_inconsistent_stats: 0.

CodeHeap 'non-profiled nmethods': size=120000Kb used=3120Kb max_used=3120Kb free=116879Kb
 bounds [0x000001adbcad0000, 0x000001adbcde0000, 0x000001adc4000000]
CodeHeap 'profiled nmethods': size=120000Kb used=10618Kb max_used=11342Kb free=109381Kb
 bounds [0x000001adb5000000, 0x000001adb5b20000, 0x000001adbc530000]
CodeHeap 'non-nmethods': size=5760Kb used=1527Kb max_used=1631Kb free=4232Kb
 bounds [0x000001adbc530000, 0x000001adbc7a0000, 0x000001adbcad0000]
 total_blobs=6352 nmethods=5443 adapters=820
 compilation: enabled
              stopped_count=0, restarted_count=0
 full_count=0

Compilation events (20 events):
Event: 49.006 Thread 0x000001adcb80ea20 nmethod 6207 0x000001adb5026090 code [0x000001adb5026240, 0x000001adb5026568]
Event: 49.006 Thread 0x000001adcb80ea20 6208       3       javafx.scene.layout.BorderPane::getBottom (22 bytes)
Event: 49.006 Thread 0x000001adcb80ea20 nmethod 6208 0x000001adb5025890 code [0x000001adb5025a40, 0x000001adb5025d68]
Event: 49.006 Thread 0x000001adcb80ea20 6209       3       javafx.scene.layout.BorderPane::getLeft (22 bytes)
Event: 49.006 Thread 0x000001adcb80ea20 nmethod 6209 0x000001adb517d090 code [0x000001adb517d240, 0x000001adb517d568]
Event: 49.006 Thread 0x000001adcb80ea20 6210       3       javafx.scene.layout.BorderPane::getTop (22 bytes)
Event: 49.006 Thread 0x000001adcb80ea20 nmethod 6210 0x000001adb517ca90 code [0x000001adb517cc40, 0x000001adb517cf68]
Event: 49.434 Thread 0x000001adcb804d30 6211       4       javafx.scene.Parent::layout (160 bytes)
Event: 49.467 Thread 0x000001adcb804d30 nmethod 6211 0x000001adbcdd8710 code [0x000001adbcdd8960, 0x000001adbcdd9868]
Event: 51.001 Thread 0x000001adcb804d30 6212       4       com.sun.javafx.font.LogicalFont::getSlotResource (133 bytes)
Event: 51.032 Thread 0x000001adcb804d30 nmethod 6212 0x000001adbcdda210 code [0x000001adbcdda440, 0x000001adbcddafb0]
Event: 51.994 Thread 0x000001adcb80ea20 6213       3       javafx.scene.layout.VBox::computePrefHeight (38 bytes)
Event: 51.997 Thread 0x000001adcb80ea20 nmethod 6213 0x000001adb5976190 code [0x000001adb59764a0, 0x000001adb5977668]
Event: 53.002 Thread 0x000001adcb80ea20 6214       1       com.sun.javafx.text.TextLine::getStart (5 bytes)
Event: 53.002 Thread 0x000001adcb80ea20 nmethod 6214 0x000001adbcddb690 code [0x000001adbcddb820, 0x000001adbcddb8f8]
Event: 53.002 Thread 0x000001adcb80ea20 6215       1       com.sun.javafx.text.TextRun::setLine (6 bytes)
Event: 53.002 Thread 0x000001adcb80ea20 nmethod 6215 0x000001adbcddb990 code [0x000001adbcddbb20, 0x000001adbcddbc38]
Event: 53.032 Thread 0x000001adcb804d30 6216       4       java.util.concurrent.locks.LockSupport::setCurrentBlocker (14 bytes)
Event: 53.033 Thread 0x000001adcb804d30 nmethod 6216 0x000001adbcddbc90 code [0x000001adbcddbe00, 0x000001adbcddbf38]
Event: 53.692 Thread 0x000001adcb804d30 6217       4       com.sun.prism.impl.ps.BaseShaderContext::validatePaintOp (321 bytes)

GC Heap History (20 events):
Event: 4.608 GC heap before
{Heap before GC invocations=2 (full 0):
 garbage-first heap   total 129024K, used 22039K [0x0000000082600000, 0x0000000100000000)
  region size 1024K, 19 young (19456K), 5 survivors (5120K)
 Metaspace       used 21318K, committed 21504K, reserved 1073152K
  class space    used 2908K, committed 3008K, reserved 1048576K
}
Event: 4.620 GC heap after
{Heap after GC invocations=3 (full 0):
 garbage-first heap   total 129024K, used 10303K [0x0000000082600000, 0x0000000100000000)
  region size 1024K, 7 young (7168K), 7 survivors (7168K)
 Metaspace       used 21318K, committed 21504K, reserved 1073152K
  class space    used 2908K, committed 3008K, reserved 1048576K
}
Event: 6.042 GC heap before
{Heap before GC invocations=4 (full 0):
 garbage-first heap   total 40960K, used 27711K [0x0000000082600000, 0x0000000100000000)
  region size 1024K, 24 young (24576K), 7 survivors (7168K)
 Metaspace       used 24560K, committed 24768K, reserved 1073152K
  class space    used 3622K, committed 3712K, reserved 1048576K
}
Event: 6.056 GC heap after
{Heap after GC invocations=5 (full 0):
 garbage-first heap   total 40960K, used 11993K [0x0000000082600000, 0x0000000100000000)
  region size 1024K, 3 young (3072K), 3 survivors (3072K)
 Metaspace       used 24560K, committed 24768K, reserved 1073152K
  class space    used 3622K, committed 3712K, reserved 1048576K
}
Event: 6.119 GC heap before
{Heap before GC invocations=5 (full 0):
 garbage-first heap   total 40960K, used 13017K [0x0000000082600000, 0x0000000100000000)
  region size 1024K, 4 young (4096K), 3 survivors (3072K)
 Metaspace       used 24742K, committed 25024K, reserved 1073152K
  class space    used 3666K, committed 3776K, reserved 1048576K
}
Event: 6.129 GC heap after
{Heap after GC invocations=6 (full 0):
 garbage-first heap   total 40960K, used 12725K [0x0000000082600000, 0x0000000100000000)
  region size 1024K, 1 young (1024K), 1 survivors (1024K)
 Metaspace       used 24742K, committed 25024K, reserved 1073152K
  class space    used 3666K, committed 3776K, reserved 1048576K
}
Event: 7.423 GC heap before
{Heap before GC invocations=6 (full 0):
 garbage-first heap   total 40960K, used 29109K [0x0000000082600000, 0x0000000100000000)
  region size 1024K, 17 young (17408K), 1 survivors (1024K)
 Metaspace       used 25714K, committed 25984K, reserved 1073152K
  class space    used 3768K, committed 3904K, reserved 1048576K
}
Event: 7.437 GC heap after
{Heap after GC invocations=7 (full 0):
 garbage-first heap   total 40960K, used 17408K [0x0000000082600000, 0x0000000100000000)
  region size 1024K, 3 young (3072K), 3 survivors (3072K)
 Metaspace       used 25714K, committed 25984K, reserved 1073152K
  class space    used 3768K, committed 3904K, reserved 1048576K
}
Event: 8.185 GC heap before
{Heap before GC invocations=7 (full 0):
 garbage-first heap   total 40960K, used 29696K [0x0000000082600000, 0x0000000100000000)
  region size 1024K, 15 young (15360K), 3 survivors (3072K)
 Metaspace       used 26108K, committed 26432K, reserved 1073152K
  class space    used 3793K, committed 3968K, reserved 1048576K
}
Event: 8.201 GC heap after
{Heap after GC invocations=8 (full 0):
 garbage-first heap   total 40960K, used 21736K [0x0000000082600000, 0x0000000100000000)
  region size 1024K, 2 young (2048K), 2 survivors (2048K)
 Metaspace       used 26108K, committed 26432K, reserved 1073152K
  class space    used 3793K, committed 3968K, reserved 1048576K
}
Event: 8.667 GC heap before
{Heap before GC invocations=8 (full 0):
 garbage-first heap   total 40960K, used 28904K [0x0000000082600000, 0x0000000100000000)
  region size 1024K, 9 young (9216K), 2 survivors (2048K)
 Metaspace       used 26310K, committed 26688K, reserved 1073152K
  class space    used 3808K, committed 3968K, reserved 1048576K
}
Event: 8.682 GC heap after
{Heap after GC invocations=9 (full 0):
 garbage-first heap   total 40960K, used 24725K [0x0000000082600000, 0x0000000100000000)
  region size 1024K, 2 young (2048K), 2 survivors (2048K)
 Metaspace       used 26310K, committed 26688K, reserved 1073152K
  class space    used 3808K, committed 3968K, reserved 1048576K
}
Event: 9.475 GC heap before
{Heap before GC invocations=10 (full 0):
 garbage-first heap   total 45056K, used 29845K [0x0000000082600000, 0x0000000100000000)
  region size 1024K, 7 young (7168K), 2 survivors (2048K)
 Metaspace       used 27114K, committed 27456K, reserved 1073152K
  class space    used 3892K, committed 4032K, reserved 1048576K
}
Event: 9.485 GC heap after
{Heap after GC invocations=11 (full 0):
 garbage-first heap   total 45056K, used 26565K [0x0000000082600000, 0x0000000100000000)
  region size 1024K, 1 young (1024K), 1 survivors (1024K)
 Metaspace       used 27114K, committed 27456K, reserved 1073152K
  class space    used 3892K, committed 4032K, reserved 1048576K
}
Event: 9.574 GC heap before
{Heap before GC invocations=11 (full 0):
 garbage-first heap   total 45056K, used 27589K [0x0000000082600000, 0x0000000100000000)
  region size 1024K, 3 young (3072K), 1 survivors (1024K)
 Metaspace       used 27383K, committed 27776K, reserved 1073152K
  class space    used 3914K, committed 4096K, reserved 1048576K
}
Event: 9.583 GC heap after
{Heap after GC invocations=12 (full 0):
 garbage-first heap   total 65536K, used 27145K [0x0000000082600000, 0x0000000100000000)
  region size 1024K, 1 young (1024K), 1 survivors (1024K)
 Metaspace       used 27383K, committed 27776K, reserved 1073152K
  class space    used 3914K, committed 4096K, reserved 1048576K
}
Event: 9.994 GC heap before
{Heap before GC invocations=12 (full 0):
 garbage-first heap   total 65536K, used 30217K [0x0000000082600000, 0x0000000100000000)
  region size 1024K, 3 young (3072K), 1 survivors (1024K)
 Metaspace       used 27782K, committed 28160K, reserved 1081344K
  class space    used 3967K, committed 4160K, reserved 1048576K
}
Event: 9.996 GC heap after
{Heap after GC invocations=13 (full 0):
 garbage-first heap   total 65536K, used 27143K [0x0000000082600000, 0x0000000100000000)
  region size 1024K, 1 young (1024K), 1 survivors (1024K)
 Metaspace       used 27782K, committed 28160K, reserved 1081344K
  class space    used 3967K, committed 4160K, reserved 1048576K
}
Event: 26.257 GC heap before
{Heap before GC invocations=13 (full 0):
 garbage-first heap   total 65536K, used 46599K [0x0000000082600000, 0x0000000100000000)
  region size 1024K, 19 young (19456K), 1 survivors (1024K)
 Metaspace       used 29423K, committed 29696K, reserved 1081344K
  class space    used 4098K, committed 4224K, reserved 1048576K
}
Event: 26.272 GC heap after
{Heap after GC invocations=14 (full 0):
 garbage-first heap   total 65536K, used 31834K [0x0000000082600000, 0x0000000100000000)
  region size 1024K, 3 young (3072K), 3 survivors (3072K)
 Metaspace       used 29423K, committed 29696K, reserved 1081344K
  class space    used 4098K, committed 4224K, reserved 1048576K
}

Deoptimization events (20 events):
Event: 29.649 Thread 0x000001adcce34ae0 Uncommon trap: trap_request=0xfffffff4 fr.pc=0x000001adbcd4a8f8 relative=0x00000000000000d8
Event: 29.649 Thread 0x000001adcce34ae0 Uncommon trap: reason=null_check action=make_not_entrant pc=0x000001adbcd4a8f8 method=javafx.scene.Node$MiscProperties.getClip()Ljavafx/scene/Node; @ 20 c2
Event: 29.649 Thread 0x000001adcce34ae0 DEOPT PACKING pc=0x000001adbcd4a8f8 sp=0x00000044446fe060
Event: 29.649 Thread 0x000001adcce34ae0 DEOPT UNPACKING pc=0x000001adbc5823a3 sp=0x00000044446fdf90 mode 2
Event: 29.649 Thread 0x000001adcce34ae0 Uncommon trap: trap_request=0xffffff45 fr.pc=0x000001adbcd62ec4 relative=0x0000000000000324
Event: 29.649 Thread 0x000001adcce34ae0 Uncommon trap: reason=unstable_if action=reinterpret pc=0x000001adbcd62ec4 method=com.sun.javafx.geom.transform.Translate2D.isIdentity()Z @ 15 c2
Event: 29.649 Thread 0x000001adcce34ae0 DEOPT PACKING pc=0x000001adbcd62ec4 sp=0x00000044446fdda0
Event: 29.649 Thread 0x000001adcce34ae0 DEOPT UNPACKING pc=0x000001adbc5823a3 sp=0x00000044446fdd00 mode 2
Event: 32.887 Thread 0x000001adcce34ae0 Uncommon trap: trap_request=0xffffff45 fr.pc=0x000001adbcaf85c0 relative=0x0000000000000ee0
Event: 32.887 Thread 0x000001adcce34ae0 Uncommon trap: reason=unstable_if action=reinterpret pc=0x000001adbcaf85c0 method=javafx.scene.Parent.getOrderedChildren()Ljava/util/List; @ 7 c2
Event: 32.887 Thread 0x000001adcce34ae0 DEOPT PACKING pc=0x000001adbcaf85c0 sp=0x00000044446fd160
Event: 32.887 Thread 0x000001adcce34ae0 DEOPT UNPACKING pc=0x000001adbc5823a3 sp=0x00000044446fceb0 mode 2
Event: 38.130 Thread 0x000001adcce34ae0 Uncommon trap: trap_request=0xfffffff4 fr.pc=0x000001adbcd842dc relative=0x0000000000000f1c
Event: 38.130 Thread 0x000001adcce34ae0 Uncommon trap: reason=null_check action=make_not_entrant pc=0x000001adbcd842dc method=javafx.scene.Node$MiscProperties.getClip()Ljavafx/scene/Node; @ 20 c2
Event: 38.130 Thread 0x000001adcce34ae0 DEOPT PACKING pc=0x000001adbcd842dc sp=0x00000044446fc070
Event: 38.130 Thread 0x000001adcce34ae0 DEOPT UNPACKING pc=0x000001adbc5823a3 sp=0x00000044446fbe78 mode 2
Event: 39.069 Thread 0x000001adcce34ae0 Uncommon trap: trap_request=0xffffffcc fr.pc=0x000001adbcdc2628 relative=0x00000000000012e8
Event: 39.070 Thread 0x000001adcce34ae0 Uncommon trap: reason=intrinsic_or_type_checked_inlining action=make_not_entrant pc=0x000001adbcdc2628 method=java.util.ArrayList.toArray([Ljava/lang/Object;)[Ljava/lang/Object; @ 36 c2
Event: 39.070 Thread 0x000001adcce34ae0 DEOPT PACKING pc=0x000001adbcdc2628 sp=0x00000044446fd680
Event: 39.070 Thread 0x000001adcce34ae0 DEOPT UNPACKING pc=0x000001adbc5823a3 sp=0x00000044446fd510 mode 2

Classes unloaded (0 events):
No events

Classes redefined (0 events):
No events

Internal exceptions (20 events):
Event: 6.861 Thread 0x000001adcce34ae0 Implicit null exception at 0x000001adbcc211ee to 0x000001adbcc21b0c
Event: 6.898 Thread 0x000001adcce34ae0 Implicit null exception at 0x000001adbcc211ee to 0x000001adbcc21b0c
Event: 6.898 Thread 0x000001adcce34ae0 Implicit null exception at 0x000001adbcc211ee to 0x000001adbcc21b0c
Event: 7.991 Thread 0x000001adcce34ae0 Implicit null exception at 0x000001adbcc44f84 to 0x000001adbcc498c4
Event: 8.244 Thread 0x000001adcce34ae0 Exception <a 'java/lang/NoSuchMethodError'{0x000000008a311c40}: 'java.lang.Object java.lang.invoke.DirectMethodHandle$Holder.newInvokeSpecial(java.lang.Object, java.lang.Object, int)'> (0x000000008a311c40) 
thrown [s\open\src\hotspot\share\interpreter\linkResolver.cpp, line 759]
Event: 8.276 Thread 0x000001adcce34ae0 Exception <a 'java/lang/NoSuchMethodError'{0x000000008a32e238}: 'long java.lang.invoke.DirectMethodHandle$Holder.invokeStatic(java.lang.Object, java.lang.Object, java.lang.Object)'> (0x000000008a32e238) 
thrown [s\open\src\hotspot\share\interpreter\linkResolver.cpp, line 759]
Event: 8.277 Thread 0x000001adcce34ae0 Exception <a 'java/lang/NoSuchMethodError'{0x000000008a331c88}: 'long java.lang.invoke.DirectMethodHandle$Holder.invokeStaticInit(java.lang.Object, java.lang.Object, java.lang.Object)'> (0x000000008a331c88) 
thrown [s\open\src\hotspot\share\interpreter\linkResolver.cpp, line 759]
Event: 8.282 Thread 0x000001adcce34ae0 Exception <a 'java/lang/NoSuchMethodError'{0x000000008a349e68}: 'java.lang.Object java.lang.invoke.DirectMethodHandle$Holder.newInvokeSpecial(java.lang.Object, java.lang.Object, long)'> (0x000000008a349e68) 
thrown [s\open\src\hotspot\share\interpreter\linkResolver.cpp, line 759]
Event: 8.283 Thread 0x000001adcce34ae0 Exception <a 'java/lang/NoSuchMethodError'{0x000000008a34d9d8}: 'java.lang.Object java.lang.invoke.Invokers$Holder.linkToTargetMethod(java.lang.Object, long, java.lang.Object)'> (0x000000008a34d9d8) 
thrown [s\open\src\hotspot\share\interpreter\linkResolver.cpp, line 759]
Event: 9.898 Thread 0x000001adccc67830 Exception <a 'java/lang/NoSuchMethodError'{0x000000008a3dbd10}: 'java.lang.Object java.lang.invoke.DirectMethodHandle$Holder.invokeStaticInit(java.lang.Object, int)'> (0x000000008a3dbd10) 
thrown [s\open\src\hotspot\share\interpreter\linkResolver.cpp, line 759]
Event: 18.244 Thread 0x000001adcce34ae0 Exception <a 'java/lang/ClassNotFoundException'{0x00000000859f7890}: com/sun/javafx/scene/control/skin/resources/controls-nt> (0x00000000859f7890) 
thrown [s\open\src\hotspot\share\prims\jni.cpp, line 535]
Event: 18.245 Thread 0x000001adcce34ae0 Exception <a 'java/lang/ClassNotFoundException'{0x0000000085800398}: com/sun/javafx/scene/control/skin/resources/controls-nt_en> (0x0000000085800398) 
thrown [s\open\src\hotspot\share\prims\jni.cpp, line 535]
Event: 18.245 Thread 0x000001adcce34ae0 Exception <a 'java/lang/ClassNotFoundException'{0x0000000085802210}: com/sun/javafx/scene/control/skin/resources/controls-nt_en_US> (0x0000000085802210) 
thrown [s\open\src\hotspot\share\prims\jni.cpp, line 535]
Event: 26.096 Thread 0x000001adcce34ae0 Implicit null exception at 0x000001adbccbb70c to 0x000001adbccbc050
Event: 26.101 Thread 0x000001adcce34ae0 Implicit null exception at 0x000001adbccb696c to 0x000001adbccb70a0
Event: 29.649 Thread 0x000001adcce34ae0 Implicit null exception at 0x000001adbcd92bd5 to 0x000001adbcd94190
Event: 29.649 Thread 0x000001adcce34ae0 Implicit null exception at 0x000001adbcd7e88a to 0x000001adbcd7fc80
Event: 29.649 Thread 0x000001adcce34ae0 Implicit null exception at 0x000001adbcd4a893 to 0x000001adbcd4a8ec
Event: 32.878 Thread 0x000001adcce34ae0 Exception <a 'java/lang/NoSuchMethodError'{0x00000000893b9298}: 'java.lang.Object java.lang.invoke.DirectMethodHandle$Holder.newInvokeSpecial(java.lang.Object, java.lang.Object, java.lang.Object, double, double, double, double, int, int, int, int, int, int, int, int, int)'> (0x00000000893b9298) 
thrown [s\open\src\hotspot\share\interpreter\linkResolver.cpp, line 759]
Event: 38.130 Thread 0x000001adcce34ae0 Implicit null exception at 0x000001adbcd836f0 to 0x000001adbcd842ac

VM Operations (20 events):
Event: 33.276 Executing VM operation: Cleanup
Event: 33.276 Executing VM operation: Cleanup done
Event: 34.277 Executing VM operation: Cleanup
Event: 34.277 Executing VM operation: Cleanup done
Event: 35.277 Executing VM operation: Cleanup
Event: 35.277 Executing VM operation: Cleanup done
Event: 38.279 Executing VM operation: Cleanup
Event: 38.279 Executing VM operation: Cleanup done
Event: 39.280 Executing VM operation: Cleanup
Event: 39.280 Executing VM operation: Cleanup done
Event: 40.281 Executing VM operation: Cleanup
Event: 40.281 Executing VM operation: Cleanup done
Event: 42.281 Executing VM operation: Cleanup
Event: 42.282 Executing VM operation: Cleanup done
Event: 45.283 Executing VM operation: Cleanup
Event: 45.284 Executing VM operation: Cleanup done
Event: 50.291 Executing VM operation: Cleanup
Event: 50.291 Executing VM operation: Cleanup done
Event: 53.291 Executing VM operation: Cleanup
Event: 53.291 Executing VM operation: Cleanup done

Events (20 events):
Event: 26.105 Thread 0x000001adccfeb4c0 Thread added: 0x000001adccfeb4c0
Event: 26.105 Thread 0x000001adccfec3f0 Thread added: 0x000001adccfec3f0
Event: 27.753 Thread 0x000001adccfec3f0 Thread exited: 0x000001adccfec3f0
Event: 27.993 Thread 0x000001adccfeb4c0 Thread exited: 0x000001adccfeb4c0
Event: 28.106 loading class java/time/format/DateTimeFormatterBuilder$LocalizedPrinterParser
Event: 28.107 loading class java/time/format/DateTimeFormatterBuilder$LocalizedPrinterParser done
Event: 28.107 loading class sun/text/spi/JavaTimeDateTimePatternProvider
Event: 28.107 loading class sun/text/spi/JavaTimeDateTimePatternProvider done
Event: 28.107 loading class sun/util/locale/provider/JavaTimeDateTimePatternImpl
Event: 28.107 loading class sun/util/locale/provider/JavaTimeDateTimePatternImpl done
Event: 29.654 Thread 0x000001adccfea080 Thread added: 0x000001adccfea080
Event: 29.654 Thread 0x000001adccfeb4c0 Thread added: 0x000001adccfeb4c0
Event: 29.896 Thread 0x000001adccfeb4c0 Thread exited: 0x000001adccfeb4c0
Event: 30.472 Thread 0x000001adccfea080 Thread exited: 0x000001adccfea080
Event: 32.888 Thread 0x000001adccfeb4c0 Thread added: 0x000001adccfeb4c0
Event: 33.385 Thread 0x000001adccfeb4c0 Thread exited: 0x000001adccfeb4c0
Event: 39.075 Thread 0x000001adccfec3f0 Thread added: 0x000001adccfec3f0
Event: 39.529 Thread 0x000001adccfec3f0 Thread exited: 0x000001adccfec3f0
Event: 39.986 Thread 0x000001adccfeb4c0 Thread added: 0x000001adccfeb4c0
Event: 40.985 Thread 0x000001adccfeb4c0 Thread exited: 0x000001adccfeb4c0


Dynamic libraries:
0x00007ff70aea0000 - 0x00007ff70aeb0000 	D:\SDKs\Java SDKs\17.0.6\bin\java.exe
0x00007fff57390000 - 0x00007fff575a7000 	C:\WINDOWS\SYSTEM32\ntdll.dll
0x00007fff56b20000 - 0x00007fff56be4000 	C:\WINDOWS\System32\KERNEL32.DLL
0x00007fff545f0000 - 0x00007fff549c3000 	C:\WINDOWS\System32\KERNELBASE.dll
0x00007fff54f00000 - 0x00007fff55011000 	C:\WINDOWS\System32\ucrtbase.dll
0x00007fff402d0000 - 0x00007fff402eb000 	D:\SDKs\Java SDKs\17.0.6\bin\VCRUNTIME140.dll
0x00007fff44580000 - 0x00007fff44598000 	D:\SDKs\Java SDKs\17.0.6\bin\jli.dll
0x00007fff56df0000 - 0x00007fff56ea1000 	C:\WINDOWS\System32\ADVAPI32.dll
0x00007fff55aa0000 - 0x00007fff55b47000 	C:\WINDOWS\System32\msvcrt.dll
0x00007fff571c0000 - 0x00007fff57267000 	C:\WINDOWS\System32\sechost.dll
0x00007fff545c0000 - 0x00007fff545e8000 	C:\WINDOWS\System32\bcrypt.dll
0x00007fff55d80000 - 0x00007fff55e94000 	C:\WINDOWS\System32\RPCRT4.dll
0x00007fff568f0000 - 0x00007fff56aa1000 	C:\WINDOWS\System32\USER32.dll
0x00007fff39c70000 - 0x00007fff39f0b000 	C:\WINDOWS\WinSxS\amd64_microsoft.windows.common-controls_6595b64144ccf1df_6.0.22621.5240_none_2710eadf7384a318\COMCTL32.dll
0x00007fff54ed0000 - 0x00007fff54ef6000 	C:\WINDOWS\System32\win32u.dll
0x00007fff56ab0000 - 0x00007fff56ad9000 	C:\WINDOWS\System32\GDI32.dll
0x00007fff549d0000 - 0x00007fff54af4000 	C:\WINDOWS\System32\gdi32full.dll
0x00007fff54db0000 - 0x00007fff54e4a000 	C:\WINDOWS\System32\msvcp_win.dll
0x00007fff52d40000 - 0x00007fff52d4a000 	C:\WINDOWS\SYSTEM32\VERSION.dll
0x00007fff56ae0000 - 0x00007fff56b11000 	C:\WINDOWS\System32\IMM32.DLL
0x00007fff4dbb0000 - 0x00007fff4dbbc000 	D:\SDKs\Java SDKs\17.0.6\bin\vcruntime140_1.dll
0x00007fff1c540000 - 0x00007fff1c5ce000 	D:\SDKs\Java SDKs\17.0.6\bin\msvcp140.dll
0x00007ffede290000 - 0x00007ffedee67000 	D:\SDKs\Java SDKs\17.0.6\bin\server\jvm.dll
0x00007fff56730000 - 0x00007fff56738000 	C:\WINDOWS\System32\PSAPI.DLL
0x00007fff4bb00000 - 0x00007fff4bb34000 	C:\WINDOWS\SYSTEM32\WINMM.dll
0x00007fff52df0000 - 0x00007fff52df9000 	C:\WINDOWS\SYSTEM32\WSOCK32.dll
0x00007fff56740000 - 0x00007fff567b1000 	C:\WINDOWS\System32\WS2_32.dll
0x00007fff53570000 - 0x00007fff53588000 	C:\WINDOWS\SYSTEM32\kernel.appcore.dll
0x00007fff440b0000 - 0x00007fff440ba000 	D:\SDKs\Java SDKs\17.0.6\bin\jimage.dll
0x00007fff514c0000 - 0x00007fff516f2000 	C:\WINDOWS\SYSTEM32\DBGHELP.DLL
0x00007fff56320000 - 0x00007fff566b3000 	C:\WINDOWS\System32\combase.dll
0x00007fff57270000 - 0x00007fff57347000 	C:\WINDOWS\System32\OLEAUT32.dll
0x00007fff31640000 - 0x00007fff31672000 	C:\WINDOWS\SYSTEM32\dbgcore.DLL
0x00007fff54480000 - 0x00007fff544fb000 	C:\WINDOWS\System32\bcryptPrimitives.dll
0x00007fff35f00000 - 0x00007fff35f25000 	D:\SDKs\Java SDKs\17.0.6\bin\java.dll
0x00007fff16f30000 - 0x00007fff17007000 	D:\SDKs\Java SDKs\17.0.6\bin\jsvml.dll
0x00007fff55020000 - 0x00007fff558c2000 	C:\WINDOWS\System32\SHELL32.dll
0x00007fff54b00000 - 0x00007fff54c3f000 	C:\WINDOWS\System32\wintypes.dll
0x00007fff52170000 - 0x00007fff52a8d000 	C:\WINDOWS\SYSTEM32\windows.storage.dll
0x00007fff56ce0000 - 0x00007fff56deb000 	C:\WINDOWS\System32\SHCORE.dll
0x00007fff56c00000 - 0x00007fff56c69000 	C:\WINDOWS\System32\shlwapi.dll
0x00007fff543b0000 - 0x00007fff543db000 	C:\WINDOWS\SYSTEM32\profapi.dll
0x00007fff3a200000 - 0x00007fff3a219000 	D:\SDKs\Java SDKs\17.0.6\bin\net.dll
0x00007fff4b7e0000 - 0x00007fff4b90c000 	C:\WINDOWS\SYSTEM32\WINHTTP.dll
0x00007fff539e0000 - 0x00007fff53a4a000 	C:\WINDOWS\system32\mswsock.dll
0x00007fff38ec0000 - 0x00007fff38ed6000 	D:\SDKs\Java SDKs\17.0.6\bin\nio.dll
0x00007fff38e80000 - 0x00007fff38e98000 	D:\SDKs\Java SDKs\17.0.6\bin\zip.dll
0x000001adcb970000 - 0x000001adcb973000 	C:\Users\Rukshan Vimukthi\.openjfx\cache\17.0.2-ea\api-ms-win-core-console-l1-1-0.dll
0x000001adcb980000 - 0x000001adcb983000 	C:\Users\Rukshan Vimukthi\.openjfx\cache\17.0.2-ea\api-ms-win-core-console-l1-2-0.dll
0x000001adcb990000 - 0x000001adcb993000 	C:\Users\Rukshan Vimukthi\.openjfx\cache\17.0.2-ea\api-ms-win-core-datetime-l1-1-0.dll
0x000001adcb9a0000 - 0x000001adcb9a3000 	C:\Users\Rukshan Vimukthi\.openjfx\cache\17.0.2-ea\api-ms-win-core-debug-l1-1-0.dll
0x000001adcb9b0000 - 0x000001adcb9b3000 	C:\Users\Rukshan Vimukthi\.openjfx\cache\17.0.2-ea\api-ms-win-core-errorhandling-l1-1-0.dll
0x000001adcb9c0000 - 0x000001adcb9c4000 	C:\Users\Rukshan Vimukthi\.openjfx\cache\17.0.2-ea\api-ms-win-core-file-l1-1-0.dll
0x000001adcb9d0000 - 0x000001adcb9d3000 	C:\Users\Rukshan Vimukthi\.openjfx\cache\17.0.2-ea\api-ms-win-core-file-l1-2-0.dll
0x000001adcb9e0000 - 0x000001adcb9e3000 	C:\Users\Rukshan Vimukthi\.openjfx\cache\17.0.2-ea\api-ms-win-core-file-l2-1-0.dll
0x000001adcb9f0000 - 0x000001adcb9f3000 	C:\Users\Rukshan Vimukthi\.openjfx\cache\17.0.2-ea\api-ms-win-core-handle-l1-1-0.dll
0x000001adcba00000 - 0x000001adcba03000 	C:\Users\Rukshan Vimukthi\.openjfx\cache\17.0.2-ea\api-ms-win-core-heap-l1-1-0.dll
0x000001adcba10000 - 0x000001adcba13000 	C:\Users\Rukshan Vimukthi\.openjfx\cache\17.0.2-ea\api-ms-win-core-interlocked-l1-1-0.dll
0x000001adcba20000 - 0x000001adcba23000 	C:\Users\Rukshan Vimukthi\.openjfx\cache\17.0.2-ea\api-ms-win-core-libraryloader-l1-1-0.dll
0x000001adcba30000 - 0x000001adcba33000 	C:\Users\Rukshan Vimukthi\.openjfx\cache\17.0.2-ea\api-ms-win-core-localization-l1-2-0.dll
0x000001adcba40000 - 0x000001adcba43000 	C:\Users\Rukshan Vimukthi\.openjfx\cache\17.0.2-ea\api-ms-win-core-memory-l1-1-0.dll
0x000001adcba50000 - 0x000001adcba53000 	C:\Users\Rukshan Vimukthi\.openjfx\cache\17.0.2-ea\api-ms-win-core-namedpipe-l1-1-0.dll
0x000001adcba60000 - 0x000001adcba63000 	C:\Users\Rukshan Vimukthi\.openjfx\cache\17.0.2-ea\api-ms-win-core-processenvironment-l1-1-0.dll
0x000001adcba70000 - 0x000001adcba73000 	C:\Users\Rukshan Vimukthi\.openjfx\cache\17.0.2-ea\api-ms-win-core-processthreads-l1-1-0.dll
0x000001adcba80000 - 0x000001adcba83000 	C:\Users\Rukshan Vimukthi\.openjfx\cache\17.0.2-ea\api-ms-win-core-processthreads-l1-1-1.dll
0x000001adcba90000 - 0x000001adcba93000 	C:\Users\Rukshan Vimukthi\.openjfx\cache\17.0.2-ea\api-ms-win-core-profile-l1-1-0.dll
0x000001adcbaa0000 - 0x000001adcbaa3000 	C:\Users\Rukshan Vimukthi\.openjfx\cache\17.0.2-ea\api-ms-win-core-rtlsupport-l1-1-0.dll
0x000001adcbab0000 - 0x000001adcbab3000 	C:\Users\Rukshan Vimukthi\.openjfx\cache\17.0.2-ea\api-ms-win-core-string-l1-1-0.dll
0x000001adcbac0000 - 0x000001adcbac3000 	C:\Users\Rukshan Vimukthi\.openjfx\cache\17.0.2-ea\api-ms-win-core-synch-l1-1-0.dll
0x000001adcbad0000 - 0x000001adcbad3000 	C:\Users\Rukshan Vimukthi\.openjfx\cache\17.0.2-ea\api-ms-win-core-synch-l1-2-0.dll
0x000001adcbae0000 - 0x000001adcbae3000 	C:\Users\Rukshan Vimukthi\.openjfx\cache\17.0.2-ea\api-ms-win-core-sysinfo-l1-1-0.dll
0x000001adcbaf0000 - 0x000001adcbaf3000 	C:\Users\Rukshan Vimukthi\.openjfx\cache\17.0.2-ea\api-ms-win-core-timezone-l1-1-0.dll
0x000001adcbb00000 - 0x000001adcbb03000 	C:\Users\Rukshan Vimukthi\.openjfx\cache\17.0.2-ea\api-ms-win-core-util-l1-1-0.dll
0x000001adcbb10000 - 0x000001adcbb13000 	C:\Users\Rukshan Vimukthi\.openjfx\cache\17.0.2-ea\api-ms-win-crt-conio-l1-1-0.dll
0x000001adcbb20000 - 0x000001adcbb24000 	C:\Users\Rukshan Vimukthi\.openjfx\cache\17.0.2-ea\api-ms-win-crt-convert-l1-1-0.dll
0x000001adcbb30000 - 0x000001adcbb33000 	C:\Users\Rukshan Vimukthi\.openjfx\cache\17.0.2-ea\api-ms-win-crt-environment-l1-1-0.dll
0x000001adcbb40000 - 0x000001adcbb43000 	C:\Users\Rukshan Vimukthi\.openjfx\cache\17.0.2-ea\api-ms-win-crt-filesystem-l1-1-0.dll
0x000001adcbb50000 - 0x000001adcbb53000 	C:\Users\Rukshan Vimukthi\.openjfx\cache\17.0.2-ea\api-ms-win-crt-heap-l1-1-0.dll
0x000001adcbb60000 - 0x000001adcbb63000 	C:\Users\Rukshan Vimukthi\.openjfx\cache\17.0.2-ea\api-ms-win-crt-locale-l1-1-0.dll
0x000001adcbb70000 - 0x000001adcbb75000 	C:\Users\Rukshan Vimukthi\.openjfx\cache\17.0.2-ea\api-ms-win-crt-math-l1-1-0.dll
0x000001adcbb80000 - 0x000001adcbb85000 	C:\Users\Rukshan Vimukthi\.openjfx\cache\17.0.2-ea\api-ms-win-crt-multibyte-l1-1-0.dll
0x000001adcbb90000 - 0x000001adcbba0000 	C:\Users\Rukshan Vimukthi\.openjfx\cache\17.0.2-ea\api-ms-win-crt-private-l1-1-0.dll
0x000001adcbba0000 - 0x000001adcbba3000 	C:\Users\Rukshan Vimukthi\.openjfx\cache\17.0.2-ea\api-ms-win-crt-process-l1-1-0.dll
0x000001adcbbb0000 - 0x000001adcbbb4000 	C:\Users\Rukshan Vimukthi\.openjfx\cache\17.0.2-ea\api-ms-win-crt-runtime-l1-1-0.dll
0x000001adcbbc0000 - 0x000001adcbbc4000 	C:\Users\Rukshan Vimukthi\.openjfx\cache\17.0.2-ea\api-ms-win-crt-stdio-l1-1-0.dll
0x000001adcbbd0000 - 0x000001adcbbd4000 	C:\Users\Rukshan Vimukthi\.openjfx\cache\17.0.2-ea\api-ms-win-crt-string-l1-1-0.dll
0x000001adcbbe0000 - 0x000001adcbbe3000 	C:\Users\Rukshan Vimukthi\.openjfx\cache\17.0.2-ea\api-ms-win-crt-time-l1-1-0.dll
0x000001adcbbf0000 - 0x000001adcbbf3000 	C:\Users\Rukshan Vimukthi\.openjfx\cache\17.0.2-ea\api-ms-win-crt-utility-l1-1-0.dll
0x00007ffef5c00000 - 0x00007ffef5cfc000 	C:\Users\Rukshan Vimukthi\.openjfx\cache\17.0.2-ea\ucrtbase.dll
0x00007fff4e110000 - 0x00007fff4e12a000 	C:\Users\Rukshan Vimukthi\.openjfx\cache\17.0.2-ea\vcruntime140.dll
0x00007fff4e240000 - 0x00007fff4e24c000 	C:\Users\Rukshan Vimukthi\.openjfx\cache\17.0.2-ea\vcruntime140_1.dll
0x00007fff4dc80000 - 0x00007fff4dd0d000 	C:\Users\Rukshan Vimukthi\.openjfx\cache\17.0.2-ea\msvcp140.dll
0x00007fff4dc50000 - 0x00007fff4dc7a000 	C:\Users\Rukshan Vimukthi\.openjfx\cache\17.0.2-ea\prism_d3d.dll
0x00007ffef50a0000 - 0x00007ffef5248000 	C:\WINDOWS\system32\d3d9.dll
0x00007fff51b60000 - 0x00007fff51b8e000 	C:\WINDOWS\SYSTEM32\dwmapi.dll
0x00007fff518e0000 - 0x00007fff51917000 	C:\WINDOWS\SYSTEM32\dxcore.dll
0x00007fff517f0000 - 0x00007fff518a4000 	C:\WINDOWS\system32\uxtheme.dll
0x00007ffef4ef0000 - 0x00007ffef509d000 	C:\WINDOWS\System32\DriverStore\FileRepository\iigd_dch.inf_amd64_9c0096d37b5f610a\igdumdim64.dll
0x00007fff57010000 - 0x00007fff571b1000 	C:\WINDOWS\System32\ole32.dll
0x00007ffed0620000 - 0x00007ffed36c4000 	C:\WINDOWS\System32\DriverStore\FileRepository\iigd_dch.inf_amd64_9c0096d37b5f610a\igd9dxva64.dll
0x00007fff55ea0000 - 0x00007fff56314000 	C:\WINDOWS\System32\SETUPAPI.dll
0x00007fff54190000 - 0x00007fff541de000 	C:\WINDOWS\SYSTEM32\cfgmgr32.dll
0x00007fff3ecd0000 - 0x00007fff3f0d9000 	C:\WINDOWS\System32\DriverStore\FileRepository\iigd_dch.inf_amd64_9c0096d37b5f610a\igdgmm64.dll
0x00007fff48300000 - 0x00007fff4834a000 	C:\WINDOWS\SYSTEM32\directxdatabasehelper.dll
0x00007fff1eb70000 - 0x00007fff1ebb2000 	C:\Users\Rukshan Vimukthi\.openjfx\cache\17.0.2-ea\glass.dll
0x00007fff55980000 - 0x00007fff55a84000 	C:\WINDOWS\System32\COMDLG32.dll
0x00007fff56eb0000 - 0x00007fff57010000 	C:\WINDOWS\System32\MSCTF.dll
0x00007fff2efe0000 - 0x00007fff2f007000 	C:\WINDOWS\System32\DriverStore\FileRepository\iigd_dch.inf_amd64_9c0096d37b5f610a\igdinfo64.dll
0x00007fff3ad30000 - 0x00007fff3e4c6000 	C:\WINDOWS\System32\DriverStore\FileRepository\iigd_dch.inf_amd64_9c0096d37b5f610a\igc64.dll
0x00007fff2fdd0000 - 0x00007fff2fde4000 	C:\Users\Rukshan Vimukthi\.openjfx\cache\17.0.2-ea\javafx_font.dll
0x00007fff4cc40000 - 0x00007fff4ceb8000 	C:\WINDOWS\SYSTEM32\dwrite.dll
0x00007fff52fa0000 - 0x00007fff53098000 	C:\WINDOWS\SYSTEM32\DNSAPI.dll
0x00007fff52f70000 - 0x00007fff52f9d000 	C:\WINDOWS\SYSTEM32\IPHLPAPI.DLL
0x00007fff56bf0000 - 0x00007fff56bf9000 	C:\WINDOWS\System32\NSI.dll
0x0000000070580000 - 0x00000000705a6000 	C:\Program Files\Bonjour\mdnsNSP.dll
0x00007fff509a0000 - 0x00007fff509aa000 	C:\Windows\System32\rasadhlp.dll
0x00007fff48ba0000 - 0x00007fff48c23000 	C:\WINDOWS\System32\fwpuclnt.dll
0x00007fff53d30000 - 0x00007fff53d4b000 	C:\WINDOWS\SYSTEM32\CRYPTSP.dll
0x00007fff534d0000 - 0x00007fff53507000 	C:\WINDOWS\system32\rsaenh.dll
0x00007fff53a80000 - 0x00007fff53aa8000 	C:\WINDOWS\SYSTEM32\USERENV.dll
0x00007fff53d10000 - 0x00007fff53d1c000 	C:\WINDOWS\SYSTEM32\CRYPTBASE.dll
0x00007fff4b620000 - 0x00007fff4b639000 	C:\WINDOWS\SYSTEM32\dhcpcsvc6.DLL
0x00007fff4b3a0000 - 0x00007fff4b3bf000 	C:\WINDOWS\SYSTEM32\dhcpcsvc.DLL
0x00007fff4dd10000 - 0x00007fff4dd1d000 	D:\SDKs\Java SDKs\17.0.6\bin\sunmscapi.dll
0x00007fff54c40000 - 0x00007fff54da7000 	C:\WINDOWS\System32\CRYPT32.dll
0x00007fff53e40000 - 0x00007fff53e6d000 	C:\WINDOWS\SYSTEM32\ncrypt.dll
0x00007fff53e00000 - 0x00007fff53e37000 	C:\WINDOWS\SYSTEM32\NTASN1.dll
0x00007fff558d0000 - 0x00007fff55980000 	C:\WINDOWS\System32\clbcatq.dll

dbghelp: loaded successfully - version: 4.0.5 - missing functions: none
symbol engine: initialized successfully - sym options: 0x614 - pdb path: .;D:\SDKs\Java SDKs\17.0.6\bin;C:\WINDOWS\SYSTEM32;C:\WINDOWS\WinSxS\amd64_microsoft.windows.common-controls_6595b64144ccf1df_6.0.22621.5240_none_2710eadf7384a318;D:\SDKs\Java SDKs\17.0.6\bin\server;C:\Users\Rukshan Vimukthi\.openjfx\cache\17.0.2-ea;C:\WINDOWS\System32\DriverStore\FileRepository\iigd_dch.inf_amd64_9c0096d37b5f610a;C:\WINDOWS\System32\DriverStore\FileRepository\nvbl.inf_amd64_28e16711616e3987;C:\Program Files\Bonjour;C:\Program Files\Common Files\Microsoft Shared\Ink

VM Arguments:
jvm_args: -Dfile.encoding=windows-1252 -Duser.country=US -Duser.language=en -Duser.variant --module-path=E:\Rukshan\NewApplications\SFC POS Software Application\InventoryManagementSystem\build\libs\InventoryManagementSystem-1.0-SNAPSHOT.jar;E:\Rukshan\NewApplications\SFC POS Software Application\InventoryManagementSystem\build\classes\java\main;C:\Users\Rukshan Vimukthi\.gradle\caches\modules-2\files-2.1\org.openjfx\javafx-fxml\17.0.2\5079f88d5345e988222c90a345ad682b7aaccad3\javafx-fxml-17.0.2-win.jar;C:\Users\Rukshan Vimukthi\.gradle\caches\modules-2\files-2.1\org.openjfx\javafx-controls\17.0.2\707f290bacde2738c0a7e1d0b4a8193002c29cf7\javafx-controls-17.0.2-win.jar;C:\Users\Rukshan Vimukthi\.gradle\caches\modules-2\files-2.1\org.openjfx\javafx-controls\17.0.2\f52640ea07a0d7fe2ac8b9f945ec58fa22ac1afd\javafx-controls-17.0.2.jar;C:\Users\Rukshan Vimukthi\.gradle\caches\modules-2\files-2.1\org.openjfx\javafx-graphics\17.0.2\6f95886c8fed3e1b21370a199c3937846ef6b3cc\javafx-graphics-17.0.2-win.jar;C:\Users\Rukshan Vimukthi\.gradle\caches\modules-2\files-2.1\org.openjfx\javafx-graphics\17.0.2\1eb7ce07e07ccc2fcb26103f07535e72069519d6\javafx-graphics-17.0.2.jar;C:\Users\Rukshan Vimukthi\.gradle\caches\modules-2\files-2.1\org.openjfx\javafx-base\17.0.2\1bd6dc88b180a6239a5067320c2f0d7f3526e1d2\javafx-base-17.0.2-win.jar;C:\Users\Rukshan Vimukthi\.gradle\caches\modules-2\files-2.1\org.openjfx\javafx-base\17.0.2\ca46f15a306175ac1513211e1d190a5baacd77cc\javafx-base-17.0.2.jar;C:\Users\Rukshan Vimukthi\.gradle\caches\modules-2\files-2.1\org.controlsfx\controlsfx\11.1.1\d303c563c23d5176346e8d05932afbec421060ae\controlsfx-11.1.1.jar;C:\Users\Rukshan Vimukthi\.gradle\caches\modules-2\files-2.1\com.dlsc.formsfx\formsfx-core\11.5.0\4e6bc5b8ba4633b1c59d19380623c980eb81e7c2\formsfx-core-11.5.0.jar;C:\Users\Rukshan Vimukthi\.gradle\caches\modules-2\files-2.1\org.kordamp.bootstrapfx\bootstrapfx-core\0.4.0\8d019b30266c00770cf29921d1008ad7feed0ed6\bootstrapfx-core-0.4.0.jar -Djdk.module.main=com.example.inventorymanagementsystem 
java_command: com.example.inventorymanagementsystem/com.example.inventorymanagementsystem.InventoryManagementApplication
java_class_path (initial): E:\Rukshan\NewApplications\SFC POS Software Application\InventoryManagementSystem\build\resources\main;C:\Users\Rukshan Vimukthi\.gradle\caches\modules-2\files-2.1\com.mysql\mysql-connector-j\8.3.0\1cc7fa5d61f4bbc113531a4ba6d85d41cf3d57e1\mysql-connector-j-8.3.0.jar;C:\Users\Rukshan Vimukthi\.gradle\caches\modules-2\files-2.1\com.google.protobuf\protobuf-java\3.25.1\2933a5c3f022456d8842323fe0d7fb2d25a7e3c7\protobuf-java-3.25.1.jar
Launcher Type: SUN_STANDARD

[Global flags]
     intx CICompilerCount                          = 4                                         {product} {ergonomic}
     uint ConcGCThreads                            = 2                                         {product} {ergonomic}
     uint G1ConcRefinementThreads                  = 8                                         {product} {ergonomic}
   size_t G1HeapRegionSize                         = 1048576                                   {product} {ergonomic}
    uintx GCDrainStackTargetSize                   = 64                                        {product} {ergonomic}
   size_t InitialHeapSize                          = 132120576                                 {product} {ergonomic}
   size_t MarkStackSize                            = 4194304                                   {product} {ergonomic}
   size_t MaxHeapSize                              = 2107637760                                {product} {ergonomic}
   size_t MaxNewSize                               = 1264582656                                {product} {ergonomic}
   size_t MinHeapDeltaBytes                        = 1048576                                   {product} {ergonomic}
   size_t MinHeapSize                              = 8388608                                   {product} {ergonomic}
    uintx NonNMethodCodeHeapSize                   = 5839372                                {pd product} {ergonomic}
    uintx NonProfiledCodeHeapSize                  = 122909434                              {pd product} {ergonomic}
    uintx ProfiledCodeHeapSize                     = 122909434                              {pd product} {ergonomic}
    uintx ReservedCodeCacheSize                    = 251658240                              {pd product} {ergonomic}
     bool SegmentedCodeCache                       = true                                      {product} {ergonomic}
   size_t SoftMaxHeapSize                          = 2107637760                             {manageable} {ergonomic}
     bool UseCompressedClassPointers               = true                           {product lp64_product} {ergonomic}
     bool UseCompressedOops                        = true                           {product lp64_product} {ergonomic}
     bool UseG1GC                                  = true                                      {product} {ergonomic}
     bool UseLargePagesIndividualAllocation        = false                                  {pd product} {ergonomic}

Logging:
Log output configuration:
 #0: stdout all=warning uptime,level,tags
 #1: stderr all=off uptime,level,tags

Environment Variables:
JAVA_HOME=C:\Program Files\Eclipse Foundation\jdk-8.0.302.8-hotspot
PATH=D:\Python\python-3.9.2\Scripts\;D:\Python\python-3.9.2\;C:\Python311\Scripts\;C:\Python311\;C:\Program Files\Common Files\Oracle\Java\javapath;C:\Program Files (x86)\Common Files\Oracle\Java\javapath;C:\Program Files\Eclipse Foundation\jdk-8.0.302.8-hotspot\bin;C:\Program Files\NVIDIA GPU Computing Toolkit\CUDA\v11.6\bin;C:\Program Files\NVIDIA GPU Computing Toolkit\CUDA\v11.6\libnvvp;D:\ImageMagick-7.1.0-Q16;C:\Windows\system32;C:\Windows;C:\Windows\System32\Wbem;C:\Windows\System32\WindowsPowerShell\v1.0\;C:\Windows\System32\OpenSSH\;C:\Program Files\Microsoft SQL Server\130\Tools\Binn\;C:\Program Files\Microsoft SQL Server\Client SDK\ODBC\170\Tools\Binn\;C:\Program Files (x86)\NVIDIA Corporation\PhysX\Common;C:\Program Files\NVIDIA Corporation\NVIDIA NvDLISR;C:\WINDOWS\system32;C:\WINDOWS;C:\WINDOWS\System32\Wbem;C:\WINDOWS\System32\WindowsPowerShell\v1.0\;C:\WINDOWS\System32\OpenSSH\;D:\CMake\bin;D:\masm32\bin\;D:\Python\python-3.9.8\;D:\Python\python-3.9.8\Scripts\;C:\Program Files\NVIDIA Corporation\Nsight Compute 2022.1.0\;D:\zlib123dllx64\dll_x64\;D:\Putty\;D:\Git\cmd;D:\gradle_\gradle-7.4.2\bin;C:\WINDOWS\system32;C:\WINDOWS;C:\WINDOWS\System32\Wbem;C:\WINDOWS\System32\WindowsPowerShell\v1.0\;C:\WINDOWS\System32\OpenSSH\;D:\cudnn-11.3-windows-x64-v8.2.1.32\cuda\lib\x64\;C:\Program Files (x86)\Microsoft Visual Studio\2019\Community\VC\Tools\MSVC\14.28.29910\bin\Hostx64\x64;D:\Microchip\bin;C:\Program Files (x86)\IncrediBuild;C:\Program Files\dotnet\;D:\Microsoft VS Code\bin;C:\ProgramData\chocolatey\bin;D:\composer;D:\opencv-4.0.0\build\java\x64;C:\Program Files\MySQL\MySQL Server 8.0\bin;D:\stripe_1.21.10_windows_x86_64;D:\nodejs\;D:\glassfish5\bin;;C:\Program Files\Docker\Docker\resources\bin;C:\Program Files\MySQL\MySQL Shell 8.0\bin\;D:\Python\python-3.9.8\Scripts\;D:\Python\python-3.9.8\;C:\Users\Rukshan Vimukthi\.cargo\bin;C:\Users\Rukshan Vimukthi\AppData\Local\Microsoft\WindowsApps;D:\PyCharm Community Edition 2020.2.3\bin;;D:\IntelliJ IDEA Communi
USERNAME=TECHLIX
OS=Windows_NT
PROCESSOR_IDENTIFIER=Intel64 Family 6 Model 142 Stepping 12, GenuineIntel



---------------  S Y S T E M  ---------------

OS:
 Windows 11 , 64 bit Build 22621 (10.0.22621.5305)
OS uptime: 0 days 21:58 hours
Hyper-V role detected

CPU: total 8 (initial active 8) (4 cores per cpu, 2 threads per core) family 6 model 142 stepping 12 microcode 0xfe, cx8, cmov, fxsr, ht, mmx, 3dnowpref, sse, sse2, sse3, ssse3, sse4.1, sse4.2, popcnt, lzcnt, tsc, tscinvbit, avx, avx2, aes, erms, clmul, bmi1, bmi2, adx, fma, vzeroupper, clflush, clflushopt, hv

Memory: 4k page, system-wide physical 8038M (800M free)
TotalPageFile size 10086M (AvailPageFile size 393M)
current process WorkingSet (physical memory assigned to process): 238M, peak: 292M
current process commit charge ("private bytes"): 275M, peak: 344M

vm_info: Java HotSpot(TM) 64-Bit Server VM (17.0.6+9-LTS-190) for windows-amd64 JRE (17.0.6+9-LTS-190), built on Dec  6 2022 15:53:54 by "mach5one" with MS VC++ 17.1 (VS2022)

END.
