#
# There is insufficient memory for the Java Runtime Environment to continue.
# Native memory allocation (mmap) failed to map 132120576 bytes for G1 virtual space
# Possible reasons:
#   The system is out of physical RAM or swap space
#   The process is running with CompressedOops enabled, and the Java Heap may be blocking the growth of the native heap
# Possible solutions:
#   Reduce memory load on the system
#   Increase physical memory or swap space
#   Check if swap backing store is full
#   Decrease Java heap size (-Xmx/-Xms)
#   Decrease number of Java threads
#   Decrease Java thread stack sizes (-Xss)
#   Set larger code cache with -XX:ReservedCodeCacheSize=
#   JVM is running with Unscaled Compressed Oops mode in which the Java heap is
#     placed in the first 4GB address space. The Java Heap base address is the
#     maximum limit for the native heap growth. Please use -XX:HeapBaseMinAddress
#     to set the Java Heap base and to place the Java Heap above 4GB virtual address.
# This output file may be truncated or incomplete.
#
#  Out of Memory Error (os_windows.cpp:3550), pid=18376, tid=16340
#
# JRE version:  (17.0.6+9) (build )
# Java VM: Java HotSpot(TM) 64-Bit Server VM (17.0.6+9-LTS-190, mixed mode, sharing, tiered, compressed oops, compressed class ptrs, g1 gc, windows-amd64)
# No core dump will be written. Minidumps are not enabled by default on client versions of Windows
#

---------------  S U M M A R Y ------------

Command Line: -Dfile.encoding=windows-1252 -Duser.country=US -Duser.language=en -Duser.variant --module-path=E:\Rukshan\NewApplications\SFC POS Software Application\InventoryManagementSystem\build\libs\InventoryManagementSystem-1.0-SNAPSHOT.jar;E:\Rukshan\NewApplications\SFC POS Software Application\InventoryManagementSystem\build\classes\java\main;C:\Users\Rukshan Vimukthi\.gradle\caches\modules-2\files-2.1\org.openjfx\javafx-fxml\17.0.2\5079f88d5345e988222c90a345ad682b7aaccad3\javafx-fxml-17.0.2-win.jar;C:\Users\Rukshan Vimukthi\.gradle\caches\modules-2\files-2.1\org.openjfx\javafx-controls\17.0.2\707f290bacde2738c0a7e1d0b4a8193002c29cf7\javafx-controls-17.0.2-win.jar;C:\Users\Rukshan Vimukthi\.gradle\caches\modules-2\files-2.1\org.openjfx\javafx-controls\17.0.2\f52640ea07a0d7fe2ac8b9f945ec58fa22ac1afd\javafx-controls-17.0.2.jar;C:\Users\Rukshan Vimukthi\.gradle\caches\modules-2\files-2.1\org.openjfx\javafx-graphics\17.0.2\6f95886c8fed3e1b21370a199c3937846ef6b3cc\javafx-graphics-17.0.2-win.jar;C:\Users\Rukshan Vimukthi\.gradle\caches\modules-2\files-2.1\org.openjfx\javafx-graphics\17.0.2\1eb7ce07e07ccc2fcb26103f07535e72069519d6\javafx-graphics-17.0.2.jar;C:\Users\Rukshan Vimukthi\.gradle\caches\modules-2\files-2.1\org.openjfx\javafx-base\17.0.2\1bd6dc88b180a6239a5067320c2f0d7f3526e1d2\javafx-base-17.0.2-win.jar;C:\Users\Rukshan Vimukthi\.gradle\caches\modules-2\files-2.1\org.openjfx\javafx-base\17.0.2\ca46f15a306175ac1513211e1d190a5baacd77cc\javafx-base-17.0.2.jar;C:\Users\Rukshan Vimukthi\.gradle\caches\modules-2\files-2.1\org.controlsfx\controlsfx\11.1.1\d303c563c23d5176346e8d05932afbec421060ae\controlsfx-11.1.1.jar;C:\Users\Rukshan Vimukthi\.gradle\caches\modules-2\files-2.1\com.dlsc.formsfx\formsfx-core\11.5.0\4e6bc5b8ba4633b1c59d19380623c980eb81e7c2\formsfx-core-11.5.0.jar;C:\Users\Rukshan Vimukthi\.gradle\caches\modules-2\files-2.1\org.kordamp.bootstrapfx\bootstrapfx-core\0.4.0\8d019b30266c00770cf29921d1008ad7feed0ed6\bootstrapfx-core-0.4.0.jar -Djdk.module.main=com.example.inventorymanagementsystem com.example.inventorymanagementsystem/com.example.inventorymanagementsystem.InventoryManagementApplication

Host: Intel(R) Core(TM) i7-10510U CPU @ 1.80GHz, 8 cores, 7G,  Windows 11 , 64 bit Build 22621 (10.0.22621.5305)
Time: Sat May 24 16:15:14 2025 Sri Lanka Standard Time elapsed time: 0.674893 seconds (0d 0h 0m 0s)

---------------  T H R E A D  ---------------

Current thread (0x0000029266a2c0d0):  JavaThread "Unknown thread" [_thread_in_vm, id=16340, stack(0x000000e91fb00000,0x000000e91fc00000)]

Stack: [0x000000e91fb00000,0x000000e91fc00000]
Native frames: (J=compiled Java code, j=interpreted, Vv=VM code, C=native code)
V  [jvm.dll+0x6734ea]
V  [jvm.dll+0x7d18f4]
V  [jvm.dll+0x7d309e]
V  [jvm.dll+0x7d3703]
V  [jvm.dll+0x2433c5]
V  [jvm.dll+0x6703f9]
V  [jvm.dll+0x664d32]
V  [jvm.dll+0x300086]
V  [jvm.dll+0x307606]
V  [jvm.dll+0x356c1e]
V  [jvm.dll+0x356e4f]
V  [jvm.dll+0x2d72e8]
V  [jvm.dll+0x2d8254]
V  [jvm.dll+0x7a33b1]
V  [jvm.dll+0x3647f1]
V  [jvm.dll+0x782839]
V  [jvm.dll+0x3e757f]
V  [jvm.dll+0x3e9001]
C  [jli.dll+0x5297]
C  [ucrtbase.dll+0x29333]
C  [KERNEL32.DLL+0x1259d]
C  [ntdll.dll+0x5af78]


---------------  P R O C E S S  ---------------

Threads class SMR info:
_java_thread_list=0x00007ff814d0e958, length=0, elements={
}

Java Threads: ( => current thread )

Other Threads:
  0x0000029266a87450 GCTaskThread "GC Thread#0" [stack: 0x000000e91fc00000,0x000000e91fd00000] [id=6896]
  0x0000029266a98df0 ConcurrentGCThread "G1 Main Marker" [stack: 0x000000e91fd00000,0x000000e91fe00000] [id=4768]
  0x0000029266a99710 ConcurrentGCThread "G1 Conc#0" [stack: 0x000000e91fe00000,0x000000e91ff00000] [id=12624]

[error occurred during error reporting (printing all threads), id 0xc0000005, EXCEPTION_ACCESS_VIOLATION (0xc0000005) at pc=0x00007ff814547f07]

VM state: not at safepoint (not fully initialized)

VM Mutex/Monitor currently owned by a thread:  ([mutex/lock_event])
[0x0000029266a27d30] Heap_lock - owner thread: 0x0000029266a2c0d0

Heap address: 0x0000000082600000, size: 2010 MB, Compressed Oops mode: 32-bit

CDS archive(s) mapped at: [0x0000000000000000-0x0000000000000000-0x0000000000000000), size 0, SharedBaseAddress: 0x0000000800000000, ArchiveRelocationMode: 0.
Narrow klass base: 0x0000000000000000, Narrow klass shift: 0, Narrow klass range: 0x0

GC Precious Log:
<Empty>

Heap:
 garbage-first heap   total 0K, used 0K [0x0000000082600000, 0x0000000100000000)
  region size 1024K, 0 young (0K), 0 survivors (0K)

[error occurred during error reporting (printing heap information), id 0xc0000005, EXCEPTION_ACCESS_VIOLATION (0xc0000005) at pc=0x00007ff81492c759]

GC Heap History (0 events):
No events

Deoptimization events (0 events):
No events

Classes unloaded (0 events):
No events

Classes redefined (0 events):
No events

Internal exceptions (0 events):
No events

VM Operations (0 events):
No events

Events (1 events):
Event: 0.027 Loaded shared library D:\SDKs\Java SDKs\17.0.6\bin\java.dll


Dynamic libraries:
0x00007ff6d58c0000 - 0x00007ff6d58d0000 	D:\SDKs\Java SDKs\17.0.6\bin\java.exe
0x00007ff87b750000 - 0x00007ff87b967000 	C:\WINDOWS\SYSTEM32\ntdll.dll
0x00007ff879a30000 - 0x00007ff879af4000 	C:\WINDOWS\System32\KERNEL32.DLL
0x00007ff878930000 - 0x00007ff878d03000 	C:\WINDOWS\System32\KERNELBASE.dll
0x00007ff8790d0000 - 0x00007ff8791e1000 	C:\WINDOWS\System32\ucrtbase.dll
0x00007ff85fde0000 - 0x00007ff85fdf8000 	D:\SDKs\Java SDKs\17.0.6\bin\jli.dll
0x00007ff85fdc0000 - 0x00007ff85fddb000 	D:\SDKs\Java SDKs\17.0.6\bin\VCRUNTIME140.dll
0x00007ff87b630000 - 0x00007ff87b6e1000 	C:\WINDOWS\System32\ADVAPI32.dll
0x00007ff87a7c0000 - 0x00007ff87a867000 	C:\WINDOWS\System32\msvcrt.dll
0x00007ff879960000 - 0x00007ff879a07000 	C:\WINDOWS\System32\sechost.dll
0x00007ff878900000 - 0x00007ff878928000 	C:\WINDOWS\System32\bcrypt.dll
0x00007ff879840000 - 0x00007ff879954000 	C:\WINDOWS\System32\RPCRT4.dll
0x00007ff87a450000 - 0x00007ff87a601000 	C:\WINDOWS\System32\USER32.dll
0x00007ff8791f0000 - 0x00007ff879216000 	C:\WINDOWS\System32\win32u.dll
0x00007ff861530000 - 0x00007ff8617cb000 	C:\WINDOWS\WinSxS\amd64_microsoft.windows.common-controls_6595b64144ccf1df_6.0.22621.5240_none_2710eadf7384a318\COMCTL32.dll
0x00007ff87b5a0000 - 0x00007ff87b5c9000 	C:\WINDOWS\System32\GDI32.dll
0x00007ff878d10000 - 0x00007ff878e34000 	C:\WINDOWS\System32\gdi32full.dll
0x00007ff879030000 - 0x00007ff8790ca000 	C:\WINDOWS\System32\msvcp_win.dll
0x00007ff873e30000 - 0x00007ff873e3a000 	C:\WINDOWS\SYSTEM32\VERSION.dll
0x00007ff879800000 - 0x00007ff879831000 	C:\WINDOWS\System32\IMM32.DLL
0x00007ff86e490000 - 0x00007ff86e49c000 	D:\SDKs\Java SDKs\17.0.6\bin\vcruntime140_1.dll
0x00007ff845460000 - 0x00007ff8454ee000 	D:\SDKs\Java SDKs\17.0.6\bin\msvcp140.dll
0x00007ff814260000 - 0x00007ff814e37000 	D:\SDKs\Java SDKs\17.0.6\bin\server\jvm.dll
0x00007ff8796e0000 - 0x00007ff8796e8000 	C:\WINDOWS\System32\PSAPI.DLL
0x00007ff874e20000 - 0x00007ff874e29000 	C:\WINDOWS\SYSTEM32\WSOCK32.dll
0x00007ff871af0000 - 0x00007ff871b24000 	C:\WINDOWS\SYSTEM32\WINMM.dll
0x00007ff879450000 - 0x00007ff8794c1000 	C:\WINDOWS\System32\WS2_32.dll
0x00007ff877840000 - 0x00007ff877858000 	C:\WINDOWS\SYSTEM32\kernel.appcore.dll
0x00007ff86c200000 - 0x00007ff86c20a000 	D:\SDKs\Java SDKs\17.0.6\bin\jimage.dll
0x00007ff876240000 - 0x00007ff876472000 	C:\WINDOWS\SYSTEM32\DBGHELP.DLL
0x00007ff879b80000 - 0x00007ff879f13000 	C:\WINDOWS\System32\combase.dll
0x00007ff87b4c0000 - 0x00007ff87b597000 	C:\WINDOWS\System32\OLEAUT32.dll
0x00007ff86c980000 - 0x00007ff86c9b2000 	C:\WINDOWS\SYSTEM32\dbgcore.DLL
0x00007ff878fb0000 - 0x00007ff87902b000 	C:\WINDOWS\System32\bcryptPrimitives.dll
0x00007ff85faa0000 - 0x00007ff85fac5000 	D:\SDKs\Java SDKs\17.0.6\bin\java.dll

dbghelp: loaded successfully - version: 4.0.5 - missing functions: none
symbol engine: initialized successfully - sym options: 0x614 - pdb path: .;D:\SDKs\Java SDKs\17.0.6\bin;C:\WINDOWS\SYSTEM32;C:\WINDOWS\WinSxS\amd64_microsoft.windows.common-controls_6595b64144ccf1df_6.0.22621.5240_none_2710eadf7384a318;D:\SDKs\Java SDKs\17.0.6\bin\server

VM Arguments:
jvm_args: -Dfile.encoding=windows-1252 -Duser.country=US -Duser.language=en -Duser.variant --module-path=E:\Rukshan\NewApplications\SFC POS Software Application\InventoryManagementSystem\build\libs\InventoryManagementSystem-1.0-SNAPSHOT.jar;E:\Rukshan\NewApplications\SFC POS Software Application\InventoryManagementSystem\build\classes\java\main;C:\Users\Rukshan Vimukthi\.gradle\caches\modules-2\files-2.1\org.openjfx\javafx-fxml\17.0.2\5079f88d5345e988222c90a345ad682b7aaccad3\javafx-fxml-17.0.2-win.jar;C:\Users\Rukshan Vimukthi\.gradle\caches\modules-2\files-2.1\org.openjfx\javafx-controls\17.0.2\707f290bacde2738c0a7e1d0b4a8193002c29cf7\javafx-controls-17.0.2-win.jar;C:\Users\Rukshan Vimukthi\.gradle\caches\modules-2\files-2.1\org.openjfx\javafx-controls\17.0.2\f52640ea07a0d7fe2ac8b9f945ec58fa22ac1afd\javafx-controls-17.0.2.jar;C:\Users\Rukshan Vimukthi\.gradle\caches\modules-2\files-2.1\org.openjfx\javafx-graphics\17.0.2\6f95886c8fed3e1b21370a199c3937846ef6b3cc\javafx-graphics-17.0.2-win.jar;C:\Users\Rukshan Vimukthi\.gradle\caches\modules-2\files-2.1\org.openjfx\javafx-graphics\17.0.2\1eb7ce07e07ccc2fcb26103f07535e72069519d6\javafx-graphics-17.0.2.jar;C:\Users\Rukshan Vimukthi\.gradle\caches\modules-2\files-2.1\org.openjfx\javafx-base\17.0.2\1bd6dc88b180a6239a5067320c2f0d7f3526e1d2\javafx-base-17.0.2-win.jar;C:\Users\Rukshan Vimukthi\.gradle\caches\modules-2\files-2.1\org.openjfx\javafx-base\17.0.2\ca46f15a306175ac1513211e1d190a5baacd77cc\javafx-base-17.0.2.jar;C:\Users\Rukshan Vimukthi\.gradle\caches\modules-2\files-2.1\org.controlsfx\controlsfx\11.1.1\d303c563c23d5176346e8d05932afbec421060ae\controlsfx-11.1.1.jar;C:\Users\Rukshan Vimukthi\.gradle\caches\modules-2\files-2.1\com.dlsc.formsfx\formsfx-core\11.5.0\4e6bc5b8ba4633b1c59d19380623c980eb81e7c2\formsfx-core-11.5.0.jar;C:\Users\Rukshan Vimukthi\.gradle\caches\modules-2\files-2.1\org.kordamp.bootstrapfx\bootstrapfx-core\0.4.0\8d019b30266c00770cf29921d1008ad7feed0ed6\bootstrapfx-core-0.4.0.jar -Djdk.module.main=com.example.inventorymanagementsystem 
java_command: com.example.inventorymanagementsystem/com.example.inventorymanagementsystem.InventoryManagementApplication
java_class_path (initial): E:\Rukshan\NewApplications\SFC POS Software Application\InventoryManagementSystem\build\resources\main;C:\Users\Rukshan Vimukthi\.gradle\caches\modules-2\files-2.1\com.mysql\mysql-connector-j\8.3.0\1cc7fa5d61f4bbc113531a4ba6d85d41cf3d57e1\mysql-connector-j-8.3.0.jar;C:\Users\Rukshan Vimukthi\.gradle\caches\modules-2\files-2.1\com.google.protobuf\protobuf-java\3.25.1\2933a5c3f022456d8842323fe0d7fb2d25a7e3c7\protobuf-java-3.25.1.jar
Launcher Type: SUN_STANDARD

[Global flags]
     intx CICompilerCount                          = 4                                         {product} {ergonomic}
     uint ConcGCThreads                            = 2                                         {product} {ergonomic}
     uint G1ConcRefinementThreads                  = 8                                         {product} {ergonomic}
   size_t G1HeapRegionSize                         = 1048576                                   {product} {ergonomic}
    uintx GCDrainStackTargetSize                   = 64                                        {product} {ergonomic}
   size_t InitialHeapSize                          = 132120576                                 {product} {ergonomic}
   size_t MarkStackSize                            = 4194304                                   {product} {ergonomic}
   size_t MaxHeapSize                              = 2107637760                                {product} {ergonomic}
   size_t MinHeapDeltaBytes                        = 1048576                                   {product} {ergonomic}
   size_t MinHeapSize                              = 8388608                                   {product} {ergonomic}
    uintx NonNMethodCodeHeapSize                   = 5839372                                {pd product} {ergonomic}
    uintx NonProfiledCodeHeapSize                  = 122909434                              {pd product} {ergonomic}
    uintx ProfiledCodeHeapSize                     = 122909434                              {pd product} {ergonomic}
    uintx ReservedCodeCacheSize                    = 251658240                              {pd product} {ergonomic}
     bool SegmentedCodeCache                       = true                                      {product} {ergonomic}
   size_t SoftMaxHeapSize                          = 2107637760                             {manageable} {ergonomic}
     bool UseCompressedClassPointers               = true                           {product lp64_product} {ergonomic}
     bool UseCompressedOops                        = true                           {product lp64_product} {ergonomic}
     bool UseG1GC                                  = true                                      {product} {ergonomic}
     bool UseLargePagesIndividualAllocation        = false                                  {pd product} {ergonomic}

Logging:
Log output configuration:
 #0: stdout all=warning uptime,level,tags
 #1: stderr all=off uptime,level,tags

Environment Variables:
JAVA_HOME=C:\Program Files\Eclipse Foundation\jdk-8.0.302.8-hotspot
PATH=D:\Python\python-3.9.2\Scripts\;D:\Python\python-3.9.2\;C:\Python311\Scripts\;C:\Python311\;C:\Program Files\Common Files\Oracle\Java\javapath;C:\Program Files (x86)\Common Files\Oracle\Java\javapath;C:\Program Files\Eclipse Foundation\jdk-8.0.302.8-hotspot\bin;C:\Program Files\NVIDIA GPU Computing Toolkit\CUDA\v11.6\bin;C:\Program Files\NVIDIA GPU Computing Toolkit\CUDA\v11.6\libnvvp;D:\ImageMagick-7.1.0-Q16;C:\Windows\system32;C:\Windows;C:\Windows\System32\Wbem;C:\Windows\System32\WindowsPowerShell\v1.0\;C:\Windows\System32\OpenSSH\;C:\Program Files\Microsoft SQL Server\130\Tools\Binn\;C:\Program Files\Microsoft SQL Server\Client SDK\ODBC\170\Tools\Binn\;C:\Program Files (x86)\NVIDIA Corporation\PhysX\Common;C:\Program Files\NVIDIA Corporation\NVIDIA NvDLISR;C:\WINDOWS\system32;C:\WINDOWS;C:\WINDOWS\System32\Wbem;C:\WINDOWS\System32\WindowsPowerShell\v1.0\;C:\WINDOWS\System32\OpenSSH\;D:\CMake\bin;D:\masm32\bin\;D:\Python\python-3.9.8\;D:\Python\python-3.9.8\Scripts\;C:\Program Files\NVIDIA Corporation\Nsight Compute 2022.1.0\;D:\zlib123dllx64\dll_x64\;D:\Putty\;D:\Git\cmd;D:\gradle_\gradle-7.4.2\bin;C:\WINDOWS\system32;C:\WINDOWS;C:\WINDOWS\System32\Wbem;C:\WINDOWS\System32\WindowsPowerShell\v1.0\;C:\WINDOWS\System32\OpenSSH\;D:\cudnn-11.3-windows-x64-v8.2.1.32\cuda\lib\x64\;C:\Program Files (x86)\Microsoft Visual Studio\2019\Community\VC\Tools\MSVC\14.28.29910\bin\Hostx64\x64;D:\Microchip\bin;C:\Program Files (x86)\IncrediBuild;C:\Program Files\dotnet\;D:\Microsoft VS Code\bin;C:\ProgramData\chocolatey\bin;D:\composer;D:\opencv-4.0.0\build\java\x64;C:\Program Files\MySQL\MySQL Server 8.0\bin;D:\stripe_1.21.10_windows_x86_64;D:\nodejs\;D:\glassfish5\bin;;C:\Program Files\Docker\Docker\resources\bin;C:\Program Files\MySQL\MySQL Shell 8.0\bin\;D:\Python\python-3.9.8\Scripts\;D:\Python\python-3.9.8\;C:\Users\Rukshan Vimukthi\.cargo\bin;C:\Users\Rukshan Vimukthi\AppData\Local\Microsoft\WindowsApps;D:\PyCharm Community Edition 2020.2.3\bin;;D:\IntelliJ IDEA Communi
USERNAME=TECHLIX
OS=Windows_NT
PROCESSOR_IDENTIFIER=Intel64 Family 6 Model 142 Stepping 12, GenuineIntel



---------------  S Y S T E M  ---------------

OS:
 Windows 11 , 64 bit Build 22621 (10.0.22621.5305)
OS uptime: 0 days 15:00 hours
Hyper-V role detected

CPU: total 8 (initial active 8) (4 cores per cpu, 2 threads per core) family 6 model 142 stepping 12 microcode 0xfe, cx8, cmov, fxsr, ht, mmx, 3dnowpref, sse, sse2, sse3, ssse3, sse4.1, sse4.2, popcnt, lzcnt, tsc, tscinvbit, avx, avx2, aes, erms, clmul, bmi1, bmi2, adx, fma, vzeroupper, clflush, clflushopt, hv

Memory: 4k page, system-wide physical 8038M (189M free)
TotalPageFile size 10086M (AvailPageFile size 47M)
current process WorkingSet (physical memory assigned to process): 11M, peak: 11M
current process commit charge ("private bytes"): 60M, peak: 186M

vm_info: Java HotSpot(TM) 64-Bit Server VM (17.0.6+9-LTS-190) for windows-amd64 JRE (17.0.6+9-LTS-190), built on Dec  6 2022 15:53:54 by "mach5one" with MS VC++ 17.1 (VS2022)

END.
