#
# There is insufficient memory for the Java Runtime Environment to continue.
# Native memory allocation (malloc) failed to allocate 1939296 bytes for Chunk::new
# Possible reasons:
#   The system is out of physical RAM or swap space
#   The process is running with CompressedOops enabled, and the Java Heap may be blocking the growth of the native heap
# Possible solutions:
#   Reduce memory load on the system
#   Increase physical memory or swap space
#   Check if swap backing store is full
#   Decrease Java heap size (-Xmx/-Xms)
#   Decrease number of Java threads
#   Decrease Java thread stack sizes (-Xss)
#   Set larger code cache with -XX:ReservedCodeCacheSize=
#   JVM is running with Unscaled Compressed Oops mode in which the Java heap is
#     placed in the first 4GB address space. The Java Heap base address is the
#     maximum limit for the native heap growth. Please use -XX:HeapBaseMinAddress
#     to set the Java Heap base and to place the Java Heap above 4GB virtual address.
# This output file may be truncated or incomplete.
#
#  Out of Memory Error (arena.cpp:189), pid=14460, tid=17668
#
# JRE version: Java(TM) SE Runtime Environment (17.0.6+9) (build 17.0.6+9-LTS-190)
# Java VM: Java HotSpot(TM) 64-Bit Server VM (17.0.6+9-LTS-190, mixed mode, sharing, tiered, compressed oops, compressed class ptrs, g1 gc, windows-amd64)
# No core dump will be written. Minidumps are not enabled by default on client versions of Windows
#

---------------  S U M M A R Y ------------

Command Line: -Dfile.encoding=windows-1252 -Duser.country=US -Duser.language=en -Duser.variant --module-path=E:\Rukshan\NewApplications\SFC POS Software Application\InventoryManagementSystem\build\libs\InventoryManagementSystem-1.0-SNAPSHOT.jar;E:\Rukshan\NewApplications\SFC POS Software Application\InventoryManagementSystem\build\classes\java\main;C:\Users\Rukshan Vimukthi\.gradle\caches\modules-2\files-2.1\org.openjfx\javafx-fxml\17.0.2\5079f88d5345e988222c90a345ad682b7aaccad3\javafx-fxml-17.0.2-win.jar;C:\Users\Rukshan Vimukthi\.gradle\caches\modules-2\files-2.1\org.openjfx\javafx-controls\17.0.2\707f290bacde2738c0a7e1d0b4a8193002c29cf7\javafx-controls-17.0.2-win.jar;C:\Users\Rukshan Vimukthi\.gradle\caches\modules-2\files-2.1\org.openjfx\javafx-controls\17.0.2\f52640ea07a0d7fe2ac8b9f945ec58fa22ac1afd\javafx-controls-17.0.2.jar;C:\Users\Rukshan Vimukthi\.gradle\caches\modules-2\files-2.1\org.openjfx\javafx-graphics\17.0.2\6f95886c8fed3e1b21370a199c3937846ef6b3cc\javafx-graphics-17.0.2-win.jar;C:\Users\Rukshan Vimukthi\.gradle\caches\modules-2\files-2.1\org.openjfx\javafx-graphics\17.0.2\1eb7ce07e07ccc2fcb26103f07535e72069519d6\javafx-graphics-17.0.2.jar;C:\Users\Rukshan Vimukthi\.gradle\caches\modules-2\files-2.1\org.openjfx\javafx-base\17.0.2\1bd6dc88b180a6239a5067320c2f0d7f3526e1d2\javafx-base-17.0.2-win.jar;C:\Users\Rukshan Vimukthi\.gradle\caches\modules-2\files-2.1\org.openjfx\javafx-base\17.0.2\ca46f15a306175ac1513211e1d190a5baacd77cc\javafx-base-17.0.2.jar;C:\Users\Rukshan Vimukthi\.gradle\caches\modules-2\files-2.1\org.controlsfx\controlsfx\11.1.1\d303c563c23d5176346e8d05932afbec421060ae\controlsfx-11.1.1.jar;C:\Users\Rukshan Vimukthi\.gradle\caches\modules-2\files-2.1\com.dlsc.formsfx\formsfx-core\11.5.0\4e6bc5b8ba4633b1c59d19380623c980eb81e7c2\formsfx-core-11.5.0.jar;C:\Users\Rukshan Vimukthi\.gradle\caches\modules-2\files-2.1\org.kordamp.bootstrapfx\bootstrapfx-core\0.4.0\8d019b30266c00770cf29921d1008ad7feed0ed6\bootstrapfx-core-0.4.0.jar;C:\Users\Rukshan Vimukthi\.gradle\caches\modules-2\files-2.1\org.kordamp.ikonli\ikonli-javafx\12.3.1\6df78c-Djdk.module.main=com.example.inventorymanagementsystem com.example.inventorymanagementsystem/com.example.inventorymanagementsystem.InventoryManagementApplication

Host: Intel(R) Core(TM) i7-10510U CPU @ 1.80GHz, 8 cores, 7G,  Windows 11 , 64 bit Build 22621 (10.0.22621.5305)
Time: Sat May 31 23:29:26 2025 Sri Lanka Standard Time elapsed time: 14.405319 seconds (0d 0h 0m 14s)

---------------  T H R E A D  ---------------

Current thread (0x0000023fe5b3fc10):  JavaThread "C2 CompilerThread0" daemon [_thread_in_native, id=17668, stack(0x0000006ebcc00000,0x0000006ebcd00000)]


Current CompileTask:
C2:  14419 5794   !   4       javafx.scene.CssStyleHelper::transitionToState (1031 bytes)

Stack: [0x0000006ebcc00000,0x0000006ebcd00000]
Native frames: (J=compiled Java code, j=interpreted, Vv=VM code, C=native code)
V  [jvm.dll+0x6734ea]
V  [jvm.dll+0x7d18f4]
V  [jvm.dll+0x7d309e]
V  [jvm.dll+0x7d3703]
V  [jvm.dll+0x2433c5]
V  [jvm.dll+0xaa46b]
V  [jvm.dll+0xaaa0c]
V  [jvm.dll+0x2a8b1f]
V  [jvm.dll+0x57bf85]
V  [jvm.dll+0x21e142]
V  [jvm.dll+0x21e51f]
V  [jvm.dll+0x217c36]
V  [jvm.dll+0x215109]
V  [jvm.dll+0x1a1730]
V  [jvm.dll+0x224b6e]
V  [jvm.dll+0x222f15]
V  [jvm.dll+0x78753c]
V  [jvm.dll+0x781a7a]
V  [jvm.dll+0x672375]
C  [ucrtbase.dll+0x29333]
C  [KERNEL32.DLL+0x1259d]
C  [ntdll.dll+0x5af78]


---------------  P R O C E S S  ---------------

Threads class SMR info:
_java_thread_list=0x0000023fe70a0510, length=20, elements={
0x0000023fc5afbff0, 0x0000023fe5b203b0, 0x0000023fe5b22840, 0x0000023fe5b3b060,
0x0000023fe5b3db20, 0x0000023fe5b3e4d0, 0x0000023fe5b3ee80, 0x0000023fe5b3fc10,
0x0000023fe5b41cd0, 0x0000023fe5b48230, 0x0000023fe5b0b200, 0x0000023fe6ca3d80,
0x0000023fe6ef7c90, 0x0000023fe6f9dd90, 0x0000023fe6fa11b0, 0x0000023fec2c3cf0,
0x0000023fe6ffcc20, 0x0000023fe65c78b0, 0x0000023fec54e050, 0x0000023fec7bb060
}

Java Threads: ( => current thread )
  0x0000023fc5afbff0 JavaThread "main" [_thread_blocked, id=16120, stack(0x0000006ebbf00000,0x0000006ebc000000)]
  0x0000023fe5b203b0 JavaThread "Reference Handler" daemon [_thread_blocked, id=19180, stack(0x0000006ebc600000,0x0000006ebc700000)]
  0x0000023fe5b22840 JavaThread "Finalizer" daemon [_thread_blocked, id=14544, stack(0x0000006ebc700000,0x0000006ebc800000)]
  0x0000023fe5b3b060 JavaThread "Signal Dispatcher" daemon [_thread_blocked, id=16268, stack(0x0000006ebc800000,0x0000006ebc900000)]
  0x0000023fe5b3db20 JavaThread "Attach Listener" daemon [_thread_blocked, id=19064, stack(0x0000006ebc900000,0x0000006ebca00000)]
  0x0000023fe5b3e4d0 JavaThread "Service Thread" daemon [_thread_blocked, id=14612, stack(0x0000006ebca00000,0x0000006ebcb00000)]
  0x0000023fe5b3ee80 JavaThread "Monitor Deflation Thread" daemon [_thread_blocked, id=11708, stack(0x0000006ebcb00000,0x0000006ebcc00000)]
=>0x0000023fe5b3fc10 JavaThread "C2 CompilerThread0" daemon [_thread_in_native, id=17668, stack(0x0000006ebcc00000,0x0000006ebcd00000)]
  0x0000023fe5b41cd0 JavaThread "C1 CompilerThread0" daemon [_thread_blocked, id=17324, stack(0x0000006ebcd00000,0x0000006ebce00000)]
  0x0000023fe5b48230 JavaThread "Sweeper thread" daemon [_thread_blocked, id=18528, stack(0x0000006ebce00000,0x0000006ebcf00000)]
  0x0000023fe5b0b200 JavaThread "Common-Cleaner" daemon [_thread_blocked, id=11484, stack(0x0000006ebcf00000,0x0000006ebd000000)]
  0x0000023fe6ca3d80 JavaThread "Notification Thread" daemon [_thread_blocked, id=18668, stack(0x0000006ebd200000,0x0000006ebd300000)]
  0x0000023fe6ef7c90 JavaThread "QuantumRenderer-0" daemon [_thread_blocked, id=14776, stack(0x0000006ebd400000,0x0000006ebd500000)]
  0x0000023fe6f9dd90 JavaThread "InvokeLaterDispatcher" daemon [_thread_blocked, id=2224, stack(0x0000006ebd100000,0x0000006ebd200000)]
  0x0000023fe6fa11b0 JavaThread "JavaFX Application Thread" [_thread_in_native, id=4656, stack(0x0000006ebd600000,0x0000006ebd700000)]
  0x0000023fec2c3cf0 JavaThread "Thread-1" daemon [_thread_in_native, id=1788, stack(0x0000006ebda00000,0x0000006ebdb00000)]
  0x0000023fe6ffcc20 JavaThread "JavaFX-Launcher" [_thread_blocked, id=18752, stack(0x0000006ebdb00000,0x0000006ebdc00000)]
  0x0000023fe65c78b0 JavaThread "Prism Font Disposer" daemon [_thread_blocked, id=8908, stack(0x0000006ebd000000,0x0000006ebd100000)]
  0x0000023fec54e050 JavaThread "mysql-cj-abandoned-connection-cleanup" daemon [_thread_blocked, id=14132, stack(0x0000006ebe100000,0x0000006ebe200000)]
  0x0000023fec7bb060 JavaThread "Cleaner-0" daemon [_thread_blocked, id=14488, stack(0x0000006ebe800000,0x0000006ebe900000)]

Other Threads:
  0x0000023fe5b1c7c0 VMThread "VM Thread" [stack: 0x0000006ebc500000,0x0000006ebc600000] [id=12032]
  0x0000023fe6745100 WatcherThread [stack: 0x0000006ebd300000,0x0000006ebd400000] [id=5472]
  0x0000023fc5b574e0 GCTaskThread "GC Thread#0" [stack: 0x0000006ebc000000,0x0000006ebc100000] [id=15436]
  0x0000023fec372010 GCTaskThread "GC Thread#1" [stack: 0x0000006ebdc00000,0x0000006ebdd00000] [id=12888]
  0x0000023fec3722c0 GCTaskThread "GC Thread#2" [stack: 0x0000006ebdd00000,0x0000006ebde00000] [id=18060]
  0x0000023fec372570 GCTaskThread "GC Thread#3" [stack: 0x0000006ebde00000,0x0000006ebdf00000] [id=11480]
  0x0000023fec373440 GCTaskThread "GC Thread#4" [stack: 0x0000006ebdf00000,0x0000006ebe000000] [id=18652]
  0x0000023fec3736f0 GCTaskThread "GC Thread#5" [stack: 0x0000006ebe000000,0x0000006ebe100000] [id=11284]
  0x0000023ff09285c0 GCTaskThread "GC Thread#6" [stack: 0x0000006ebd500000,0x0000006ebd600000] [id=18688]
  0x0000023ff14e4bf0 GCTaskThread "GC Thread#7" [stack: 0x0000006ebe200000,0x0000006ebe300000] [id=11884]
  0x0000023fc5b68f70 ConcurrentGCThread "G1 Main Marker" [stack: 0x0000006ebc100000,0x0000006ebc200000] [id=8580]
  0x0000023fc5b69980 ConcurrentGCThread "G1 Conc#0" [stack: 0x0000006ebc200000,0x0000006ebc300000] [id=18844]
  0x0000023ff0b06380 ConcurrentGCThread "G1 Conc#1" [stack: 0x0000006ebe300000,0x0000006ebe400000] [id=16920]
  0x0000023fe59d84f0 ConcurrentGCThread "G1 Refine#0" [stack: 0x0000006ebc300000,0x0000006ebc400000] [id=8104]
  0x0000023fe59d8d20 ConcurrentGCThread "G1 Service" [stack: 0x0000006ebc400000,0x0000006ebc500000] [id=4660]

Threads with active compile tasks:
C2 CompilerThread0    15915 5794   !   4       javafx.scene.CssStyleHelper::transitionToState (1031 bytes)

VM state: not at safepoint (normal execution)

VM Mutex/Monitor currently owned by a thread: None

Heap address: 0x0000000082600000, size: 2010 MB, Compressed Oops mode: 32-bit

CDS archive(s) mapped at: [0x0000000800000000-0x0000000800bd0000-0x0000000800bd0000), size 12386304, SharedBaseAddress: 0x0000000800000000, ArchiveRelocationMode: 0.
Compressed class space mapped at: 0x0000000800c00000-0x0000000840c00000, reserved size: 1073741824
Narrow klass base: 0x0000000800000000, Narrow klass shift: 0, Narrow klass range: 0x100000000

GC Precious Log:
 CPUs: 8 total, 8 available
 Memory: 8038M
 Large Page Support: Disabled
 NUMA Support: Disabled
 Compressed Oops: Enabled (32-bit)
 Heap Region Size: 1M
 Heap Min Capacity: 8M
 Heap Initial Capacity: 126M
 Heap Max Capacity: 2010M
 Pre-touch: Disabled
 Parallel Workers: 8
 Concurrent Workers: 2
 Concurrent Refinement Workers: 8
 Periodic GC: Disabled

Heap:
 garbage-first heap   total 61440K, used 43096K [0x0000000082600000, 0x0000000100000000)
  region size 1024K, 9 young (9216K), 2 survivors (2048K)
 Metaspace       used 30007K, committed 30272K, reserved 1081344K
  class space    used 4204K, committed 4288K, reserved 1048576K

Heap Regions: E=young(eden), S=young(survivor), O=old, HS=humongous(starts), HC=humongous(continues), CS=collection set, F=free, OA=open archive, CA=closed archive, TAMS=top-at-mark-start (previous, next)
|   0|0x0000000082600000, 0x0000000082700000, 0x0000000082700000|100%| O|  |TAMS 0x0000000082700000, 0x0000000082600000| Untracked 
|   1|0x0000000082700000, 0x0000000082800000, 0x0000000082800000|100%| O|  |TAMS 0x0000000082800000, 0x0000000082700000| Untracked 
|   2|0x0000000082800000, 0x0000000082900000, 0x0000000082900000|100%| O|  |TAMS 0x0000000082900000, 0x0000000082800000| Untracked 
|   3|0x0000000082900000, 0x0000000082a00000, 0x0000000082a00000|100%| O|  |TAMS 0x0000000082a00000, 0x0000000082900000| Untracked 
|   4|0x0000000082a00000, 0x0000000082b00000, 0x0000000082b00000|100%| O|  |TAMS 0x0000000082b00000, 0x0000000082a00000| Untracked 
|   5|0x0000000082b00000, 0x0000000082c00000, 0x0000000082c00000|100%| O|  |TAMS 0x0000000082c00000, 0x0000000082b00000| Untracked 
|   6|0x0000000082c00000, 0x0000000082d00000, 0x0000000082d00000|100%| O|  |TAMS 0x0000000082d00000, 0x0000000082c00000| Untracked 
|   7|0x0000000082d00000, 0x0000000082e00000, 0x0000000082e00000|100%| O|  |TAMS 0x0000000082e00000, 0x0000000082d00000| Untracked 
|   8|0x0000000082e00000, 0x0000000082f00000, 0x0000000082f00000|100%| O|  |TAMS 0x0000000082f00000, 0x0000000082e00000| Untracked 
|   9|0x0000000082f00000, 0x0000000083000000, 0x0000000083000000|100%| O|  |TAMS 0x0000000083000000, 0x0000000082f00000| Untracked 
|  10|0x0000000083000000, 0x0000000083100000, 0x0000000083100000|100%| O|  |TAMS 0x0000000083100000, 0x0000000083000000| Untracked 
|  11|0x0000000083100000, 0x0000000083200000, 0x0000000083200000|100%| O|  |TAMS 0x0000000083200000, 0x0000000083100000| Untracked 
|  12|0x0000000083200000, 0x0000000083300000, 0x0000000083300000|100%| O|  |TAMS 0x0000000083300000, 0x0000000083200000| Untracked 
|  13|0x0000000083300000, 0x0000000083400000, 0x0000000083400000|100%| O|  |TAMS 0x0000000083400000, 0x0000000083300000| Untracked 
|  14|0x0000000083400000, 0x0000000083500000, 0x0000000083500000|100%| O|  |TAMS 0x0000000083500000, 0x0000000083400000| Untracked 
|  15|0x0000000083500000, 0x0000000083600000, 0x0000000083600000|100%| O|  |TAMS 0x0000000083600000, 0x0000000083500000| Untracked 
|  16|0x0000000083600000, 0x0000000083700000, 0x0000000083700000|100%| O|  |TAMS 0x0000000083700000, 0x0000000083600000| Untracked 
|  17|0x0000000083700000, 0x0000000083800000, 0x0000000083800000|100%| O|  |TAMS 0x0000000083800000, 0x0000000083700000| Untracked 
|  18|0x0000000083800000, 0x0000000083900000, 0x0000000083900000|100%| O|  |TAMS 0x0000000083900000, 0x0000000083800000| Untracked 
|  19|0x0000000083900000, 0x0000000083a00000, 0x0000000083a00000|100%| O|  |TAMS 0x0000000083a00000, 0x0000000083900000| Untracked 
|  20|0x0000000083a00000, 0x0000000083b00000, 0x0000000083b00000|100%| O|  |TAMS 0x0000000083b00000, 0x0000000083a00000| Untracked 
|  21|0x0000000083b00000, 0x0000000083c00000, 0x0000000083c00000|100%| O|  |TAMS 0x0000000083c00000, 0x0000000083b00000| Untracked 
|  22|0x0000000083c00000, 0x0000000083d00000, 0x0000000083d00000|100%| O|  |TAMS 0x0000000083d00000, 0x0000000083c00000| Untracked 
|  23|0x0000000083d00000, 0x0000000083e00000, 0x0000000083e00000|100%| O|  |TAMS 0x0000000083e00000, 0x0000000083d00000| Untracked 
|  24|0x0000000083e00000, 0x0000000083f00000, 0x0000000083f00000|100%| O|  |TAMS 0x0000000083f00000, 0x0000000083e00000| Untracked 
|  25|0x0000000083f00000, 0x0000000084000000, 0x0000000084000000|100%| O|  |TAMS 0x0000000084000000, 0x0000000083f00000| Untracked 
|  26|0x0000000084000000, 0x0000000084100000, 0x0000000084100000|100%| O|  |TAMS 0x0000000084100000, 0x0000000084000000| Untracked 
|  27|0x0000000084100000, 0x0000000084200000, 0x0000000084200000|100%| O|  |TAMS 0x0000000084200000, 0x0000000084100000| Untracked 
|  28|0x0000000084200000, 0x0000000084300000, 0x0000000084300000|100%| O|  |TAMS 0x0000000084273800, 0x0000000084200000| Untracked 
|  29|0x0000000084300000, 0x0000000084400000, 0x0000000084400000|100%| O|  |TAMS 0x0000000084300000, 0x0000000084300000| Untracked 
|  30|0x0000000084400000, 0x0000000084500000, 0x0000000084500000|100%| O|  |TAMS 0x0000000084400000, 0x0000000084400000| Untracked 
|  31|0x0000000084500000, 0x0000000084600000, 0x0000000084600000|100%|HS|  |TAMS 0x0000000084500000, 0x0000000084500000| Complete 
|  32|0x0000000084600000, 0x0000000084700000, 0x0000000084700000|100%|HC|  |TAMS 0x0000000084600000, 0x0000000084600000| Complete 
|  33|0x0000000084700000, 0x0000000084800000, 0x0000000084800000|100%| O|  |TAMS 0x0000000084700000, 0x0000000084700000| Untracked 
|  34|0x0000000084800000, 0x00000000848c0600, 0x0000000084900000| 75%| O|  |TAMS 0x0000000084800000, 0x0000000084800000| Untracked 
|  35|0x0000000084900000, 0x0000000084900000, 0x0000000084a00000|  0%| F|  |TAMS 0x0000000084900000, 0x0000000084900000| Untracked 
|  36|0x0000000084a00000, 0x0000000084a00000, 0x0000000084b00000|  0%| F|  |TAMS 0x0000000084a00000, 0x0000000084a00000| Untracked 
|  37|0x0000000084b00000, 0x0000000084b00000, 0x0000000084c00000|  0%| F|  |TAMS 0x0000000084b00000, 0x0000000084b00000| Untracked 
|  38|0x0000000084c00000, 0x0000000084c00000, 0x0000000084d00000|  0%| F|  |TAMS 0x0000000084c00000, 0x0000000084c00000| Untracked 
|  39|0x0000000084d00000, 0x0000000084d00000, 0x0000000084e00000|  0%| F|  |TAMS 0x0000000084d00000, 0x0000000084d00000| Untracked 
|  40|0x0000000084e00000, 0x0000000084e00000, 0x0000000084f00000|  0%| F|  |TAMS 0x0000000084e00000, 0x0000000084e00000| Untracked 
|  41|0x0000000084f00000, 0x0000000084f00000, 0x0000000085000000|  0%| F|  |TAMS 0x0000000084f00000, 0x0000000084f00000| Untracked 
|  42|0x0000000085000000, 0x0000000085000000, 0x0000000085100000|  0%| F|  |TAMS 0x0000000085000000, 0x0000000085000000| Untracked 
|  43|0x0000000085100000, 0x0000000085100000, 0x0000000085200000|  0%| F|  |TAMS 0x0000000085100000, 0x0000000085100000| Untracked 
|  44|0x0000000085200000, 0x0000000085200000, 0x0000000085300000|  0%| F|  |TAMS 0x0000000085200000, 0x0000000085200000| Untracked 
|  45|0x0000000085300000, 0x0000000085300000, 0x0000000085400000|  0%| F|  |TAMS 0x0000000085300000, 0x0000000085300000| Untracked 
|  46|0x0000000085400000, 0x0000000085400000, 0x0000000085500000|  0%| F|  |TAMS 0x0000000085400000, 0x0000000085400000| Untracked 
|  47|0x0000000085500000, 0x0000000085555dd0, 0x0000000085600000| 33%| S|CS|TAMS 0x0000000085500000, 0x0000000085500000| Complete 
|  48|0x0000000085600000, 0x0000000085700000, 0x0000000085700000|100%| S|CS|TAMS 0x0000000085600000, 0x0000000085600000| Complete 
|  49|0x0000000085700000, 0x0000000085700000, 0x0000000085800000|  0%| F|  |TAMS 0x0000000085700000, 0x0000000085700000| Untracked 
|  50|0x0000000085800000, 0x0000000085800000, 0x0000000085900000|  0%| F|  |TAMS 0x0000000085800000, 0x0000000085800000| Untracked 
|  99|0x0000000088900000, 0x0000000088900000, 0x0000000088a00000|  0%| F|  |TAMS 0x0000000088900000, 0x0000000088900000| Untracked 
| 100|0x0000000088a00000, 0x0000000088a00000, 0x0000000088b00000|  0%| F|  |TAMS 0x0000000088a00000, 0x0000000088a00000| Untracked 
| 101|0x0000000088b00000, 0x0000000088b7d8e8, 0x0000000088c00000| 49%| E|  |TAMS 0x0000000088b00000, 0x0000000088b00000| Complete 
| 102|0x0000000088c00000, 0x0000000088d00000, 0x0000000088d00000|100%| E|CS|TAMS 0x0000000088c00000, 0x0000000088c00000| Complete 
| 103|0x0000000088d00000, 0x0000000088e00000, 0x0000000088e00000|100%| E|CS|TAMS 0x0000000088d00000, 0x0000000088d00000| Complete 
| 104|0x0000000088e00000, 0x0000000088f00000, 0x0000000088f00000|100%| E|CS|TAMS 0x0000000088e00000, 0x0000000088e00000| Complete 
| 105|0x0000000088f00000, 0x0000000089000000, 0x0000000089000000|100%| E|CS|TAMS 0x0000000088f00000, 0x0000000088f00000| Complete 
| 106|0x0000000089000000, 0x0000000089100000, 0x0000000089100000|100%| E|CS|TAMS 0x0000000089000000, 0x0000000089000000| Complete 
| 125|0x000000008a300000, 0x000000008a400000, 0x000000008a400000|100%| E|CS|TAMS 0x000000008a300000, 0x000000008a300000| Complete 

Card table byte_map: [0x0000023fde9d0000,0x0000023fdedc0000] _byte_map_base: 0x0000023fde5bd000

Marking Bits (Prev, Next): (CMBitMap*) 0x0000023fc5b58b00, (CMBitMap*) 0x0000023fc5b58b40
 Prev Bits: [0x0000023fdf1b0000, 0x0000023fe1118000)
 Next Bits: [0x0000023fe1120000, 0x0000023fe3088000)

Polling page: 0x0000023fc5bc0000

Metaspace:

Usage:
  Non-class:     25.20 MB used.
      Class:      4.11 MB used.
       Both:     29.30 MB used.

Virtual space:
  Non-class space:       32.00 MB reserved,      25.38 MB ( 79%) committed,  4 nodes.
      Class space:        1.00 GB reserved,       4.19 MB ( <1%) committed,  1 nodes.
             Both:        1.03 GB reserved,      29.56 MB (  3%) committed. 

Chunk freelists:
   Non-Class:  2.33 MB
       Class:  3.75 MB
        Both:  6.08 MB

MaxMetaspaceSize: unlimited
CompressedClassSpaceSize: 1.00 GB
Initial GC threshold: 21.00 MB
Current GC threshold: 47.62 MB
CDS: on
MetaspaceReclaimPolicy: balanced
 - commit_granule_bytes: 65536.
 - commit_granule_words: 8192.
 - virtual_space_node_default_size: 1048576.
 - enlarge_chunks_in_place: 1.
 - new_chunks_are_fully_committed: 0.
 - uncommit_free_chunks: 1.
 - use_allocation_guard: 0.
 - handle_deallocations: 1.


Internal statistics:

num_allocs_failed_limit: 5.
num_arena_births: 310.
num_arena_deaths: 0.
num_vsnodes_births: 5.
num_vsnodes_deaths: 0.
num_space_committed: 473.
num_space_uncommitted: 0.
num_chunks_returned_to_freelist: 5.
num_chunks_taken_from_freelist: 1210.
num_chunk_merges: 5.
num_chunk_splits: 853.
num_chunks_enlarged: 665.
num_purges: 0.
num_inconsistent_stats: 0.

CodeHeap 'non-profiled nmethods': size=120000Kb used=2476Kb max_used=2476Kb free=117524Kb
 bounds [0x0000023fd6650000, 0x0000023fd68c0000, 0x0000023fddb80000]
CodeHeap 'profiled nmethods': size=120000Kb used=12643Kb max_used=12643Kb free=107356Kb
 bounds [0x0000023fceb80000, 0x0000023fcf7e0000, 0x0000023fd60b0000]
CodeHeap 'non-nmethods': size=5760Kb used=1517Kb max_used=1631Kb free=4242Kb
 bounds [0x0000023fd60b0000, 0x0000023fd6320000, 0x0000023fd6650000]
 total_blobs=7094 nmethods=6195 adapters=811
 compilation: enabled
              stopped_count=0, restarted_count=0
 full_count=0

Compilation events (20 events):
Event: 14.189 Thread 0x0000023fe5b41cd0 6106       1       com.sun.glass.ui.Screen::getPlatformY (5 bytes)
Event: 14.189 Thread 0x0000023fe5b41cd0 nmethod 6106 0x0000023fd68b7e90 code [0x0000023fd68b8020, 0x0000023fd68b80f8]
Event: 14.189 Thread 0x0000023fe5b41cd0 6107       2       com.sun.javafx.event.CompositeEventHandler::dispatchBubblingEvent (57 bytes)
Event: 14.190 Thread 0x0000023fe5b41cd0 nmethod 6107 0x0000023fcf79f490 code [0x0000023fcf79f660, 0x0000023fcf79f898]
Event: 14.240 Thread 0x0000023fe5b41cd0 6109       1       com.sun.javafx.tk.quantum.GlassScene::getStage (5 bytes)
Event: 14.240 Thread 0x0000023fe5b41cd0 nmethod 6109 0x0000023fd68b8590 code [0x0000023fd68b8720, 0x0000023fd68b87f8]
Event: 14.240 Thread 0x0000023fe5b41cd0 6110       1       javafx.scene.input.MouseEvent::getPickResult (5 bytes)
Event: 14.240 Thread 0x0000023fe5b41cd0 nmethod 6110 0x0000023fd68b8890 code [0x0000023fd68b8a20, 0x0000023fd68b8af8]
Event: 14.253 Thread 0x0000023fe5b41cd0 6111       2       java.util.concurrent.locks.AbstractQueuedSynchronizer::casTail (13 bytes)
Event: 14.254 Thread 0x0000023fe5b41cd0 nmethod 6111 0x0000023fcf79fa10 code [0x0000023fcf79fba0, 0x0000023fcf79fd18]
Event: 14.268 Thread 0x0000023fe5b41cd0 6112       1       com.sun.glass.ui.Window$UndecoratedMoveResizeHelper::inMove (5 bytes)
Event: 14.268 Thread 0x0000023fe5b41cd0 nmethod 6112 0x0000023fd68b8b90 code [0x0000023fd68b8d20, 0x0000023fd68b8df8]
Event: 14.268 Thread 0x0000023fe5b41cd0 6113       1       com.sun.glass.ui.Window$UndecoratedMoveResizeHelper::inResize (5 bytes)
Event: 14.268 Thread 0x0000023fe5b41cd0 nmethod 6113 0x0000023fd68b8e90 code [0x0000023fd68b9020, 0x0000023fd68b90f8]
Event: 14.286 Thread 0x0000023fe5b41cd0 6115       2       java.util.concurrent.locks.AbstractQueuedSynchronizer$Node::clearStatus (12 bytes)
Event: 14.286 Thread 0x0000023fe5b41cd0 nmethod 6115 0x0000023fcf79fd90 code [0x0000023fcf79ff20, 0x0000023fcf7a0068]
Event: 14.287 Thread 0x0000023fe5b41cd0 6116       2       jdk.internal.misc.Unsafe::putIntOpaque (9 bytes)
Event: 14.287 Thread 0x0000023fe5b41cd0 nmethod 6116 0x0000023fcf7a0110 code [0x0000023fcf7a02a0, 0x0000023fcf7a03b8]
Event: 14.287 Thread 0x0000023fe5b41cd0 6117       2       com.sun.scenario.animation.shared.TimelineClipCore::setTime (17 bytes)
Event: 14.287 Thread 0x0000023fe5b41cd0 nmethod 6117 0x0000023fcf7a0490 code [0x0000023fcf7a0640, 0x0000023fcf7a07b8]

GC Heap History (20 events):
Event: 4.264 GC heap before
{Heap before GC invocations=1 (full 0):
 garbage-first heap   total 129024K, used 34880K [0x0000000082600000, 0x0000000100000000)
  region size 1024K, 34 young (34816K), 3 survivors (3072K)
 Metaspace       used 17545K, committed 17792K, reserved 1064960K
  class space    used 2245K, committed 2368K, reserved 1048576K
}
Event: 4.280 GC heap after
{Heap after GC invocations=2 (full 0):
 garbage-first heap   total 129024K, used 8492K [0x0000000082600000, 0x0000000100000000)
  region size 1024K, 5 young (5120K), 5 survivors (5120K)
 Metaspace       used 17545K, committed 17792K, reserved 1064960K
  class space    used 2245K, committed 2368K, reserved 1048576K
}
Event: 5.426 GC heap before
{Heap before GC invocations=2 (full 0):
 garbage-first heap   total 129024K, used 26924K [0x0000000082600000, 0x0000000100000000)
  region size 1024K, 24 young (24576K), 5 survivors (5120K)
 Metaspace       used 21287K, committed 21504K, reserved 1073152K
  class space    used 2971K, committed 3072K, reserved 1048576K
}
Event: 5.438 GC heap after
{Heap after GC invocations=3 (full 0):
 garbage-first heap   total 129024K, used 11564K [0x0000000082600000, 0x0000000100000000)
  region size 1024K, 8 young (8192K), 8 survivors (8192K)
 Metaspace       used 21287K, committed 21504K, reserved 1073152K
  class space    used 2971K, committed 3072K, reserved 1048576K
}
Event: 6.423 GC heap before
{Heap before GC invocations=4 (full 0):
 garbage-first heap   total 45056K, used 29996K [0x0000000082600000, 0x0000000100000000)
  region size 1024K, 26 young (26624K), 8 survivors (8192K)
 Metaspace       used 24880K, committed 25152K, reserved 1073152K
  class space    used 3596K, committed 3712K, reserved 1048576K
}
Event: 6.440 GC heap after
{Heap after GC invocations=5 (full 0):
 garbage-first heap   total 45056K, used 14577K [0x0000000082600000, 0x0000000100000000)
  region size 1024K, 4 young (4096K), 4 survivors (4096K)
 Metaspace       used 24880K, committed 25152K, reserved 1073152K
  class space    used 3596K, committed 3712K, reserved 1048576K
}
Event: 6.498 GC heap before
{Heap before GC invocations=5 (full 0):
 garbage-first heap   total 45056K, used 14577K [0x0000000082600000, 0x0000000100000000)
  region size 1024K, 5 young (5120K), 4 survivors (4096K)
 Metaspace       used 25078K, committed 25344K, reserved 1073152K
  class space    used 3643K, committed 3776K, reserved 1048576K
}
Event: 6.502 GC heap after
{Heap after GC invocations=6 (full 0):
 garbage-first heap   total 45056K, used 15228K [0x0000000082600000, 0x0000000100000000)
  region size 1024K, 1 young (1024K), 1 survivors (1024K)
 Metaspace       used 25078K, committed 25344K, reserved 1073152K
  class space    used 3643K, committed 3776K, reserved 1048576K
}
Event: 6.992 GC heap before
{Heap before GC invocations=6 (full 0):
 garbage-first heap   total 45056K, used 30588K [0x0000000082600000, 0x0000000100000000)
  region size 1024K, 16 young (16384K), 1 survivors (1024K)
 Metaspace       used 26435K, committed 26688K, reserved 1073152K
  class space    used 3893K, committed 4032K, reserved 1048576K
}
Event: 6.998 GC heap after
{Heap after GC invocations=7 (full 0):
 garbage-first heap   total 45056K, used 18984K [0x0000000082600000, 0x0000000100000000)
  region size 1024K, 2 young (2048K), 2 survivors (2048K)
 Metaspace       used 26435K, committed 26688K, reserved 1073152K
  class space    used 3893K, committed 4032K, reserved 1048576K
}
Event: 7.341 GC heap before
{Heap before GC invocations=7 (full 0):
 garbage-first heap   total 45056K, used 31272K [0x0000000082600000, 0x0000000100000000)
  region size 1024K, 14 young (14336K), 2 survivors (2048K)
 Metaspace       used 26799K, committed 27008K, reserved 1073152K
  class space    used 3941K, committed 4032K, reserved 1048576K
}
Event: 7.350 GC heap after
{Heap after GC invocations=8 (full 0):
 garbage-first heap   total 56320K, used 22528K [0x0000000082600000, 0x0000000100000000)
  region size 1024K, 2 young (2048K), 2 survivors (2048K)
 Metaspace       used 26799K, committed 27008K, reserved 1073152K
  class space    used 3941K, committed 4032K, reserved 1048576K
}
Event: 7.965 GC heap before
{Heap before GC invocations=8 (full 0):
 garbage-first heap   total 56320K, used 39936K [0x0000000082600000, 0x0000000100000000)
  region size 1024K, 19 young (19456K), 2 survivors (2048K)
 Metaspace       used 27340K, committed 27648K, reserved 1073152K
  class space    used 3973K, committed 4096K, reserved 1048576K
}
Event: 7.979 GC heap after
{Heap after GC invocations=9 (full 0):
 garbage-first heap   total 56320K, used 27534K [0x0000000082600000, 0x0000000100000000)
  region size 1024K, 3 young (3072K), 3 survivors (3072K)
 Metaspace       used 27340K, committed 27648K, reserved 1073152K
  class space    used 3973K, committed 4096K, reserved 1048576K
}
Event: 8.840 GC heap before
{Heap before GC invocations=9 (full 0):
 garbage-first heap   total 56320K, used 40846K [0x0000000082600000, 0x0000000100000000)
  region size 1024K, 16 young (16384K), 3 survivors (3072K)
 Metaspace       used 27836K, committed 28160K, reserved 1073152K
  class space    used 4008K, committed 4160K, reserved 1048576K
}
Event: 8.851 GC heap after
{Heap after GC invocations=10 (full 0):
 garbage-first heap   total 56320K, used 31182K [0x0000000082600000, 0x0000000100000000)
  region size 1024K, 2 young (2048K), 2 survivors (2048K)
 Metaspace       used 27836K, committed 28160K, reserved 1073152K
  class space    used 4008K, committed 4160K, reserved 1048576K
}
Event: 9.255 GC heap before
{Heap before GC invocations=10 (full 0):
 garbage-first heap   total 56320K, used 36302K [0x0000000082600000, 0x0000000100000000)
  region size 1024K, 8 young (8192K), 2 survivors (2048K)
 Metaspace       used 28859K, committed 29184K, reserved 1081344K
  class space    used 4113K, committed 4224K, reserved 1048576K
}
Event: 9.266 GC heap after
{Heap after GC invocations=11 (full 0):
 garbage-first heap   total 56320K, used 33441K [0x0000000082600000, 0x0000000100000000)
  region size 1024K, 2 young (2048K), 2 survivors (2048K)
 Metaspace       used 28859K, committed 29184K, reserved 1081344K
  class space    used 4113K, committed 4224K, reserved 1048576K
}
Event: 13.143 GC heap before
{Heap before GC invocations=12 (full 0):
 garbage-first heap   total 61440K, used 43681K [0x0000000082600000, 0x0000000100000000)
  region size 1024K, 11 young (11264K), 2 survivors (2048K)
 Metaspace       used 29645K, committed 29888K, reserved 1081344K
  class space    used 4190K, committed 4288K, reserved 1048576K
}
Event: 13.151 GC heap after
{Heap after GC invocations=13 (full 0):
 garbage-first heap   total 61440K, used 36952K [0x0000000082600000, 0x0000000100000000)
  region size 1024K, 2 young (2048K), 2 survivors (2048K)
 Metaspace       used 29645K, committed 29888K, reserved 1081344K
  class space    used 4190K, committed 4288K, reserved 1048576K
}

Deoptimization events (20 events):
Event: 13.722 Thread 0x0000023fe6ef7c90 DEOPT PACKING pc=0x0000023fcf6827c4 sp=0x0000006ebd4fb4b0
Event: 13.722 Thread 0x0000023fe6ef7c90 DEOPT UNPACKING pc=0x0000023fd6102b43 sp=0x0000006ebd4fa908 mode 0
Event: 13.726 Thread 0x0000023fe6ef7c90 DEOPT PACKING pc=0x0000023fcf6827c4 sp=0x0000006ebd4fbd50
Event: 13.726 Thread 0x0000023fe6ef7c90 DEOPT UNPACKING pc=0x0000023fd6102b43 sp=0x0000006ebd4fb1a8 mode 0
Event: 13.730 Thread 0x0000023fe6ef7c90 DEOPT PACKING pc=0x0000023fcf6827c4 sp=0x0000006ebd4fcb30
Event: 13.730 Thread 0x0000023fe6ef7c90 DEOPT UNPACKING pc=0x0000023fd6102b43 sp=0x0000006ebd4fbf88 mode 0
Event: 13.730 Thread 0x0000023fe6ef7c90 DEOPT PACKING pc=0x0000023fcf6827c4 sp=0x0000006ebd4fcb30
Event: 13.730 Thread 0x0000023fe6ef7c90 DEOPT UNPACKING pc=0x0000023fd6102b43 sp=0x0000006ebd4fbf88 mode 0
Event: 13.730 Thread 0x0000023fe6ef7c90 DEOPT PACKING pc=0x0000023fcf6827c4 sp=0x0000006ebd4fcb30
Event: 13.730 Thread 0x0000023fe6ef7c90 DEOPT UNPACKING pc=0x0000023fd6102b43 sp=0x0000006ebd4fbf88 mode 0
Event: 13.731 Thread 0x0000023fe6ef7c90 DEOPT PACKING pc=0x0000023fcf6827c4 sp=0x0000006ebd4fcb30
Event: 13.731 Thread 0x0000023fe6ef7c90 DEOPT UNPACKING pc=0x0000023fd6102b43 sp=0x0000006ebd4fbf88 mode 0
Event: 13.732 Thread 0x0000023fe6ef7c90 DEOPT PACKING pc=0x0000023fcf6827c4 sp=0x0000006ebd4fcb30
Event: 13.732 Thread 0x0000023fe6ef7c90 DEOPT UNPACKING pc=0x0000023fd6102b43 sp=0x0000006ebd4fbf88 mode 0
Event: 13.733 Thread 0x0000023fe6ef7c90 DEOPT PACKING pc=0x0000023fcf6827c4 sp=0x0000006ebd4fcb30
Event: 13.733 Thread 0x0000023fe6ef7c90 DEOPT UNPACKING pc=0x0000023fd6102b43 sp=0x0000006ebd4fbf88 mode 0
Event: 13.733 Thread 0x0000023fe6ef7c90 DEOPT PACKING pc=0x0000023fcf6827c4 sp=0x0000006ebd4fcb30
Event: 13.733 Thread 0x0000023fe6ef7c90 DEOPT UNPACKING pc=0x0000023fd6102b43 sp=0x0000006ebd4fbf88 mode 0
Event: 13.733 Thread 0x0000023fe6ef7c90 DEOPT PACKING pc=0x0000023fcf6827c4 sp=0x0000006ebd4fcb30
Event: 13.733 Thread 0x0000023fe6ef7c90 DEOPT UNPACKING pc=0x0000023fd6102b43 sp=0x0000006ebd4fbf88 mode 0

Classes unloaded (0 events):
No events

Classes redefined (0 events):
No events

Internal exceptions (20 events):
Event: 5.997 Thread 0x0000023fe6fa11b0 Exception <a 'java/io/FileNotFoundException'{0x00000000840ef130}> (0x00000000840ef130) 
thrown [s\open\src\hotspot\share\prims\jni.cpp, line 516]
Event: 6.135 Thread 0x0000023fe6fa11b0 Exception <a 'java/lang/ClassNotFoundException'{0x0000000083d55c90}: sun/util/logging/resources/spi/loggingProvider> (0x0000000083d55c90) 
thrown [s\open\src\hotspot\share\classfile\systemDictionary.cpp, line 256]
Event: 6.168 Thread 0x0000023fe6fa11b0 Exception <a 'java/lang/ClassNotFoundException'{0x0000000083dfbbc8}: com/sun/javafx/scene/control/skin/resources/controls> (0x0000000083dfbbc8) 
thrown [s\open\src\hotspot\share\prims\jni.cpp, line 535]
Event: 6.169 Thread 0x0000023fe6fa11b0 Exception <a 'java/lang/ClassNotFoundException'{0x0000000083c09e20}: com/sun/javafx/scene/control/skin/resources/controls_en> (0x0000000083c09e20) 
thrown [s\open\src\hotspot\share\prims\jni.cpp, line 535]
Event: 6.170 Thread 0x0000023fe6fa11b0 Exception <a 'java/lang/ClassNotFoundException'{0x0000000083c0b6f8}: com/sun/javafx/scene/control/skin/resources/controls_en_US> (0x0000000083c0b6f8) 
thrown [s\open\src\hotspot\share\prims\jni.cpp, line 535]
Event: 6.703 Thread 0x0000023fe6fa11b0 Exception <a 'java/lang/NoSuchMethodError'{0x0000000088bbc570}: 'void java.lang.invoke.DirectMethodHandle$Holder.invokeSpecialIFC(java.lang.Object, java.lang.Object, java.lang.Object, java.lang.Object)'> (0x0000000088bbc570) 
thrown [s\open\src\hotspot\share\interpreter\linkResolver.cpp, line 759]
Event: 6.728 Thread 0x0000023fe6fa11b0 Exception <a 'java/lang/NoSuchMethodError'{0x0000000088ad1c70}: 'int java.lang.invoke.DirectMethodHandle$Holder.invokeSpecial(java.lang.Object, java.lang.Object, int)'> (0x0000000088ad1c70) 
thrown [s\open\src\hotspot\share\interpreter\linkResolver.cpp, line 759]
Event: 7.301 Thread 0x0000023fe6fa11b0 Exception <a 'java/io/FileNotFoundException'{0x00000000846063c8}> (0x00000000846063c8) 
thrown [s\open\src\hotspot\share\prims\jni.cpp, line 516]
Event: 7.301 Thread 0x0000023fe6fa11b0 Exception <a 'java/io/FileNotFoundException'{0x00000000846079c8}> (0x00000000846079c8) 
thrown [s\open\src\hotspot\share\prims\jni.cpp, line 516]
Event: 7.301 Thread 0x0000023fe6fa11b0 Exception <a 'java/io/FileNotFoundException'{0x0000000084608fe0}> (0x0000000084608fe0) 
thrown [s\open\src\hotspot\share\prims\jni.cpp, line 516]
Event: 7.301 Thread 0x0000023fe6fa11b0 Exception <a 'java/io/FileNotFoundException'{0x000000008460a5e0}> (0x000000008460a5e0) 
thrown [s\open\src\hotspot\share\prims\jni.cpp, line 516]
Event: 7.368 Thread 0x0000023fe6fa11b0 Exception <a 'java/io/FileNotFoundException'{0x000000008a34aac0}> (0x000000008a34aac0) 
thrown [s\open\src\hotspot\share\prims\jni.cpp, line 516]
Event: 7.368 Thread 0x0000023fe6fa11b0 Exception <a 'java/io/FileNotFoundException'{0x000000008a34c610}> (0x000000008a34c610) 
thrown [s\open\src\hotspot\share\prims\jni.cpp, line 516]
Event: 7.368 Thread 0x0000023fe6fa11b0 Exception <a 'java/io/FileNotFoundException'{0x000000008a34e178}> (0x000000008a34e178) 
thrown [s\open\src\hotspot\share\prims\jni.cpp, line 516]
Event: 7.369 Thread 0x0000023fe6fa11b0 Exception <a 'java/io/FileNotFoundException'{0x000000008a34fcc8}> (0x000000008a34fcc8) 
thrown [s\open\src\hotspot\share\prims\jni.cpp, line 516]
Event: 8.632 Thread 0x0000023fe6fa11b0 Exception <a 'java/lang/NoSuchMethodError'{0x00000000852487c8}: 'long java.lang.invoke.DirectMethodHandle$Holder.invokeStatic(java.lang.Object, java.lang.Object, java.lang.Object)'> (0x00000000852487c8) 
thrown [s\open\src\hotspot\share\interpreter\linkResolver.cpp, line 759]
Event: 8.634 Thread 0x0000023fe6fa11b0 Exception <a 'java/lang/NoSuchMethodError'{0x000000008524c218}: 'long java.lang.invoke.DirectMethodHandle$Holder.invokeStaticInit(java.lang.Object, java.lang.Object, java.lang.Object)'> (0x000000008524c218) 
thrown [s\open\src\hotspot\share\interpreter\linkResolver.cpp, line 759]
Event: 8.647 Thread 0x0000023fe6fa11b0 Exception <a 'java/lang/NoSuchMethodError'{0x0000000085264120}: 'java.lang.Object java.lang.invoke.DirectMethodHandle$Holder.newInvokeSpecial(java.lang.Object, java.lang.Object, long)'> (0x0000000085264120) 
thrown [s\open\src\hotspot\share\interpreter\linkResolver.cpp, line 759]
Event: 8.650 Thread 0x0000023fe6fa11b0 Exception <a 'java/lang/NoSuchMethodError'{0x0000000085267c90}: 'java.lang.Object java.lang.invoke.Invokers$Holder.linkToTargetMethod(java.lang.Object, long, java.lang.Object)'> (0x0000000085267c90) 
thrown [s\open\src\hotspot\share\interpreter\linkResolver.cpp, line 759]
Event: 9.695 Thread 0x0000023fe6ef7c90 Exception <a 'java/lang/NoSuchMethodError'{0x00000000890847f8}: 'java.lang.Object java.lang.invoke.DirectMethodHandle$Holder.invokeStaticInit(java.lang.Object, int)'> (0x00000000890847f8) 
thrown [s\open\src\hotspot\share\interpreter\linkResolver.cpp, line 759]

VM Operations (20 events):
Event: 7.965 Executing VM operation: G1CollectForAllocation
Event: 7.979 Executing VM operation: G1CollectForAllocation done
Event: 8.684 Executing VM operation: ICBufferFull
Event: 8.684 Executing VM operation: ICBufferFull done
Event: 8.840 Executing VM operation: G1CollectForAllocation
Event: 8.851 Executing VM operation: G1CollectForAllocation done
Event: 9.255 Executing VM operation: G1TryInitiateConcMark
Event: 9.266 Executing VM operation: G1TryInitiateConcMark done
Event: 9.389 Executing VM operation: G1Concurrent
Event: 9.395 Executing VM operation: G1Concurrent done
Event: 9.448 Executing VM operation: G1Concurrent
Event: 9.449 Executing VM operation: G1Concurrent done
Event: 11.449 Executing VM operation: Cleanup
Event: 11.449 Executing VM operation: Cleanup done
Event: 12.369 Executing VM operation: HandshakeAllThreads
Event: 12.369 Executing VM operation: HandshakeAllThreads done
Event: 13.143 Executing VM operation: G1CollectForAllocation
Event: 13.152 Executing VM operation: G1CollectForAllocation done
Event: 14.153 Executing VM operation: Cleanup
Event: 14.154 Executing VM operation: Cleanup done

Events (20 events):
Event: 9.185 loading class jdk/internal/ref/CleanerImpl$InnocuousThreadFactory
Event: 9.185 loading class jdk/internal/ref/CleanerImpl$InnocuousThreadFactory done
Event: 9.186 Thread 0x0000023fec7bb060 Thread added: 0x0000023fec7bb060
Event: 9.206 loading class sun/misc/Unsafe
Event: 9.207 loading class sun/misc/Unsafe done
Event: 9.209 loading class jdk/internal/reflect/UnsafeFieldAccessorFactory
Event: 9.209 loading class jdk/internal/reflect/UnsafeFieldAccessorFactory done
Event: 9.209 loading class jdk/internal/reflect/UnsafeQualifiedStaticObjectFieldAccessorImpl
Event: 9.209 loading class jdk/internal/reflect/UnsafeQualifiedStaticFieldAccessorImpl
Event: 9.209 loading class jdk/internal/reflect/UnsafeQualifiedStaticFieldAccessorImpl done
Event: 9.210 loading class jdk/internal/reflect/UnsafeQualifiedStaticObjectFieldAccessorImpl done
Event: 11.344 Thread 0x0000023ff02680e0 Thread exited: 0x0000023ff02680e0
Event: 11.351 Thread 0x0000023ff02680e0 Thread added: 0x0000023ff02680e0
Event: 11.592 loading class java/util/EnumMap$Values
Event: 11.592 loading class java/util/EnumMap$Values done
Event: 11.592 loading class java/util/EnumMap$ValueIterator
Event: 11.592 loading class java/util/EnumMap$EnumMapIterator
Event: 11.593 loading class java/util/EnumMap$EnumMapIterator done
Event: 11.593 loading class java/util/EnumMap$ValueIterator done
Event: 11.791 Thread 0x0000023ff02680e0 Thread exited: 0x0000023ff02680e0


Dynamic libraries:
0x00007ff695140000 - 0x00007ff695150000 	D:\SDKs\Java SDKs\17.0.6\bin\java.exe
0x00007ff932d10000 - 0x00007ff932f27000 	C:\WINDOWS\SYSTEM32\ntdll.dll
0x00007ff931f30000 - 0x00007ff931ff4000 	C:\WINDOWS\System32\KERNEL32.DLL
0x00007ff9301e0000 - 0x00007ff9305b3000 	C:\WINDOWS\System32\KERNELBASE.dll
0x00007ff9305c0000 - 0x00007ff9306d1000 	C:\WINDOWS\System32\ucrtbase.dll
0x00007ff926780000 - 0x00007ff926798000 	D:\SDKs\Java SDKs\17.0.6\bin\jli.dll
0x00007ff929200000 - 0x00007ff92921b000 	D:\SDKs\Java SDKs\17.0.6\bin\VCRUNTIME140.dll
0x00007ff9309a0000 - 0x00007ff930a51000 	C:\WINDOWS\System32\ADVAPI32.dll
0x00007ff930d90000 - 0x00007ff930e37000 	C:\WINDOWS\System32\msvcrt.dll
0x00007ff9328b0000 - 0x00007ff932957000 	C:\WINDOWS\System32\sechost.dll
0x00007ff92ffb0000 - 0x00007ff92ffd8000 	C:\WINDOWS\System32\bcrypt.dll
0x00007ff930e40000 - 0x00007ff930f54000 	C:\WINDOWS\System32\RPCRT4.dll
0x00007ff931520000 - 0x00007ff9316d1000 	C:\WINDOWS\System32\USER32.dll
0x00007ff930970000 - 0x00007ff930996000 	C:\WINDOWS\System32\win32u.dll
0x00007ff916ef0000 - 0x00007ff91718b000 	C:\WINDOWS\WinSxS\amd64_microsoft.windows.common-controls_6595b64144ccf1df_6.0.22621.5240_none_2710eadf7384a318\COMCTL32.dll
0x00007ff931ef0000 - 0x00007ff931f19000 	C:\WINDOWS\System32\GDI32.dll
0x00007ff92fe80000 - 0x00007ff92ffa4000 	C:\WINDOWS\System32\gdi32full.dll
0x00007ff930760000 - 0x00007ff9307fa000 	C:\WINDOWS\System32\msvcp_win.dll
0x00007ff929090000 - 0x00007ff92909a000 	C:\WINDOWS\SYSTEM32\VERSION.dll
0x00007ff932c90000 - 0x00007ff932cc1000 	C:\WINDOWS\System32\IMM32.DLL
0x00007ff927ab0000 - 0x00007ff927abc000 	D:\SDKs\Java SDKs\17.0.6\bin\vcruntime140_1.dll
0x00007ff9266f0000 - 0x00007ff92677e000 	D:\SDKs\Java SDKs\17.0.6\bin\msvcp140.dll
0x00007ff8aeda0000 - 0x00007ff8af977000 	D:\SDKs\Java SDKs\17.0.6\bin\server\jvm.dll
0x00007ff9318d0000 - 0x00007ff9318d8000 	C:\WINDOWS\System32\PSAPI.DLL
0x00007ff927aa0000 - 0x00007ff927aa9000 	C:\WINDOWS\SYSTEM32\WSOCK32.dll
0x00007ff9296e0000 - 0x00007ff929714000 	C:\WINDOWS\SYSTEM32\WINMM.dll
0x00007ff930b60000 - 0x00007ff930bd1000 	C:\WINDOWS\System32\WS2_32.dll
0x00007ff92ee80000 - 0x00007ff92ee98000 	C:\WINDOWS\SYSTEM32\kernel.appcore.dll
0x00007ff9267c0000 - 0x00007ff9267ca000 	D:\SDKs\Java SDKs\17.0.6\bin\jimage.dll
0x00007ff92d9c0000 - 0x00007ff92dbf2000 	C:\WINDOWS\SYSTEM32\DBGHELP.DLL
0x00007ff931b50000 - 0x00007ff931ee3000 	C:\WINDOWS\System32\combase.dll
0x00007ff930a80000 - 0x00007ff930b57000 	C:\WINDOWS\System32\OLEAUT32.dll
0x00007ff90d210000 - 0x00007ff90d242000 	C:\WINDOWS\SYSTEM32\dbgcore.DLL
0x00007ff92fe00000 - 0x00007ff92fe7b000 	C:\WINDOWS\System32\bcryptPrimitives.dll
0x00007ff9266c0000 - 0x00007ff9266e5000 	D:\SDKs\Java SDKs\17.0.6\bin\java.dll
0x00007ff90efc0000 - 0x00007ff90f097000 	D:\SDKs\Java SDKs\17.0.6\bin\jsvml.dll
0x00007ff932000000 - 0x00007ff9328a2000 	C:\WINDOWS\System32\SHELL32.dll
0x00007ff92ffe0000 - 0x00007ff93011f000 	C:\WINDOWS\System32\wintypes.dll
0x00007ff92df50000 - 0x00007ff92e86d000 	C:\WINDOWS\SYSTEM32\windows.storage.dll
0x00007ff9319c0000 - 0x00007ff931acb000 	C:\WINDOWS\System32\SHCORE.dll
0x00007ff930f80000 - 0x00007ff930fe9000 	C:\WINDOWS\System32\shlwapi.dll
0x00007ff92fd30000 - 0x00007ff92fd5b000 	C:\WINDOWS\SYSTEM32\profapi.dll
0x00007ff9266a0000 - 0x00007ff9266b9000 	D:\SDKs\Java SDKs\17.0.6\bin\net.dll
0x00007ff928f10000 - 0x00007ff92903c000 	C:\WINDOWS\SYSTEM32\WINHTTP.dll
0x00007ff92f2f0000 - 0x00007ff92f35a000 	C:\WINDOWS\system32\mswsock.dll
0x00007ff926680000 - 0x00007ff926696000 	D:\SDKs\Java SDKs\17.0.6\bin\nio.dll
0x00007ff926660000 - 0x00007ff926678000 	D:\SDKs\Java SDKs\17.0.6\bin\zip.dll
0x0000023fc5c00000 - 0x0000023fc5c03000 	C:\Users\Rukshan Vimukthi\.openjfx\cache\17.0.2-ea\api-ms-win-core-console-l1-1-0.dll
0x0000023fc5c10000 - 0x0000023fc5c13000 	C:\Users\Rukshan Vimukthi\.openjfx\cache\17.0.2-ea\api-ms-win-core-console-l1-2-0.dll
0x0000023fe5ba0000 - 0x0000023fe5ba3000 	C:\Users\Rukshan Vimukthi\.openjfx\cache\17.0.2-ea\api-ms-win-core-datetime-l1-1-0.dll
0x0000023fe5bb0000 - 0x0000023fe5bb3000 	C:\Users\Rukshan Vimukthi\.openjfx\cache\17.0.2-ea\api-ms-win-core-debug-l1-1-0.dll
0x0000023fe5bc0000 - 0x0000023fe5bc3000 	C:\Users\Rukshan Vimukthi\.openjfx\cache\17.0.2-ea\api-ms-win-core-errorhandling-l1-1-0.dll
0x0000023fe5bd0000 - 0x0000023fe5bd4000 	C:\Users\Rukshan Vimukthi\.openjfx\cache\17.0.2-ea\api-ms-win-core-file-l1-1-0.dll
0x0000023fe5be0000 - 0x0000023fe5be3000 	C:\Users\Rukshan Vimukthi\.openjfx\cache\17.0.2-ea\api-ms-win-core-file-l1-2-0.dll
0x0000023fe5bf0000 - 0x0000023fe5bf3000 	C:\Users\Rukshan Vimukthi\.openjfx\cache\17.0.2-ea\api-ms-win-core-file-l2-1-0.dll
0x0000023fe7110000 - 0x0000023fe7113000 	C:\Users\Rukshan Vimukthi\.openjfx\cache\17.0.2-ea\api-ms-win-core-handle-l1-1-0.dll
0x0000023fe7120000 - 0x0000023fe7123000 	C:\Users\Rukshan Vimukthi\.openjfx\cache\17.0.2-ea\api-ms-win-core-heap-l1-1-0.dll
0x0000023fe7130000 - 0x0000023fe7133000 	C:\Users\Rukshan Vimukthi\.openjfx\cache\17.0.2-ea\api-ms-win-core-interlocked-l1-1-0.dll
0x0000023fe7140000 - 0x0000023fe7143000 	C:\Users\Rukshan Vimukthi\.openjfx\cache\17.0.2-ea\api-ms-win-core-libraryloader-l1-1-0.dll
0x0000023fe7150000 - 0x0000023fe7153000 	C:\Users\Rukshan Vimukthi\.openjfx\cache\17.0.2-ea\api-ms-win-core-localization-l1-2-0.dll
0x0000023fe7160000 - 0x0000023fe7163000 	C:\Users\Rukshan Vimukthi\.openjfx\cache\17.0.2-ea\api-ms-win-core-memory-l1-1-0.dll
0x0000023fe7170000 - 0x0000023fe7173000 	C:\Users\Rukshan Vimukthi\.openjfx\cache\17.0.2-ea\api-ms-win-core-namedpipe-l1-1-0.dll
0x0000023fe7180000 - 0x0000023fe7183000 	C:\Users\Rukshan Vimukthi\.openjfx\cache\17.0.2-ea\api-ms-win-core-processenvironment-l1-1-0.dll
0x0000023fe7190000 - 0x0000023fe7193000 	C:\Users\Rukshan Vimukthi\.openjfx\cache\17.0.2-ea\api-ms-win-core-processthreads-l1-1-0.dll
0x0000023fe71a0000 - 0x0000023fe71a3000 	C:\Users\Rukshan Vimukthi\.openjfx\cache\17.0.2-ea\api-ms-win-core-processthreads-l1-1-1.dll
0x0000023fe71b0000 - 0x0000023fe71b3000 	C:\Users\Rukshan Vimukthi\.openjfx\cache\17.0.2-ea\api-ms-win-core-profile-l1-1-0.dll
0x0000023fe71c0000 - 0x0000023fe71c3000 	C:\Users\Rukshan Vimukthi\.openjfx\cache\17.0.2-ea\api-ms-win-core-rtlsupport-l1-1-0.dll
0x0000023fe71d0000 - 0x0000023fe71d3000 	C:\Users\Rukshan Vimukthi\.openjfx\cache\17.0.2-ea\api-ms-win-core-string-l1-1-0.dll
0x0000023fe71e0000 - 0x0000023fe71e3000 	C:\Users\Rukshan Vimukthi\.openjfx\cache\17.0.2-ea\api-ms-win-core-synch-l1-1-0.dll
0x0000023fe71f0000 - 0x0000023fe71f3000 	C:\Users\Rukshan Vimukthi\.openjfx\cache\17.0.2-ea\api-ms-win-core-synch-l1-2-0.dll
0x0000023fe7200000 - 0x0000023fe7203000 	C:\Users\Rukshan Vimukthi\.openjfx\cache\17.0.2-ea\api-ms-win-core-sysinfo-l1-1-0.dll
0x0000023fe7210000 - 0x0000023fe7213000 	C:\Users\Rukshan Vimukthi\.openjfx\cache\17.0.2-ea\api-ms-win-core-timezone-l1-1-0.dll
0x0000023fe7220000 - 0x0000023fe7223000 	C:\Users\Rukshan Vimukthi\.openjfx\cache\17.0.2-ea\api-ms-win-core-util-l1-1-0.dll
0x0000023fe7230000 - 0x0000023fe7233000 	C:\Users\Rukshan Vimukthi\.openjfx\cache\17.0.2-ea\api-ms-win-crt-conio-l1-1-0.dll
0x0000023fe7240000 - 0x0000023fe7244000 	C:\Users\Rukshan Vimukthi\.openjfx\cache\17.0.2-ea\api-ms-win-crt-convert-l1-1-0.dll
0x0000023fe7250000 - 0x0000023fe7253000 	C:\Users\Rukshan Vimukthi\.openjfx\cache\17.0.2-ea\api-ms-win-crt-environment-l1-1-0.dll
0x0000023fe7260000 - 0x0000023fe7263000 	C:\Users\Rukshan Vimukthi\.openjfx\cache\17.0.2-ea\api-ms-win-crt-filesystem-l1-1-0.dll
0x0000023fe7270000 - 0x0000023fe7273000 	C:\Users\Rukshan Vimukthi\.openjfx\cache\17.0.2-ea\api-ms-win-crt-heap-l1-1-0.dll
0x0000023fe7280000 - 0x0000023fe7283000 	C:\Users\Rukshan Vimukthi\.openjfx\cache\17.0.2-ea\api-ms-win-crt-locale-l1-1-0.dll
0x0000023fe7290000 - 0x0000023fe7295000 	C:\Users\Rukshan Vimukthi\.openjfx\cache\17.0.2-ea\api-ms-win-crt-math-l1-1-0.dll
0x0000023fe72a0000 - 0x0000023fe72a5000 	C:\Users\Rukshan Vimukthi\.openjfx\cache\17.0.2-ea\api-ms-win-crt-multibyte-l1-1-0.dll
0x0000023fe72b0000 - 0x0000023fe72c0000 	C:\Users\Rukshan Vimukthi\.openjfx\cache\17.0.2-ea\api-ms-win-crt-private-l1-1-0.dll
0x0000023fe72c0000 - 0x0000023fe72c3000 	C:\Users\Rukshan Vimukthi\.openjfx\cache\17.0.2-ea\api-ms-win-crt-process-l1-1-0.dll
0x0000023fe72d0000 - 0x0000023fe72d4000 	C:\Users\Rukshan Vimukthi\.openjfx\cache\17.0.2-ea\api-ms-win-crt-runtime-l1-1-0.dll
0x0000023fe72e0000 - 0x0000023fe72e4000 	C:\Users\Rukshan Vimukthi\.openjfx\cache\17.0.2-ea\api-ms-win-crt-stdio-l1-1-0.dll
0x0000023fe72f0000 - 0x0000023fe72f4000 	C:\Users\Rukshan Vimukthi\.openjfx\cache\17.0.2-ea\api-ms-win-crt-string-l1-1-0.dll
0x0000023fe7300000 - 0x0000023fe7303000 	C:\Users\Rukshan Vimukthi\.openjfx\cache\17.0.2-ea\api-ms-win-crt-time-l1-1-0.dll
0x0000023fe7310000 - 0x0000023fe7313000 	C:\Users\Rukshan Vimukthi\.openjfx\cache\17.0.2-ea\api-ms-win-crt-utility-l1-1-0.dll
0x00007ff8a02c0000 - 0x00007ff8a03bc000 	C:\Users\Rukshan Vimukthi\.openjfx\cache\17.0.2-ea\ucrtbase.dll
0x00007ff8f40d0000 - 0x00007ff8f40ea000 	C:\Users\Rukshan Vimukthi\.openjfx\cache\17.0.2-ea\vcruntime140.dll
0x00007ff90e120000 - 0x00007ff90e12c000 	C:\Users\Rukshan Vimukthi\.openjfx\cache\17.0.2-ea\vcruntime140_1.dll
0x00007ff89ed20000 - 0x00007ff89edad000 	C:\Users\Rukshan Vimukthi\.openjfx\cache\17.0.2-ea\msvcp140.dll
0x00007ff8f2090000 - 0x00007ff8f20ba000 	C:\Users\Rukshan Vimukthi\.openjfx\cache\17.0.2-ea\prism_d3d.dll
0x00007ff8f2be0000 - 0x00007ff8f2d88000 	C:\WINDOWS\system32\d3d9.dll
0x00007ff92d290000 - 0x00007ff92d2be000 	C:\WINDOWS\SYSTEM32\dwmapi.dll
0x00007ff92d120000 - 0x00007ff92d157000 	C:\WINDOWS\SYSTEM32\dxcore.dll
0x00007ff92d020000 - 0x00007ff92d0d4000 	C:\WINDOWS\system32\uxtheme.dll
0x00007ff8f2a30000 - 0x00007ff8f2bdd000 	C:\WINDOWS\System32\DriverStore\FileRepository\iigd_dch.inf_amd64_9c0096d37b5f610a\igdumdim64.dll
0x00007ff930be0000 - 0x00007ff930d81000 	C:\WINDOWS\System32\ole32.dll
0x00007ff8a0e90000 - 0x00007ff8a3f34000 	C:\WINDOWS\System32\DriverStore\FileRepository\iigd_dch.inf_amd64_9c0096d37b5f610a\igd9dxva64.dll
0x00007ff930ff0000 - 0x00007ff931464000 	C:\WINDOWS\System32\SETUPAPI.dll
0x00007ff92faa0000 - 0x00007ff92faee000 	C:\WINDOWS\SYSTEM32\cfgmgr32.dll
0x00007ff91b660000 - 0x00007ff91ba69000 	C:\WINDOWS\System32\DriverStore\FileRepository\iigd_dch.inf_amd64_9c0096d37b5f610a\igdgmm64.dll
0x00007ff927ff0000 - 0x00007ff92803a000 	C:\WINDOWS\SYSTEM32\directxdatabasehelper.dll
0x00007ff8d0ac0000 - 0x00007ff8d0b02000 	C:\Users\Rukshan Vimukthi\.openjfx\cache\17.0.2-ea\glass.dll
0x00007ff932b80000 - 0x00007ff932c84000 	C:\WINDOWS\System32\COMDLG32.dll
0x00007ff9316e0000 - 0x00007ff931840000 	C:\WINDOWS\System32\MSCTF.dll
0x00007ff8f0460000 - 0x00007ff8f0487000 	C:\WINDOWS\System32\DriverStore\FileRepository\iigd_dch.inf_amd64_9c0096d37b5f610a\igdinfo64.dll
0x00007ff917340000 - 0x00007ff91aad6000 	C:\WINDOWS\System32\DriverStore\FileRepository\iigd_dch.inf_amd64_9c0096d37b5f610a\igc64.dll
0x00007ff8d4780000 - 0x00007ff8d4794000 	C:\Users\Rukshan Vimukthi\.openjfx\cache\17.0.2-ea\javafx_font.dll
0x00007ff92a530000 - 0x00007ff92a7a8000 	C:\WINDOWS\SYSTEM32\dwrite.dll
0x00007ff92f640000 - 0x00007ff92f65b000 	C:\WINDOWS\SYSTEM32\CRYPTSP.dll
0x00007ff92ede0000 - 0x00007ff92ee17000 	C:\WINDOWS\system32\rsaenh.dll
0x00007ff92f390000 - 0x00007ff92f3b8000 	C:\WINDOWS\SYSTEM32\USERENV.dll
0x00007ff92f620000 - 0x00007ff92f62c000 	C:\WINDOWS\SYSTEM32\CRYPTBASE.dll
0x00007ff92de20000 - 0x00007ff92de4d000 	C:\WINDOWS\SYSTEM32\IPHLPAPI.DLL
0x00007ff9318e0000 - 0x00007ff9318e9000 	C:\WINDOWS\System32\NSI.dll
0x00007ff9290a0000 - 0x00007ff9290b9000 	C:\WINDOWS\SYSTEM32\dhcpcsvc6.DLL
0x00007ff928ef0000 - 0x00007ff928f0f000 	C:\WINDOWS\SYSTEM32\dhcpcsvc.DLL
0x00007ff92de50000 - 0x00007ff92df48000 	C:\WINDOWS\SYSTEM32\DNSAPI.dll
0x0000000070750000 - 0x0000000070776000 	C:\Program Files\Bonjour\mdnsNSP.dll
0x00007ff92c190000 - 0x00007ff92c19a000 	C:\Windows\System32\rasadhlp.dll
0x00007ff927310000 - 0x00007ff927393000 	C:\WINDOWS\System32\fwpuclnt.dll
0x00007ff912820000 - 0x00007ff91282d000 	D:\SDKs\Java SDKs\17.0.6\bin\sunmscapi.dll
0x00007ff930800000 - 0x00007ff930967000 	C:\WINDOWS\System32\CRYPT32.dll
0x00007ff92f6d0000 - 0x00007ff92f6fd000 	C:\WINDOWS\SYSTEM32\ncrypt.dll
0x00007ff92f680000 - 0x00007ff92f6b7000 	C:\WINDOWS\SYSTEM32\NTASN1.dll
0x00007ff931470000 - 0x00007ff931520000 	C:\WINDOWS\System32\clbcatq.dll

dbghelp: loaded successfully - version: 4.0.5 - missing functions: none
symbol engine: initialized successfully - sym options: 0x614 - pdb path: .;D:\SDKs\Java SDKs\17.0.6\bin;C:\WINDOWS\SYSTEM32;C:\WINDOWS\WinSxS\amd64_microsoft.windows.common-controls_6595b64144ccf1df_6.0.22621.5240_none_2710eadf7384a318;D:\SDKs\Java SDKs\17.0.6\bin\server;C:\Users\Rukshan Vimukthi\.openjfx\cache\17.0.2-ea;C:\WINDOWS\System32\DriverStore\FileRepository\iigd_dch.inf_amd64_9c0096d37b5f610a;C:\WINDOWS\System32\DriverStore\FileRepository\nvbl.inf_amd64_28e16711616e3987;C:\Program Files\Bonjour;C:\Program Files\Common Files\Microsoft Shared\Ink

VM Arguments:
jvm_args: -Dfile.encoding=windows-1252 -Duser.country=US -Duser.language=en -Duser.variant --module-path=E:\Rukshan\NewApplications\SFC POS Software Application\InventoryManagementSystem\build\libs\InventoryManagementSystem-1.0-SNAPSHOT.jar;E:\Rukshan\NewApplications\SFC POS Software Application\InventoryManagementSystem\build\classes\java\main;C:\Users\Rukshan Vimukthi\.gradle\caches\modules-2\files-2.1\org.openjfx\javafx-fxml\17.0.2\5079f88d5345e988222c90a345ad682b7aaccad3\javafx-fxml-17.0.2-win.jar;C:\Users\Rukshan Vimukthi\.gradle\caches\modules-2\files-2.1\org.openjfx\javafx-controls\17.0.2\707f290bacde2738c0a7e1d0b4a8193002c29cf7\javafx-controls-17.0.2-win.jar;C:\Users\Rukshan Vimukthi\.gradle\caches\modules-2\files-2.1\org.openjfx\javafx-controls\17.0.2\f52640ea07a0d7fe2ac8b9f945ec58fa22ac1afd\javafx-controls-17.0.2.jar;C:\Users\Rukshan Vimukthi\.gradle\caches\modules-2\files-2.1\org.openjfx\javafx-graphics\17.0.2\6f95886c8fed3e1b21370a199c3937846ef6b3cc\javafx-graphics-17.0.2-win.jar;C:\Users\Rukshan Vimukthi\.gradle\caches\modules-2\files-2.1\org.openjfx\javafx-graphics\17.0.2\1eb7ce07e07ccc2fcb26103f07535e72069519d6\javafx-graphics-17.0.2.jar;C:\Users\Rukshan Vimukthi\.gradle\caches\modules-2\files-2.1\org.openjfx\javafx-base\17.0.2\1bd6dc88b180a6239a5067320c2f0d7f3526e1d2\javafx-base-17.0.2-win.jar;C:\Users\Rukshan Vimukthi\.gradle\caches\modules-2\files-2.1\org.openjfx\javafx-base\17.0.2\ca46f15a306175ac1513211e1d190a5baacd77cc\javafx-base-17.0.2.jar;C:\Users\Rukshan Vimukthi\.gradle\caches\modules-2\files-2.1\org.controlsfx\controlsfx\11.1.1\d303c563c23d5176346e8d05932afbec421060ae\controlsfx-11.1.1.jar;C:\Users\Rukshan Vimukthi\.gradle\caches\modules-2\files-2.1\com.dlsc.formsfx\formsfx-core\11.5.0\4e6bc5b8ba4633b1c59d19380623c980eb81e7c2\formsfx-core-11.5.0.jar;C:\Users\Rukshan Vimukthi\.gradle\caches\modules-2\files-2.1\org.kordamp.bootstrapfx\bootstrapfx-core\0.4.0\8d019b30266c00770cf29921d1008ad7feed0ed6\bootstrapfx-core-0.4.0.jar;C:\Users\Rukshan Vimukthi\.gradle\caches\modules-2\files-2.1\org.kordamp.ikonli\ikonli-javafx\12.3.1\6df78c-Djdk.module.main=com.example.inventorymanagementsystem 
java_command: com.example.inventorymanagementsystem/com.example.inventorymanagementsystem.InventoryManagementApplication
java_class_path (initial): E:\Rukshan\NewApplications\SFC POS Software Application\InventoryManagementSystem\build\resources\main;C:\Users\Rukshan Vimukthi\.gradle\caches\modules-2\files-2.1\com.mysql\mysql-connector-j\8.3.0\1cc7fa5d61f4bbc113531a4ba6d85d41cf3d57e1\mysql-connector-j-8.3.0.jar;C:\Users\Rukshan Vimukthi\.gradle\caches\modules-2\files-2.1\com.google.protobuf\protobuf-java\3.25.1\2933a5c3f022456d8842323fe0d7fb2d25a7e3c7\protobuf-java-3.25.1.jar
Launcher Type: SUN_STANDARD

[Global flags]
     intx CICompilerCount                          = 4                                         {product} {ergonomic}
     uint ConcGCThreads                            = 2                                         {product} {ergonomic}
     uint G1ConcRefinementThreads                  = 8                                         {product} {ergonomic}
   size_t G1HeapRegionSize                         = 1048576                                   {product} {ergonomic}
    uintx GCDrainStackTargetSize                   = 64                                        {product} {ergonomic}
   size_t InitialHeapSize                          = 132120576                                 {product} {ergonomic}
   size_t MarkStackSize                            = 4194304                                   {product} {ergonomic}
   size_t MaxHeapSize                              = 2107637760                                {product} {ergonomic}
   size_t MaxNewSize                               = 1264582656                                {product} {ergonomic}
   size_t MinHeapDeltaBytes                        = 1048576                                   {product} {ergonomic}
   size_t MinHeapSize                              = 8388608                                   {product} {ergonomic}
    uintx NonNMethodCodeHeapSize                   = 5839372                                {pd product} {ergonomic}
    uintx NonProfiledCodeHeapSize                  = 122909434                              {pd product} {ergonomic}
    uintx ProfiledCodeHeapSize                     = 122909434                              {pd product} {ergonomic}
    uintx ReservedCodeCacheSize                    = 251658240                              {pd product} {ergonomic}
     bool SegmentedCodeCache                       = true                                      {product} {ergonomic}
   size_t SoftMaxHeapSize                          = 2107637760                             {manageable} {ergonomic}
     bool UseCompressedClassPointers               = true                           {product lp64_product} {ergonomic}
     bool UseCompressedOops                        = true                           {product lp64_product} {ergonomic}
     bool UseG1GC                                  = true                                      {product} {ergonomic}
     bool UseLargePagesIndividualAllocation        = false                                  {pd product} {ergonomic}

Logging:
Log output configuration:
 #0: stdout all=warning uptime,level,tags
 #1: stderr all=off uptime,level,tags

Environment Variables:
JAVA_HOME=C:\Program Files\Eclipse Foundation\jdk-8.0.302.8-hotspot
PATH=D:\Python\python-3.9.2\Scripts\;D:\Python\python-3.9.2\;C:\Python311\Scripts\;C:\Python311\;C:\Program Files\Common Files\Oracle\Java\javapath;C:\Program Files (x86)\Common Files\Oracle\Java\javapath;C:\Program Files\Eclipse Foundation\jdk-8.0.302.8-hotspot\bin;C:\Program Files\NVIDIA GPU Computing Toolkit\CUDA\v11.6\bin;C:\Program Files\NVIDIA GPU Computing Toolkit\CUDA\v11.6\libnvvp;D:\ImageMagick-7.1.0-Q16;C:\Windows\system32;C:\Windows;C:\Windows\System32\Wbem;C:\Windows\System32\WindowsPowerShell\v1.0\;C:\Windows\System32\OpenSSH\;C:\Program Files\Microsoft SQL Server\130\Tools\Binn\;C:\Program Files\Microsoft SQL Server\Client SDK\ODBC\170\Tools\Binn\;C:\Program Files (x86)\NVIDIA Corporation\PhysX\Common;C:\Program Files\NVIDIA Corporation\NVIDIA NvDLISR;C:\WINDOWS\system32;C:\WINDOWS;C:\WINDOWS\System32\Wbem;C:\WINDOWS\System32\WindowsPowerShell\v1.0\;C:\WINDOWS\System32\OpenSSH\;D:\CMake\bin;D:\masm32\bin\;D:\Python\python-3.9.8\;D:\Python\python-3.9.8\Scripts\;C:\Program Files\NVIDIA Corporation\Nsight Compute 2022.1.0\;D:\zlib123dllx64\dll_x64\;D:\Putty\;D:\Git\cmd;D:\gradle_\gradle-7.4.2\bin;C:\WINDOWS\system32;C:\WINDOWS;C:\WINDOWS\System32\Wbem;C:\WINDOWS\System32\WindowsPowerShell\v1.0\;C:\WINDOWS\System32\OpenSSH\;D:\cudnn-11.3-windows-x64-v8.2.1.32\cuda\lib\x64\;C:\Program Files (x86)\Microsoft Visual Studio\2019\Community\VC\Tools\MSVC\14.28.29910\bin\Hostx64\x64;D:\Microchip\bin;C:\Program Files (x86)\IncrediBuild;C:\Program Files\dotnet\;D:\Microsoft VS Code\bin;C:\ProgramData\chocolatey\bin;D:\composer;D:\opencv-4.0.0\build\java\x64;C:\Program Files\MySQL\MySQL Server 8.0\bin;D:\stripe_1.21.10_windows_x86_64;D:\nodejs\;D:\glassfish5\bin;;C:\Program Files\Docker\Docker\resources\bin;C:\Program Files\MySQL\MySQL Shell 8.0\bin\;D:\Python\python-3.9.8\Scripts\;D:\Python\python-3.9.8\;C:\Users\Rukshan Vimukthi\.cargo\bin;C:\Users\Rukshan Vimukthi\AppData\Local\Microsoft\WindowsApps;D:\PyCharm Community Edition 2020.2.3\bin;;D:\IntelliJ IDEA Communi
USERNAME=TECHLIX
OS=Windows_NT
PROCESSOR_IDENTIFIER=Intel64 Family 6 Model 142 Stepping 12, GenuineIntel



---------------  S Y S T E M  ---------------

OS:
 Windows 11 , 64 bit Build 22621 (10.0.22621.5305)
OS uptime: 0 days 5:54 hours
Hyper-V role detected

CPU: total 8 (initial active 8) (4 cores per cpu, 2 threads per core) family 6 model 142 stepping 12 microcode 0xfe, cx8, cmov, fxsr, ht, mmx, 3dnowpref, sse, sse2, sse3, ssse3, sse4.1, sse4.2, popcnt, lzcnt, tsc, tscinvbit, avx, avx2, aes, erms, clmul, bmi1, bmi2, adx, fma, vzeroupper, clflush, clflushopt, hv

Memory: 4k page, system-wide physical 8038M (357M free)
TotalPageFile size 10086M (AvailPageFile size 15M)
current process WorkingSet (physical memory assigned to process): 282M, peak: 286M
current process commit charge ("private bytes"): 311M, peak: 319M

vm_info: Java HotSpot(TM) 64-Bit Server VM (17.0.6+9-LTS-190) for windows-amd64 JRE (17.0.6+9-LTS-190), built on Dec  6 2022 15:53:54 by "mach5one" with MS VC++ 17.1 (VS2022)

END.
