#
# There is insufficient memory for the Java Runtime Environment to continue.
# Native memory allocation (malloc) failed to allocate 2674512 bytes for Chunk::new
# Possible reasons:
#   The system is out of physical RAM or swap space
#   The process is running with CompressedOops enabled, and the Java Heap may be blocking the growth of the native heap
# Possible solutions:
#   Reduce memory load on the system
#   Increase physical memory or swap space
#   Check if swap backing store is full
#   Decrease Java heap size (-Xmx/-Xms)
#   Decrease number of Java threads
#   Decrease Java thread stack sizes (-Xss)
#   Set larger code cache with -XX:ReservedCodeCacheSize=
#   JVM is running with Unscaled Compressed Oops mode in which the Java heap is
#     placed in the first 4GB address space. The Java Heap base address is the
#     maximum limit for the native heap growth. Please use -XX:HeapBaseMinAddress
#     to set the Java Heap base and to place the Java Heap above 4GB virtual address.
# This output file may be truncated or incomplete.
#
#  Out of Memory Error (arena.cpp:189), pid=16816, tid=16604
#
# JRE version: Java(TM) SE Runtime Environment (17.0.6+9) (build 17.0.6+9-LTS-190)
# Java VM: Java HotSpot(TM) 64-Bit Server VM (17.0.6+9-LTS-190, mixed mode, sharing, tiered, compressed oops, compressed class ptrs, g1 gc, windows-amd64)
# No core dump will be written. Minidumps are not enabled by default on client versions of Windows
#

---------------  S U M M A R Y ------------

Command Line: -Dfile.encoding=windows-1252 -Duser.country=US -Duser.language=en -Duser.variant --module-path=E:\Rukshan\NewApplications\SFC POS Software Application\InventoryManagementSystem\build\libs\InventoryManagementSystem-1.0-SNAPSHOT.jar;E:\Rukshan\NewApplications\SFC POS Software Application\InventoryManagementSystem\build\classes\java\main;C:\Users\Rukshan Vimukthi\.gradle\caches\modules-2\files-2.1\org.openjfx\javafx-fxml\17.0.2\5079f88d5345e988222c90a345ad682b7aaccad3\javafx-fxml-17.0.2-win.jar;C:\Users\Rukshan Vimukthi\.gradle\caches\modules-2\files-2.1\org.openjfx\javafx-controls\17.0.2\707f290bacde2738c0a7e1d0b4a8193002c29cf7\javafx-controls-17.0.2-win.jar;C:\Users\Rukshan Vimukthi\.gradle\caches\modules-2\files-2.1\org.openjfx\javafx-controls\17.0.2\f52640ea07a0d7fe2ac8b9f945ec58fa22ac1afd\javafx-controls-17.0.2.jar;C:\Users\Rukshan Vimukthi\.gradle\caches\modules-2\files-2.1\org.openjfx\javafx-graphics\17.0.2\6f95886c8fed3e1b21370a199c3937846ef6b3cc\javafx-graphics-17.0.2-win.jar;C:\Users\Rukshan Vimukthi\.gradle\caches\modules-2\files-2.1\org.openjfx\javafx-graphics\17.0.2\1eb7ce07e07ccc2fcb26103f07535e72069519d6\javafx-graphics-17.0.2.jar;C:\Users\Rukshan Vimukthi\.gradle\caches\modules-2\files-2.1\org.openjfx\javafx-base\17.0.2\1bd6dc88b180a6239a5067320c2f0d7f3526e1d2\javafx-base-17.0.2-win.jar;C:\Users\Rukshan Vimukthi\.gradle\caches\modules-2\files-2.1\org.openjfx\javafx-base\17.0.2\ca46f15a306175ac1513211e1d190a5baacd77cc\javafx-base-17.0.2.jar;C:\Users\Rukshan Vimukthi\.gradle\caches\modules-2\files-2.1\org.controlsfx\controlsfx\11.1.1\d303c563c23d5176346e8d05932afbec421060ae\controlsfx-11.1.1.jar;C:\Users\Rukshan Vimukthi\.gradle\caches\modules-2\files-2.1\com.dlsc.formsfx\formsfx-core\11.5.0\4e6bc5b8ba4633b1c59d19380623c980eb81e7c2\formsfx-core-11.5.0.jar;C:\Users\Rukshan Vimukthi\.gradle\caches\modules-2\files-2.1\org.kordamp.bootstrapfx\bootstrapfx-core\0.4.0\8d019b30266c00770cf29921d1008ad7feed0ed6\bootstrapfx-core-0.4.0.jar;C:\Users\Rukshan Vimukthi\.gradle\caches\modules-2\files-2.1\org.kordamp.ikonli\ikonli-javafx\12.3.1\6df78c-Djdk.module.main=com.example.inventorymanagementsystem com.example.inventorymanagementsystem/com.example.inventorymanagementsystem.InventoryManagementApplication

Host: Intel(R) Core(TM) i7-10510U CPU @ 1.80GHz, 8 cores, 7G,  Windows 11 , 64 bit Build 22621 (10.0.22621.5305)
Time: Sat May 31 22:21:34 2025 Sri Lanka Standard Time elapsed time: 10.197397 seconds (0d 0h 0m 10s)

---------------  T H R E A D  ---------------

Current thread (0x000002c8d2c92640):  JavaThread "C2 CompilerThread0" daemon [_thread_in_native, id=16604, stack(0x000000f89e400000,0x000000f89e500000)]


Current CompileTask:
C2:  10197 4794   !   4       javafx.scene.CssStyleHelper::transitionToState (1031 bytes)

Stack: [0x000000f89e400000,0x000000f89e500000]
Native frames: (J=compiled Java code, j=interpreted, Vv=VM code, C=native code)
V  [jvm.dll+0x6734ea]
V  [jvm.dll+0x7d18f4]
V  [jvm.dll+0x7d309e]
V  [jvm.dll+0x7d3703]
V  [jvm.dll+0x2433c5]
V  [jvm.dll+0xaa46b]
V  [jvm.dll+0xaaa0c]
V  [jvm.dll+0x35eb2e]
V  [jvm.dll+0x329401]
V  [jvm.dll+0x32889a]
V  [jvm.dll+0x215ddf]
V  [jvm.dll+0x215211]
V  [jvm.dll+0x1a1730]
V  [jvm.dll+0x224b6e]
V  [jvm.dll+0x222f15]
V  [jvm.dll+0x78753c]
V  [jvm.dll+0x781a7a]
V  [jvm.dll+0x672375]
C  [ucrtbase.dll+0x29333]
C  [KERNEL32.DLL+0x1259d]
C  [ntdll.dll+0x5af78]


---------------  P R O C E S S  ---------------

Threads class SMR info:
_java_thread_list=0x000002c8d39c3370, length=21, elements={
0x000002c8b4bfda80, 0x000002c8d2c72670, 0x000002c8d2c744f0, 0x000002c8d2c8d3d0,
0x000002c8d2c8de90, 0x000002c8d2c90760, 0x000002c8d2c91110, 0x000002c8d2c92640,
0x000002c8d2c94d00, 0x000002c8d2c98230, 0x000002c8d2c5d300, 0x000002c8d39ab2f0,
0x000002c8d3dd9690, 0x000002c8d3dd7e80, 0x000002c8d3dd91c0, 0x000002c8d3ddb840,
0x000002c8d3dd9b60, 0x000002c8d3dda030, 0x000002c8d9304000, 0x000002c8d3ddb370,
0x000002c8d39c4720
}

Java Threads: ( => current thread )
  0x000002c8b4bfda80 JavaThread "main" [_thread_blocked, id=3616, stack(0x000000f89d700000,0x000000f89d800000)]
  0x000002c8d2c72670 JavaThread "Reference Handler" daemon [_thread_blocked, id=6804, stack(0x000000f89de00000,0x000000f89df00000)]
  0x000002c8d2c744f0 JavaThread "Finalizer" daemon [_thread_blocked, id=2796, stack(0x000000f89df00000,0x000000f89e000000)]
  0x000002c8d2c8d3d0 JavaThread "Signal Dispatcher" daemon [_thread_blocked, id=240, stack(0x000000f89e000000,0x000000f89e100000)]
  0x000002c8d2c8de90 JavaThread "Attach Listener" daemon [_thread_blocked, id=13100, stack(0x000000f89e100000,0x000000f89e200000)]
  0x000002c8d2c90760 JavaThread "Service Thread" daemon [_thread_blocked, id=4692, stack(0x000000f89e200000,0x000000f89e300000)]
  0x000002c8d2c91110 JavaThread "Monitor Deflation Thread" daemon [_thread_blocked, id=14096, stack(0x000000f89e300000,0x000000f89e400000)]
=>0x000002c8d2c92640 JavaThread "C2 CompilerThread0" daemon [_thread_in_native, id=16604, stack(0x000000f89e400000,0x000000f89e500000)]
  0x000002c8d2c94d00 JavaThread "C1 CompilerThread0" daemon [_thread_blocked, id=16852, stack(0x000000f89e500000,0x000000f89e600000)]
  0x000002c8d2c98230 JavaThread "Sweeper thread" daemon [_thread_blocked, id=19188, stack(0x000000f89e600000,0x000000f89e700000)]
  0x000002c8d2c5d300 JavaThread "Common-Cleaner" daemon [_thread_blocked, id=3992, stack(0x000000f89e700000,0x000000f89e800000)]
  0x000002c8d39ab2f0 JavaThread "Notification Thread" daemon [_thread_blocked, id=18704, stack(0x000000f89ea00000,0x000000f89eb00000)]
  0x000002c8d3dd9690 JavaThread "QuantumRenderer-0" daemon [_thread_blocked, id=19052, stack(0x000000f89e800000,0x000000f89e900000)]
  0x000002c8d3dd7e80 JavaThread "InvokeLaterDispatcher" daemon [_thread_blocked, id=12064, stack(0x000000f89ec00000,0x000000f89ed00000)]
  0x000002c8d3dd91c0 JavaThread "JavaFX Application Thread" [_thread_in_native, id=19016, stack(0x000000f89ed00000,0x000000f89ee00000)]
  0x000002c8d3ddb840 JavaThread "Thread-1" daemon [_thread_in_native, id=18292, stack(0x000000f89f000000,0x000000f89f100000)]
  0x000002c8d3dd9b60 JavaThread "JavaFX-Launcher" [_thread_blocked, id=10696, stack(0x000000f89f100000,0x000000f89f200000)]
  0x000002c8d3dda030 JavaThread "Prism Font Disposer" daemon [_thread_blocked, id=5100, stack(0x000000f89f700000,0x000000f89f800000)]
  0x000002c8d9304000 JavaThread "C2 CompilerThread1" daemon [_thread_blocked, id=17716, stack(0x000000f89f800000,0x000000f89f900000)]
  0x000002c8d3ddb370 JavaThread "mysql-cj-abandoned-connection-cleanup" daemon [_thread_blocked, id=11736, stack(0x000000f89f900000,0x000000f89fa00000)]
  0x000002c8d39c4720 JavaThread "C2 CompilerThread2" daemon [_thread_in_native, id=6996, stack(0x000000f89fd00000,0x000000f89fe00000)]

Other Threads:
  0x000002c8d2c6e2e0 VMThread "VM Thread" [stack: 0x000000f89dd00000,0x000000f89de00000] [id=13860]
  0x000002c8d3fd5830 WatcherThread [stack: 0x000000f89eb00000,0x000000f89ec00000] [id=18184]
  0x000002c8b4c57b70 GCTaskThread "GC Thread#0" [stack: 0x000000f89d800000,0x000000f89d900000] [id=15016]
  0x000002c8d919ccf0 GCTaskThread "GC Thread#1" [stack: 0x000000f89f200000,0x000000f89f300000] [id=14192]
  0x000002c8d910dd10 GCTaskThread "GC Thread#2" [stack: 0x000000f89f300000,0x000000f89f400000] [id=15848]
  0x000002c8d9150ca0 GCTaskThread "GC Thread#3" [stack: 0x000000f89f400000,0x000000f89f500000] [id=15936]
  0x000002c8d917c520 GCTaskThread "GC Thread#4" [stack: 0x000000f89f500000,0x000000f89f600000] [id=11480]
  0x000002c8d9247760 GCTaskThread "GC Thread#5" [stack: 0x000000f89f600000,0x000000f89f700000] [id=14248]
  0x000002c8dda3be90 GCTaskThread "GC Thread#6" [stack: 0x000000f89fa00000,0x000000f89fb00000] [id=13956]
  0x000002c8da01e820 GCTaskThread "GC Thread#7" [stack: 0x000000f89fb00000,0x000000f89fc00000] [id=14724]
  0x000002c8b4c69600 ConcurrentGCThread "G1 Main Marker" [stack: 0x000000f89d900000,0x000000f89da00000] [id=17616]
  0x000002c8b4c6a010 ConcurrentGCThread "G1 Conc#0" [stack: 0x000000f89da00000,0x000000f89db00000] [id=15996]
  0x000002c8d93ea950 ConcurrentGCThread "G1 Conc#1" [stack: 0x000000f89fc00000,0x000000f89fd00000] [id=16364]
  0x000002c8d2b2a180 ConcurrentGCThread "G1 Refine#0" [stack: 0x000000f89db00000,0x000000f89dc00000] [id=18436]
  0x000002c8d2b2a9b0 ConcurrentGCThread "G1 Service" [stack: 0x000000f89dc00000,0x000000f89dd00000] [id=15332]

Threads with active compile tasks:
C2 CompilerThread0    10690 4794   !   4       javafx.scene.CssStyleHelper::transitionToState (1031 bytes)
C2 CompilerThread2    10690 5394       4       javafx.scene.Node::updateBounds (174 bytes)

VM state: not at safepoint (normal execution)

VM Mutex/Monitor currently owned by a thread: None

Heap address: 0x0000000082600000, size: 2010 MB, Compressed Oops mode: 32-bit

CDS archive(s) mapped at: [0x0000000800000000-0x0000000800bd0000-0x0000000800bd0000), size 12386304, SharedBaseAddress: 0x0000000800000000, ArchiveRelocationMode: 0.
Compressed class space mapped at: 0x0000000800c00000-0x0000000840c00000, reserved size: 1073741824
Narrow klass base: 0x0000000800000000, Narrow klass shift: 0, Narrow klass range: 0x100000000

GC Precious Log:
 CPUs: 8 total, 8 available
 Memory: 8038M
 Large Page Support: Disabled
 NUMA Support: Disabled
 Compressed Oops: Enabled (32-bit)
 Heap Region Size: 1M
 Heap Min Capacity: 8M
 Heap Initial Capacity: 126M
 Heap Max Capacity: 2010M
 Pre-touch: Disabled
 Parallel Workers: 8
 Concurrent Workers: 2
 Concurrent Refinement Workers: 8
 Periodic GC: Disabled

Heap:
 garbage-first heap   total 58368K, used 38658K [0x0000000082600000, 0x0000000100000000)
  region size 1024K, 12 young (12288K), 3 survivors (3072K)
 Metaspace       used 28284K, committed 28544K, reserved 1081344K
  class space    used 4045K, committed 4160K, reserved 1048576K

Heap Regions: E=young(eden), S=young(survivor), O=old, HS=humongous(starts), HC=humongous(continues), CS=collection set, F=free, OA=open archive, CA=closed archive, TAMS=top-at-mark-start (previous, next)
|   0|0x0000000082600000, 0x0000000082700000, 0x0000000082700000|100%| O|  |TAMS 0x0000000082700000, 0x0000000082600000| Untracked 
|   1|0x0000000082700000, 0x0000000082800000, 0x0000000082800000|100%| O|  |TAMS 0x0000000082800000, 0x0000000082700000| Untracked 
|   2|0x0000000082800000, 0x0000000082900000, 0x0000000082900000|100%| O|  |TAMS 0x0000000082900000, 0x0000000082800000| Untracked 
|   3|0x0000000082900000, 0x0000000082943400, 0x0000000082a00000| 26%| O|  |TAMS 0x0000000082943400, 0x0000000082900000| Untracked 
|   4|0x0000000082a00000, 0x0000000082b00000, 0x0000000082b00000|100%| O|  |TAMS 0x0000000082a00000, 0x0000000082a00000| Untracked 
|   5|0x0000000082b00000, 0x0000000082c00000, 0x0000000082c00000|100%| O|  |TAMS 0x0000000082b00000, 0x0000000082b00000| Untracked 
|   6|0x0000000082c00000, 0x0000000082d00000, 0x0000000082d00000|100%| O|  |TAMS 0x0000000082c00000, 0x0000000082c00000| Untracked 
|   7|0x0000000082d00000, 0x0000000082e00000, 0x0000000082e00000|100%| O|  |TAMS 0x0000000082d00000, 0x0000000082d00000| Untracked 
|   8|0x0000000082e00000, 0x0000000082f00000, 0x0000000082f00000|100%| O|  |TAMS 0x0000000082e00000, 0x0000000082e00000| Untracked 
|   9|0x0000000082f00000, 0x0000000083000000, 0x0000000083000000|100%| O|  |TAMS 0x0000000082f00000, 0x0000000082f00000| Untracked 
|  10|0x0000000083000000, 0x0000000083100000, 0x0000000083100000|100%| O|  |TAMS 0x0000000083000000, 0x0000000083000000| Untracked 
|  11|0x0000000083100000, 0x0000000083200000, 0x0000000083200000|100%| O|  |TAMS 0x0000000083100000, 0x0000000083100000| Untracked 
|  12|0x0000000083200000, 0x0000000083300000, 0x0000000083300000|100%| O|  |TAMS 0x0000000083200000, 0x0000000083200000| Untracked 
|  13|0x0000000083300000, 0x0000000083400000, 0x0000000083400000|100%| O|  |TAMS 0x0000000083300000, 0x0000000083300000| Untracked 
|  14|0x0000000083400000, 0x0000000083500000, 0x0000000083500000|100%| O|  |TAMS 0x0000000083400000, 0x0000000083400000| Untracked 
|  15|0x0000000083500000, 0x0000000083600000, 0x0000000083600000|100%| O|  |TAMS 0x0000000083500000, 0x0000000083500000| Untracked 
|  16|0x0000000083600000, 0x0000000083700000, 0x0000000083700000|100%| O|  |TAMS 0x0000000083600000, 0x0000000083600000| Untracked 
|  17|0x0000000083700000, 0x0000000083800000, 0x0000000083800000|100%| O|  |TAMS 0x0000000083700000, 0x0000000083700000| Untracked 
|  18|0x0000000083800000, 0x0000000083900000, 0x0000000083900000|100%| O|  |TAMS 0x0000000083800000, 0x0000000083800000| Untracked 
|  19|0x0000000083900000, 0x0000000083a00000, 0x0000000083a00000|100%| O|  |TAMS 0x0000000083900000, 0x0000000083900000| Untracked 
|  20|0x0000000083a00000, 0x0000000083b00000, 0x0000000083b00000|100%| O|  |TAMS 0x0000000083a00000, 0x0000000083a00000| Untracked 
|  21|0x0000000083b00000, 0x0000000083c00000, 0x0000000083c00000|100%| O|  |TAMS 0x0000000083b00000, 0x0000000083b00000| Untracked 
|  22|0x0000000083c00000, 0x0000000083d00000, 0x0000000083d00000|100%| O|  |TAMS 0x0000000083c00000, 0x0000000083c00000| Untracked 
|  23|0x0000000083d00000, 0x0000000083e00000, 0x0000000083e00000|100%| O|  |TAMS 0x0000000083d00000, 0x0000000083d00000| Untracked 
|  24|0x0000000083e00000, 0x0000000083f00000, 0x0000000083f00000|100%| O|  |TAMS 0x0000000083e00000, 0x0000000083e00000| Untracked 
|  25|0x0000000083f00000, 0x0000000084000000, 0x0000000084000000|100%| O|  |TAMS 0x0000000083f00000, 0x0000000083f00000| Untracked 
|  26|0x0000000084000000, 0x0000000084100000, 0x0000000084100000|100%| O|  |TAMS 0x0000000084000000, 0x0000000084000000| Untracked 
|  27|0x0000000084100000, 0x000000008417d600, 0x0000000084200000| 48%| O|  |TAMS 0x0000000084100000, 0x0000000084100000| Untracked 
|  28|0x0000000084200000, 0x0000000084200000, 0x0000000084300000|  0%| F|  |TAMS 0x0000000084200000, 0x0000000084200000| Untracked 
|  29|0x0000000084300000, 0x0000000084300000, 0x0000000084400000|  0%| F|  |TAMS 0x0000000084300000, 0x0000000084300000| Untracked 
|  30|0x0000000084400000, 0x0000000084400000, 0x0000000084500000|  0%| F|  |TAMS 0x0000000084400000, 0x0000000084400000| Untracked 
|  31|0x0000000084500000, 0x0000000084500000, 0x0000000084600000|  0%| F|  |TAMS 0x0000000084500000, 0x0000000084500000| Untracked 
|  32|0x0000000084600000, 0x0000000084600000, 0x0000000084700000|  0%| F|  |TAMS 0x0000000084600000, 0x0000000084600000| Untracked 
|  33|0x0000000084700000, 0x0000000084700000, 0x0000000084800000|  0%| F|  |TAMS 0x0000000084700000, 0x0000000084700000| Untracked 
|  34|0x0000000084800000, 0x0000000084800000, 0x0000000084900000|  0%| F|  |TAMS 0x0000000084800000, 0x0000000084800000| Untracked 
|  35|0x0000000084900000, 0x0000000084900000, 0x0000000084a00000|  0%| F|  |TAMS 0x0000000084900000, 0x0000000084900000| Untracked 
|  36|0x0000000084a00000, 0x0000000084a00000, 0x0000000084b00000|  0%| F|  |TAMS 0x0000000084a00000, 0x0000000084a00000| Untracked 
|  37|0x0000000084b00000, 0x0000000084b00000, 0x0000000084c00000|  0%| F|  |TAMS 0x0000000084b00000, 0x0000000084b00000| Untracked 
|  38|0x0000000084c00000, 0x0000000084d00000, 0x0000000084d00000|100%| S|CS|TAMS 0x0000000084c00000, 0x0000000084c00000| Complete 
|  39|0x0000000084d00000, 0x0000000084e00000, 0x0000000084e00000|100%| S|CS|TAMS 0x0000000084d00000, 0x0000000084d00000| Complete 
|  40|0x0000000084e00000, 0x0000000084f00000, 0x0000000084f00000|100%| S|CS|TAMS 0x0000000084e00000, 0x0000000084e00000| Complete 
|  41|0x0000000084f00000, 0x0000000084f00000, 0x0000000085000000|  0%| F|  |TAMS 0x0000000084f00000, 0x0000000084f00000| Untracked 
|  42|0x0000000085000000, 0x0000000085000000, 0x0000000085100000|  0%| F|  |TAMS 0x0000000085000000, 0x0000000085000000| Untracked 
|  43|0x0000000085100000, 0x0000000085100000, 0x0000000085200000|  0%| F|  |TAMS 0x0000000085100000, 0x0000000085100000| Untracked 
|  44|0x0000000085200000, 0x0000000085200000, 0x0000000085300000|  0%| F|  |TAMS 0x0000000085200000, 0x0000000085200000| Untracked 
|  45|0x0000000085300000, 0x0000000085300000, 0x0000000085400000|  0%| F|  |TAMS 0x0000000085300000, 0x0000000085300000| Untracked 
|  46|0x0000000085400000, 0x0000000085400000, 0x0000000085500000|  0%| F|  |TAMS 0x0000000085400000, 0x0000000085400000| Untracked 
|  97|0x0000000088700000, 0x0000000088700000, 0x0000000088800000|  0%| F|  |TAMS 0x0000000088700000, 0x0000000088700000| Untracked 
|  98|0x0000000088800000, 0x00000000888f27c8, 0x0000000088900000| 94%| E|  |TAMS 0x0000000088800000, 0x0000000088800000| Complete 
|  99|0x0000000088900000, 0x0000000088a00000, 0x0000000088a00000|100%| E|CS|TAMS 0x0000000088900000, 0x0000000088900000| Complete 
| 100|0x0000000088a00000, 0x0000000088b00000, 0x0000000088b00000|100%| E|CS|TAMS 0x0000000088a00000, 0x0000000088a00000| Complete 
| 101|0x0000000088b00000, 0x0000000088c00000, 0x0000000088c00000|100%| E|CS|TAMS 0x0000000088b00000, 0x0000000088b00000| Complete 
| 102|0x0000000088c00000, 0x0000000088d00000, 0x0000000088d00000|100%| E|CS|TAMS 0x0000000088c00000, 0x0000000088c00000| Complete 
| 103|0x0000000088d00000, 0x0000000088e00000, 0x0000000088e00000|100%| E|CS|TAMS 0x0000000088d00000, 0x0000000088d00000| Complete 
| 104|0x0000000088e00000, 0x0000000088f00000, 0x0000000088f00000|100%| E|CS|TAMS 0x0000000088e00000, 0x0000000088e00000| Complete 
| 105|0x0000000088f00000, 0x0000000089000000, 0x0000000089000000|100%| E|CS|TAMS 0x0000000088f00000, 0x0000000088f00000| Complete 
| 125|0x000000008a300000, 0x000000008a400000, 0x000000008a400000|100%| E|CS|TAMS 0x000000008a300000, 0x000000008a300000| Complete 

Card table byte_map: [0x000002c8cbb90000,0x000002c8cbf80000] _byte_map_base: 0x000002c8cb77d000

Marking Bits (Prev, Next): (CMBitMap*) 0x000002c8b4c591d0, (CMBitMap*) 0x000002c8b4c59190
 Prev Bits: [0x000002c8ce2e0000, 0x000002c8d0248000)
 Next Bits: [0x000002c8cc370000, 0x000002c8ce2d8000)

Polling page: 0x000002c8b43c0000

Metaspace:

Usage:
  Non-class:     23.67 MB used.
      Class:      3.95 MB used.
       Both:     27.62 MB used.

Virtual space:
  Non-class space:       32.00 MB reserved,      23.81 MB ( 74%) committed,  4 nodes.
      Class space:        1.00 GB reserved,       4.06 MB ( <1%) committed,  1 nodes.
             Both:        1.03 GB reserved,      27.88 MB (  3%) committed. 

Chunk freelists:
   Non-Class:  3.69 MB
       Class:  3.89 MB
        Both:  7.58 MB

MaxMetaspaceSize: unlimited
CompressedClassSpaceSize: 1.00 GB
Initial GC threshold: 21.00 MB
Current GC threshold: 35.12 MB
CDS: on
MetaspaceReclaimPolicy: balanced
 - commit_granule_bytes: 65536.
 - commit_granule_words: 8192.
 - virtual_space_node_default_size: 1048576.
 - enlarge_chunks_in_place: 1.
 - new_chunks_are_fully_committed: 0.
 - uncommit_free_chunks: 1.
 - use_allocation_guard: 0.
 - handle_deallocations: 1.


Internal statistics:

num_allocs_failed_limit: 3.
num_arena_births: 292.
num_arena_deaths: 0.
num_vsnodes_births: 5.
num_vsnodes_deaths: 0.
num_space_committed: 446.
num_space_uncommitted: 0.
num_chunks_returned_to_freelist: 3.
num_chunks_taken_from_freelist: 1128.
num_chunk_merges: 3.
num_chunk_splits: 789.
num_chunks_enlarged: 618.
num_purges: 0.
num_inconsistent_stats: 0.

CodeHeap 'non-profiled nmethods': size=120000Kb used=2369Kb max_used=2369Kb free=117630Kb
 bounds [0x000002c8c3f40000, 0x000002c8c41b0000, 0x000002c8cb470000]
CodeHeap 'profiled nmethods': size=120000Kb used=11762Kb max_used=11762Kb free=108237Kb
 bounds [0x000002c8bc470000, 0x000002c8bcff0000, 0x000002c8c39a0000]
CodeHeap 'non-nmethods': size=5760Kb used=1461Kb max_used=1543Kb free=4298Kb
 bounds [0x000002c8c39a0000, 0x000002c8c3c10000, 0x000002c8c3f40000]
 total_blobs=6215 nmethods=5390 adapters=736
 compilation: enabled
              stopped_count=0, restarted_count=0
 full_count=0

Compilation events (20 events):
Event: 10.176 Thread 0x000002c8d2c94d00 nmethod 5245 0x000002c8bcfa3910 code [0x000002c8bcfa3ac0, 0x000002c8bcfa3c68]
Event: 10.176 Thread 0x000002c8d2c94d00 5268       3       javafx.scene.paint.Paint$1::getPlatformPaint (5 bytes)
Event: 10.177 Thread 0x000002c8d2c94d00 nmethod 5268 0x000002c8bcfa3d10 code [0x000002c8bcfa3ec0, 0x000002c8bcfa4088]
Event: 10.177 Thread 0x000002c8d2c94d00 5246       3       javafx.scene.layout.Region::isScaleShape (19 bytes)
Event: 10.177 Thread 0x000002c8d2c94d00 nmethod 5246 0x000002c8bcfa4190 code [0x000002c8bcfa4340, 0x000002c8bcfa46c8]
Event: 10.177 Thread 0x000002c8d2c94d00 5269       3       javafx.scene.layout.Region::normalize (420 bytes)
Event: 10.182 Thread 0x000002c8d2c94d00 nmethod 5269 0x000002c8bcfa4810 code [0x000002c8bcfa4a80, 0x000002c8bcfa56c8]
Event: 10.183 Thread 0x000002c8d2c94d00 5252       1       javafx.scene.layout.Border::getStrokes (5 bytes)
Event: 10.183 Thread 0x000002c8d2c94d00 nmethod 5252 0x000002c8c4170910 code [0x000002c8c4170aa0, 0x000002c8c4170b78]
Event: 10.183 Thread 0x000002c8d2c94d00 5253       1       javafx.scene.layout.BorderStroke::getRadii (5 bytes)
Event: 10.183 Thread 0x000002c8d2c94d00 nmethod 5253 0x000002c8c4170c10 code [0x000002c8c4170da0, 0x000002c8c4170e78]
Event: 10.183 Thread 0x000002c8d2c94d00 5271       2       javafx.scene.text.Text::getYRendering (186 bytes)
Event: 10.185 Thread 0x000002c8d2c94d00 nmethod 5271 0x000002c8bcfa5990 code [0x000002c8bcfa5ca0, 0x000002c8bcfa6458]
Event: 10.185 Thread 0x000002c8d2c94d00 5272       2       javafx.scene.paint.Color::acc_getPlatformPaint (23 bytes)
Event: 10.186 Thread 0x000002c8d2c94d00 nmethod 5272 0x000002c8bcfa6810 code [0x000002c8bcfa69c0, 0x000002c8bcfa6b78]
Event: 10.186 Thread 0x000002c8d2c94d00 5273       2       com.sun.javafx.scene.shape.ShapeHelper::updatePeerImpl (15 bytes)
Event: 10.186 Thread 0x000002c8d2c94d00 nmethod 5273 0x000002c8bcfa6c90 code [0x000002c8bcfa6e40, 0x000002c8bcfa7078]
Event: 10.186 Thread 0x000002c8d2c94d00 5274       2       javafx.scene.shape.Shape$1::doUpdatePeer (8 bytes)
Event: 10.187 Thread 0x000002c8d2c94d00 nmethod 5274 0x000002c8bcfa7290 code [0x000002c8bcfa7440, 0x000002c8bcfa75a8]
Event: 10.187 Thread 0x000002c8d2c94d00 5276       2       javafx.scene.shape.Shape::updatePGShape (201 bytes)

GC Heap History (14 events):
Event: 0.960 GC heap before
{Heap before GC invocations=0 (full 0):
 garbage-first heap   total 129024K, used 22528K [0x0000000082600000, 0x0000000100000000)
  region size 1024K, 23 young (23552K), 0 survivors (0K)
 Metaspace       used 5141K, committed 5376K, reserved 1056768K
  class space    used 620K, committed 704K, reserved 1048576K
}
Event: 0.973 GC heap after
{Heap after GC invocations=1 (full 0):
 garbage-first heap   total 129024K, used 3168K [0x0000000082600000, 0x0000000100000000)
  region size 1024K, 3 young (3072K), 3 survivors (3072K)
 Metaspace       used 5141K, committed 5376K, reserved 1056768K
  class space    used 620K, committed 704K, reserved 1048576K
}
Event: 3.290 GC heap before
{Heap before GC invocations=1 (full 0):
 garbage-first heap   total 129024K, used 33888K [0x0000000082600000, 0x0000000100000000)
  region size 1024K, 33 young (33792K), 3 survivors (3072K)
 Metaspace       used 17213K, committed 17408K, reserved 1064960K
  class space    used 2190K, committed 2304K, reserved 1048576K
}
Event: 3.320 GC heap after
{Heap after GC invocations=2 (full 0):
 garbage-first heap   total 129024K, used 8461K [0x0000000082600000, 0x0000000100000000)
  region size 1024K, 5 young (5120K), 5 survivors (5120K)
 Metaspace       used 17213K, committed 17408K, reserved 1064960K
  class space    used 2190K, committed 2304K, reserved 1048576K
}
Event: 4.542 GC heap before
{Heap before GC invocations=2 (full 0):
 garbage-first heap   total 129024K, used 27917K [0x0000000082600000, 0x0000000100000000)
  region size 1024K, 25 young (25600K), 5 survivors (5120K)
 Metaspace       used 21297K, committed 21504K, reserved 1073152K
  class space    used 2980K, committed 3072K, reserved 1048576K
}
Event: 4.559 GC heap after
{Heap after GC invocations=3 (full 0):
 garbage-first heap   total 129024K, used 11805K [0x0000000082600000, 0x0000000100000000)
  region size 1024K, 9 young (9216K), 9 survivors (9216K)
 Metaspace       used 21297K, committed 21504K, reserved 1073152K
  class space    used 2980K, committed 3072K, reserved 1048576K
}
Event: 5.654 GC heap before
{Heap before GC invocations=4 (full 0):
 garbage-first heap   total 48128K, used 30237K [0x0000000082600000, 0x0000000100000000)
  region size 1024K, 28 young (28672K), 9 survivors (9216K)
 Metaspace       used 24972K, committed 25216K, reserved 1073152K
  class space    used 3624K, committed 3712K, reserved 1048576K
}
Event: 5.678 GC heap after
{Heap after GC invocations=5 (full 0):
 garbage-first heap   total 48128K, used 14953K [0x0000000082600000, 0x0000000100000000)
  region size 1024K, 4 young (4096K), 4 survivors (4096K)
 Metaspace       used 24972K, committed 25216K, reserved 1073152K
  class space    used 3624K, committed 3712K, reserved 1048576K
}
Event: 6.591 GC heap before
{Heap before GC invocations=5 (full 0):
 garbage-first heap   total 48128K, used 32361K [0x0000000082600000, 0x0000000100000000)
  region size 1024K, 21 young (21504K), 4 survivors (4096K)
 Metaspace       used 26460K, committed 26752K, reserved 1073152K
  class space    used 3896K, committed 4032K, reserved 1048576K
}
Event: 6.609 GC heap after
{Heap after GC invocations=6 (full 0):
 garbage-first heap   total 58368K, used 18624K [0x0000000082600000, 0x0000000100000000)
  region size 1024K, 3 young (3072K), 3 survivors (3072K)
 Metaspace       used 26460K, committed 26752K, reserved 1073152K
  class space    used 3896K, committed 4032K, reserved 1048576K
}
Event: 8.412 GC heap before
{Heap before GC invocations=6 (full 0):
 garbage-first heap   total 58368K, used 40128K [0x0000000082600000, 0x0000000100000000)
  region size 1024K, 24 young (24576K), 3 survivors (3072K)
 Metaspace       used 27215K, committed 27520K, reserved 1073152K
  class space    used 3964K, committed 4096K, reserved 1048576K
}
Event: 8.440 GC heap after
{Heap after GC invocations=7 (full 0):
 garbage-first heap   total 58368K, used 24330K [0x0000000082600000, 0x0000000100000000)
  region size 1024K, 3 young (3072K), 3 survivors (3072K)
 Metaspace       used 27215K, committed 27520K, reserved 1073152K
  class space    used 3964K, committed 4096K, reserved 1048576K
}
Event: 9.504 GC heap before
{Heap before GC invocations=7 (full 0):
 garbage-first heap   total 58368K, used 40714K [0x0000000082600000, 0x0000000100000000)
  region size 1024K, 19 young (19456K), 3 survivors (3072K)
 Metaspace       used 27681K, committed 27968K, reserved 1073152K
  class space    used 3996K, committed 4096K, reserved 1048576K
}
Event: 9.523 GC heap after
{Heap after GC invocations=8 (full 0):
 garbage-first heap   total 58368K, used 30466K [0x0000000082600000, 0x0000000100000000)
  region size 1024K, 3 young (3072K), 3 survivors (3072K)
 Metaspace       used 27681K, committed 27968K, reserved 1073152K
  class space    used 3996K, committed 4096K, reserved 1048576K
}

Deoptimization events (20 events):
Event: 9.580 Thread 0x000002c8d3dd91c0 Uncommon trap: trap_request=0xffffff45 fr.pc=0x000002c8c401bee8 relative=0x00000000000000e8
Event: 9.580 Thread 0x000002c8d3dd91c0 Uncommon trap: reason=unstable_if action=reinterpret pc=0x000002c8c401bee8 method=java.lang.String.getBytes([BIB)V @ 5 c2
Event: 9.580 Thread 0x000002c8d3dd91c0 DEOPT PACKING pc=0x000002c8c401bee8 sp=0x000000f89edfcf10
Event: 9.580 Thread 0x000002c8d3dd91c0 DEOPT UNPACKING pc=0x000002c8c39f23a3 sp=0x000000f89edfced8 mode 2
Event: 9.580 Thread 0x000002c8d3dd91c0 Uncommon trap: trap_request=0xffffff45 fr.pc=0x000002c8c40c5f50 relative=0x00000000000000b0
Event: 9.580 Thread 0x000002c8d3dd91c0 Uncommon trap: reason=unstable_if action=reinterpret pc=0x000002c8c40c5f50 method=java.lang.StringConcatHelper.newString([BJ)Ljava/lang/String; @ 3 c2
Event: 9.580 Thread 0x000002c8d3dd91c0 DEOPT PACKING pc=0x000002c8c40c5f50 sp=0x000000f89edfcfe0
Event: 9.580 Thread 0x000002c8d3dd91c0 DEOPT UNPACKING pc=0x000002c8c39f23a3 sp=0x000000f89edfcf68 mode 2
Event: 9.755 Thread 0x000002c8d3dd91c0 Uncommon trap: trap_request=0xffffff45 fr.pc=0x000002c8c4136bdc relative=0x0000000000000b7c
Event: 9.755 Thread 0x000002c8d3dd91c0 Uncommon trap: reason=unstable_if action=reinterpret pc=0x000002c8c4136bdc method=javafx.scene.Node.markDirtyLayoutBranch()V @ 30 c2
Event: 9.755 Thread 0x000002c8d3dd91c0 DEOPT PACKING pc=0x000002c8c4136bdc sp=0x000000f89edfba10
Event: 9.755 Thread 0x000002c8d3dd91c0 DEOPT UNPACKING pc=0x000002c8c39f23a3 sp=0x000000f89edfb980 mode 2
Event: 9.956 Thread 0x000002c8d3dd91c0 Uncommon trap: trap_request=0xffffff45 fr.pc=0x000002c8c415b154 relative=0x00000000000000b4
Event: 9.957 Thread 0x000002c8d3dd91c0 Uncommon trap: reason=unstable_if action=reinterpret pc=0x000002c8c415b154 method=javafx.scene.Parent.setChildDirty(Ljavafx/scene/Node;Z)V @ 51 c2
Event: 9.957 Thread 0x000002c8d3dd91c0 DEOPT PACKING pc=0x000002c8c415b154 sp=0x000000f89edfb550
Event: 9.957 Thread 0x000002c8d3dd91c0 DEOPT UNPACKING pc=0x000002c8c39f23a3 sp=0x000000f89edfb4d8 mode 2
Event: 10.146 Thread 0x000002c8d3dd91c0 Uncommon trap: trap_request=0xffffff45 fr.pc=0x000002c8c40c626c relative=0x000000000000006c
Event: 10.146 Thread 0x000002c8d3dd91c0 Uncommon trap: reason=unstable_if action=reinterpret pc=0x000002c8c40c626c method=java.util.RegularEnumSet.isEmpty()Z @ 6 c2
Event: 10.146 Thread 0x000002c8d3dd91c0 DEOPT PACKING pc=0x000002c8c40c626c sp=0x000000f89edfb740
Event: 10.146 Thread 0x000002c8d3dd91c0 DEOPT UNPACKING pc=0x000002c8c39f23a3 sp=0x000000f89edfb6c8 mode 2

Classes unloaded (0 events):
No events

Classes redefined (0 events):
No events

Internal exceptions (20 events):
Event: 5.130 Thread 0x000002c8d3dd91c0 Exception <a 'java/io/FileNotFoundException'{0x0000000084189e58}> (0x0000000084189e58) 
thrown [s\open\src\hotspot\share\prims\jni.cpp, line 516]
Event: 5.130 Thread 0x000002c8d3dd91c0 Exception <a 'java/io/FileNotFoundException'{0x000000008418b4e0}> (0x000000008418b4e0) 
thrown [s\open\src\hotspot\share\prims\jni.cpp, line 516]
Event: 5.264 Thread 0x000002c8d3dd91c0 Exception <a 'java/lang/ClassNotFoundException'{0x0000000083fe83d8}: sun/util/logging/resources/spi/loggingProvider> (0x0000000083fe83d8) 
thrown [s\open\src\hotspot\share\classfile\systemDictionary.cpp, line 256]
Event: 5.310 Thread 0x000002c8d3dd91c0 Exception <a 'java/lang/ClassNotFoundException'{0x0000000083e905a0}: com/sun/javafx/scene/control/skin/resources/controls> (0x0000000083e905a0) 
thrown [s\open\src\hotspot\share\prims\jni.cpp, line 535]
Event: 5.313 Thread 0x000002c8d3dd91c0 Exception <a 'java/lang/ClassNotFoundException'{0x0000000083e9e540}: com/sun/javafx/scene/control/skin/resources/controls_en> (0x0000000083e9e540) 
thrown [s\open\src\hotspot\share\prims\jni.cpp, line 535]
Event: 5.313 Thread 0x000002c8d3dd91c0 Exception <a 'java/lang/ClassNotFoundException'{0x0000000083e9fe18}: com/sun/javafx/scene/control/skin/resources/controls_en_US> (0x0000000083e9fe18) 
thrown [s\open\src\hotspot\share\prims\jni.cpp, line 535]
Event: 6.024 Thread 0x000002c8d3dd91c0 Exception <a 'java/lang/NoSuchMethodError'{0x0000000088a9b940}: 'void java.lang.invoke.DirectMethodHandle$Holder.invokeSpecialIFC(java.lang.Object, java.lang.Object, java.lang.Object, java.lang.Object)'> (0x0000000088a9b940) 
thrown [s\open\src\hotspot\share\interpreter\linkResolver.cpp, line 759]
Event: 6.072 Thread 0x000002c8d3dd91c0 Exception <a 'java/lang/NoSuchMethodError'{0x00000000889b1958}: 'int java.lang.invoke.DirectMethodHandle$Holder.invokeSpecial(java.lang.Object, java.lang.Object, int)'> (0x00000000889b1958) 
thrown [s\open\src\hotspot\share\interpreter\linkResolver.cpp, line 759]
Event: 7.041 Thread 0x000002c8d3dd91c0 Exception <a 'java/io/FileNotFoundException'{0x00000000854a19a0}> (0x00000000854a19a0) 
thrown [s\open\src\hotspot\share\prims\jni.cpp, line 516]
Event: 7.041 Thread 0x000002c8d3dd91c0 Exception <a 'java/io/FileNotFoundException'{0x00000000854a2fa0}> (0x00000000854a2fa0) 
thrown [s\open\src\hotspot\share\prims\jni.cpp, line 516]
Event: 7.042 Thread 0x000002c8d3dd91c0 Exception <a 'java/io/FileNotFoundException'{0x00000000854a45b8}> (0x00000000854a45b8) 
thrown [s\open\src\hotspot\share\prims\jni.cpp, line 516]
Event: 7.042 Thread 0x000002c8d3dd91c0 Exception <a 'java/io/FileNotFoundException'{0x00000000854a5bb8}> (0x00000000854a5bb8) 
thrown [s\open\src\hotspot\share\prims\jni.cpp, line 516]
Event: 7.103 Thread 0x000002c8d3dd91c0 Exception <a 'java/io/FileNotFoundException'{0x00000000853e17e0}> (0x00000000853e17e0) 
thrown [s\open\src\hotspot\share\prims\jni.cpp, line 516]
Event: 7.103 Thread 0x000002c8d3dd91c0 Exception <a 'java/io/FileNotFoundException'{0x00000000853e3330}> (0x00000000853e3330) 
thrown [s\open\src\hotspot\share\prims\jni.cpp, line 516]
Event: 7.103 Thread 0x000002c8d3dd91c0 Exception <a 'java/io/FileNotFoundException'{0x00000000853e4e98}> (0x00000000853e4e98) 
thrown [s\open\src\hotspot\share\prims\jni.cpp, line 516]
Event: 7.104 Thread 0x000002c8d3dd91c0 Exception <a 'java/io/FileNotFoundException'{0x00000000853e69e8}> (0x00000000853e69e8) 
thrown [s\open\src\hotspot\share\prims\jni.cpp, line 516]
Event: 9.647 Thread 0x000002c8d3dd91c0 Exception <a 'java/lang/NoSuchMethodError'{0x0000000088f6e8f8}: 'long java.lang.invoke.DirectMethodHandle$Holder.invokeStatic(java.lang.Object, java.lang.Object, java.lang.Object)'> (0x0000000088f6e8f8) 
thrown [s\open\src\hotspot\share\interpreter\linkResolver.cpp, line 759]
Event: 9.648 Thread 0x000002c8d3dd91c0 Exception <a 'java/lang/NoSuchMethodError'{0x0000000088f72348}: 'long java.lang.invoke.DirectMethodHandle$Holder.invokeStaticInit(java.lang.Object, java.lang.Object, java.lang.Object)'> (0x0000000088f72348) 
thrown [s\open\src\hotspot\share\interpreter\linkResolver.cpp, line 759]
Event: 9.665 Thread 0x000002c8d3dd91c0 Exception <a 'java/lang/NoSuchMethodError'{0x0000000088f8a250}: 'java.lang.Object java.lang.invoke.DirectMethodHandle$Holder.newInvokeSpecial(java.lang.Object, java.lang.Object, long)'> (0x0000000088f8a250) 
thrown [s\open\src\hotspot\share\interpreter\linkResolver.cpp, line 759]
Event: 9.666 Thread 0x000002c8d3dd91c0 Exception <a 'java/lang/NoSuchMethodError'{0x0000000088f8ddc0}: 'java.lang.Object java.lang.invoke.Invokers$Holder.linkToTargetMethod(java.lang.Object, long, java.lang.Object)'> (0x0000000088f8ddc0) 
thrown [s\open\src\hotspot\share\interpreter\linkResolver.cpp, line 759]

VM Operations (20 events):
Event: 5.654 Executing VM operation: G1CollectForAllocation
Event: 5.678 Executing VM operation: G1CollectForAllocation done
Event: 6.338 Executing VM operation: ICBufferFull
Event: 6.338 Executing VM operation: ICBufferFull done
Event: 6.591 Executing VM operation: G1CollectForAllocation
Event: 6.609 Executing VM operation: G1CollectForAllocation done
Event: 6.743 Executing VM operation: HandshakeAllThreads
Event: 6.743 Executing VM operation: HandshakeAllThreads done
Event: 6.743 Executing VM operation: HandshakeAllThreads
Event: 6.744 Executing VM operation: HandshakeAllThreads done
Event: 7.373 Executing VM operation: ICBufferFull
Event: 7.374 Executing VM operation: ICBufferFull done
Event: 8.412 Executing VM operation: G1CollectForAllocation
Event: 8.441 Executing VM operation: G1CollectForAllocation done
Event: 9.336 Executing VM operation: ICBufferFull
Event: 9.336 Executing VM operation: ICBufferFull done
Event: 9.504 Executing VM operation: G1CollectForAllocation
Event: 9.523 Executing VM operation: G1CollectForAllocation done
Event: 10.121 Executing VM operation: ICBufferFull
Event: 10.121 Executing VM operation: ICBufferFull done

Events (20 events):
Event: 8.519 loading class sun/text/resources/BreakIteratorInfo
Event: 8.519 loading class sun/text/resources/BreakIteratorInfo done
Event: 8.520 loading class sun/text/resources/BreakIteratorResources
Event: 8.522 loading class sun/util/resources/BreakIteratorResourceBundle
Event: 8.523 loading class sun/util/resources/BreakIteratorResourceBundle done
Event: 8.524 loading class sun/text/resources/BreakIteratorResources done
Event: 8.525 loading class sun/text/resources/BreakIteratorResources_en
Event: 8.525 loading class sun/text/resources/BreakIteratorResources_en done
Event: 8.525 loading class sun/text/resources/BreakIteratorResources_en_US
Event: 8.525 loading class sun/text/resources/BreakIteratorResources_en_US done
Event: 8.526 loading class sun/text/RuleBasedBreakIterator
Event: 8.527 loading class sun/text/RuleBasedBreakIterator done
Event: 8.530 loading class sun/text/CompactByteArray
Event: 8.531 loading class sun/text/CompactByteArray done
Event: 8.532 loading class sun/text/SupplementaryCharacterData
Event: 8.532 loading class sun/text/SupplementaryCharacterData done
Event: 8.533 loading class java/text/BreakIterator$BreakIteratorCache
Event: 8.533 loading class java/text/BreakIterator$BreakIteratorCache done
Event: 9.330 loading class java/text/FieldPosition$Delegate
Event: 9.330 loading class java/text/FieldPosition$Delegate done


Dynamic libraries:
0x00007ff695140000 - 0x00007ff695150000 	D:\SDKs\Java SDKs\17.0.6\bin\java.exe
0x00007ff932d10000 - 0x00007ff932f27000 	C:\WINDOWS\SYSTEM32\ntdll.dll
0x00007ff931f30000 - 0x00007ff931ff4000 	C:\WINDOWS\System32\KERNEL32.DLL
0x00007ff9301e0000 - 0x00007ff9305b3000 	C:\WINDOWS\System32\KERNELBASE.dll
0x00007ff9305c0000 - 0x00007ff9306d1000 	C:\WINDOWS\System32\ucrtbase.dll
0x00007ff926780000 - 0x00007ff926798000 	D:\SDKs\Java SDKs\17.0.6\bin\jli.dll
0x00007ff929200000 - 0x00007ff92921b000 	D:\SDKs\Java SDKs\17.0.6\bin\VCRUNTIME140.dll
0x00007ff9309a0000 - 0x00007ff930a51000 	C:\WINDOWS\System32\ADVAPI32.dll
0x00007ff930d90000 - 0x00007ff930e37000 	C:\WINDOWS\System32\msvcrt.dll
0x00007ff9328b0000 - 0x00007ff932957000 	C:\WINDOWS\System32\sechost.dll
0x00007ff92ffb0000 - 0x00007ff92ffd8000 	C:\WINDOWS\System32\bcrypt.dll
0x00007ff930e40000 - 0x00007ff930f54000 	C:\WINDOWS\System32\RPCRT4.dll
0x00007ff931520000 - 0x00007ff9316d1000 	C:\WINDOWS\System32\USER32.dll
0x00007ff916ef0000 - 0x00007ff91718b000 	C:\WINDOWS\WinSxS\amd64_microsoft.windows.common-controls_6595b64144ccf1df_6.0.22621.5240_none_2710eadf7384a318\COMCTL32.dll
0x00007ff930970000 - 0x00007ff930996000 	C:\WINDOWS\System32\win32u.dll
0x00007ff931ef0000 - 0x00007ff931f19000 	C:\WINDOWS\System32\GDI32.dll
0x00007ff92fe80000 - 0x00007ff92ffa4000 	C:\WINDOWS\System32\gdi32full.dll
0x00007ff930760000 - 0x00007ff9307fa000 	C:\WINDOWS\System32\msvcp_win.dll
0x00007ff929090000 - 0x00007ff92909a000 	C:\WINDOWS\SYSTEM32\VERSION.dll
0x00007ff932c90000 - 0x00007ff932cc1000 	C:\WINDOWS\System32\IMM32.DLL
0x00007ff927ab0000 - 0x00007ff927abc000 	D:\SDKs\Java SDKs\17.0.6\bin\vcruntime140_1.dll
0x00007ff9266f0000 - 0x00007ff92677e000 	D:\SDKs\Java SDKs\17.0.6\bin\msvcp140.dll
0x00007ff8aeda0000 - 0x00007ff8af977000 	D:\SDKs\Java SDKs\17.0.6\bin\server\jvm.dll
0x00007ff9318d0000 - 0x00007ff9318d8000 	C:\WINDOWS\System32\PSAPI.DLL
0x00007ff927aa0000 - 0x00007ff927aa9000 	C:\WINDOWS\SYSTEM32\WSOCK32.dll
0x00007ff9296e0000 - 0x00007ff929714000 	C:\WINDOWS\SYSTEM32\WINMM.dll
0x00007ff930b60000 - 0x00007ff930bd1000 	C:\WINDOWS\System32\WS2_32.dll
0x00007ff92ee80000 - 0x00007ff92ee98000 	C:\WINDOWS\SYSTEM32\kernel.appcore.dll
0x00007ff9267c0000 - 0x00007ff9267ca000 	D:\SDKs\Java SDKs\17.0.6\bin\jimage.dll
0x00007ff92d9c0000 - 0x00007ff92dbf2000 	C:\WINDOWS\SYSTEM32\DBGHELP.DLL
0x00007ff931b50000 - 0x00007ff931ee3000 	C:\WINDOWS\System32\combase.dll
0x00007ff930a80000 - 0x00007ff930b57000 	C:\WINDOWS\System32\OLEAUT32.dll
0x00007ff90d210000 - 0x00007ff90d242000 	C:\WINDOWS\SYSTEM32\dbgcore.DLL
0x00007ff92fe00000 - 0x00007ff92fe7b000 	C:\WINDOWS\System32\bcryptPrimitives.dll
0x00007ff9266c0000 - 0x00007ff9266e5000 	D:\SDKs\Java SDKs\17.0.6\bin\java.dll
0x00007ff90efc0000 - 0x00007ff90f097000 	D:\SDKs\Java SDKs\17.0.6\bin\jsvml.dll
0x00007ff932000000 - 0x00007ff9328a2000 	C:\WINDOWS\System32\SHELL32.dll
0x00007ff92ffe0000 - 0x00007ff93011f000 	C:\WINDOWS\System32\wintypes.dll
0x00007ff92df50000 - 0x00007ff92e86d000 	C:\WINDOWS\SYSTEM32\windows.storage.dll
0x00007ff9319c0000 - 0x00007ff931acb000 	C:\WINDOWS\System32\SHCORE.dll
0x00007ff930f80000 - 0x00007ff930fe9000 	C:\WINDOWS\System32\shlwapi.dll
0x00007ff92fd30000 - 0x00007ff92fd5b000 	C:\WINDOWS\SYSTEM32\profapi.dll
0x00007ff9266a0000 - 0x00007ff9266b9000 	D:\SDKs\Java SDKs\17.0.6\bin\net.dll
0x00007ff928f10000 - 0x00007ff92903c000 	C:\WINDOWS\SYSTEM32\WINHTTP.dll
0x00007ff92f2f0000 - 0x00007ff92f35a000 	C:\WINDOWS\system32\mswsock.dll
0x00007ff926680000 - 0x00007ff926696000 	D:\SDKs\Java SDKs\17.0.6\bin\nio.dll
0x00007ff926660000 - 0x00007ff926678000 	D:\SDKs\Java SDKs\17.0.6\bin\zip.dll
0x000002c8d2de0000 - 0x000002c8d2de3000 	C:\Users\Rukshan Vimukthi\.openjfx\cache\17.0.2-ea\api-ms-win-core-console-l1-1-0.dll
0x000002c8d2df0000 - 0x000002c8d2df3000 	C:\Users\Rukshan Vimukthi\.openjfx\cache\17.0.2-ea\api-ms-win-core-console-l1-2-0.dll
0x000002c8d2e00000 - 0x000002c8d2e03000 	C:\Users\Rukshan Vimukthi\.openjfx\cache\17.0.2-ea\api-ms-win-core-datetime-l1-1-0.dll
0x000002c8d2e10000 - 0x000002c8d2e13000 	C:\Users\Rukshan Vimukthi\.openjfx\cache\17.0.2-ea\api-ms-win-core-debug-l1-1-0.dll
0x000002c8d2e20000 - 0x000002c8d2e23000 	C:\Users\Rukshan Vimukthi\.openjfx\cache\17.0.2-ea\api-ms-win-core-errorhandling-l1-1-0.dll
0x000002c8d2e30000 - 0x000002c8d2e34000 	C:\Users\Rukshan Vimukthi\.openjfx\cache\17.0.2-ea\api-ms-win-core-file-l1-1-0.dll
0x000002c8d2e40000 - 0x000002c8d2e43000 	C:\Users\Rukshan Vimukthi\.openjfx\cache\17.0.2-ea\api-ms-win-core-file-l1-2-0.dll
0x000002c8d2e50000 - 0x000002c8d2e53000 	C:\Users\Rukshan Vimukthi\.openjfx\cache\17.0.2-ea\api-ms-win-core-file-l2-1-0.dll
0x000002c8d2e60000 - 0x000002c8d2e63000 	C:\Users\Rukshan Vimukthi\.openjfx\cache\17.0.2-ea\api-ms-win-core-handle-l1-1-0.dll
0x000002c8d2e70000 - 0x000002c8d2e73000 	C:\Users\Rukshan Vimukthi\.openjfx\cache\17.0.2-ea\api-ms-win-core-heap-l1-1-0.dll
0x000002c8d2e80000 - 0x000002c8d2e83000 	C:\Users\Rukshan Vimukthi\.openjfx\cache\17.0.2-ea\api-ms-win-core-interlocked-l1-1-0.dll
0x000002c8d2e90000 - 0x000002c8d2e93000 	C:\Users\Rukshan Vimukthi\.openjfx\cache\17.0.2-ea\api-ms-win-core-libraryloader-l1-1-0.dll
0x000002c8d2ea0000 - 0x000002c8d2ea3000 	C:\Users\Rukshan Vimukthi\.openjfx\cache\17.0.2-ea\api-ms-win-core-localization-l1-2-0.dll
0x000002c8d2eb0000 - 0x000002c8d2eb3000 	C:\Users\Rukshan Vimukthi\.openjfx\cache\17.0.2-ea\api-ms-win-core-memory-l1-1-0.dll
0x000002c8d2ec0000 - 0x000002c8d2ec3000 	C:\Users\Rukshan Vimukthi\.openjfx\cache\17.0.2-ea\api-ms-win-core-namedpipe-l1-1-0.dll
0x000002c8d2ed0000 - 0x000002c8d2ed3000 	C:\Users\Rukshan Vimukthi\.openjfx\cache\17.0.2-ea\api-ms-win-core-processenvironment-l1-1-0.dll
0x000002c8d2ee0000 - 0x000002c8d2ee3000 	C:\Users\Rukshan Vimukthi\.openjfx\cache\17.0.2-ea\api-ms-win-core-processthreads-l1-1-0.dll
0x000002c8d2ef0000 - 0x000002c8d2ef3000 	C:\Users\Rukshan Vimukthi\.openjfx\cache\17.0.2-ea\api-ms-win-core-processthreads-l1-1-1.dll
0x000002c8d2f00000 - 0x000002c8d2f03000 	C:\Users\Rukshan Vimukthi\.openjfx\cache\17.0.2-ea\api-ms-win-core-profile-l1-1-0.dll
0x000002c8d2f10000 - 0x000002c8d2f13000 	C:\Users\Rukshan Vimukthi\.openjfx\cache\17.0.2-ea\api-ms-win-core-rtlsupport-l1-1-0.dll
0x000002c8d2f20000 - 0x000002c8d2f23000 	C:\Users\Rukshan Vimukthi\.openjfx\cache\17.0.2-ea\api-ms-win-core-string-l1-1-0.dll
0x000002c8d2f30000 - 0x000002c8d2f33000 	C:\Users\Rukshan Vimukthi\.openjfx\cache\17.0.2-ea\api-ms-win-core-synch-l1-1-0.dll
0x000002c8d2f40000 - 0x000002c8d2f43000 	C:\Users\Rukshan Vimukthi\.openjfx\cache\17.0.2-ea\api-ms-win-core-synch-l1-2-0.dll
0x000002c8d2f50000 - 0x000002c8d2f53000 	C:\Users\Rukshan Vimukthi\.openjfx\cache\17.0.2-ea\api-ms-win-core-sysinfo-l1-1-0.dll
0x000002c8d2f60000 - 0x000002c8d2f63000 	C:\Users\Rukshan Vimukthi\.openjfx\cache\17.0.2-ea\api-ms-win-core-timezone-l1-1-0.dll
0x000002c8d2f70000 - 0x000002c8d2f73000 	C:\Users\Rukshan Vimukthi\.openjfx\cache\17.0.2-ea\api-ms-win-core-util-l1-1-0.dll
0x000002c8d2f80000 - 0x000002c8d2f83000 	C:\Users\Rukshan Vimukthi\.openjfx\cache\17.0.2-ea\api-ms-win-crt-conio-l1-1-0.dll
0x000002c8d2f90000 - 0x000002c8d2f94000 	C:\Users\Rukshan Vimukthi\.openjfx\cache\17.0.2-ea\api-ms-win-crt-convert-l1-1-0.dll
0x000002c8d2fa0000 - 0x000002c8d2fa3000 	C:\Users\Rukshan Vimukthi\.openjfx\cache\17.0.2-ea\api-ms-win-crt-environment-l1-1-0.dll
0x000002c8d2fb0000 - 0x000002c8d2fb3000 	C:\Users\Rukshan Vimukthi\.openjfx\cache\17.0.2-ea\api-ms-win-crt-filesystem-l1-1-0.dll
0x000002c8d2fc0000 - 0x000002c8d2fc3000 	C:\Users\Rukshan Vimukthi\.openjfx\cache\17.0.2-ea\api-ms-win-crt-heap-l1-1-0.dll
0x000002c8d2fd0000 - 0x000002c8d2fd3000 	C:\Users\Rukshan Vimukthi\.openjfx\cache\17.0.2-ea\api-ms-win-crt-locale-l1-1-0.dll
0x000002c8d2fe0000 - 0x000002c8d2fe5000 	C:\Users\Rukshan Vimukthi\.openjfx\cache\17.0.2-ea\api-ms-win-crt-math-l1-1-0.dll
0x000002c8d2ff0000 - 0x000002c8d2ff5000 	C:\Users\Rukshan Vimukthi\.openjfx\cache\17.0.2-ea\api-ms-win-crt-multibyte-l1-1-0.dll
0x000002c8d4400000 - 0x000002c8d4410000 	C:\Users\Rukshan Vimukthi\.openjfx\cache\17.0.2-ea\api-ms-win-crt-private-l1-1-0.dll
0x000002c8d4410000 - 0x000002c8d4413000 	C:\Users\Rukshan Vimukthi\.openjfx\cache\17.0.2-ea\api-ms-win-crt-process-l1-1-0.dll
0x000002c8d4420000 - 0x000002c8d4424000 	C:\Users\Rukshan Vimukthi\.openjfx\cache\17.0.2-ea\api-ms-win-crt-runtime-l1-1-0.dll
0x000002c8d4430000 - 0x000002c8d4434000 	C:\Users\Rukshan Vimukthi\.openjfx\cache\17.0.2-ea\api-ms-win-crt-stdio-l1-1-0.dll
0x000002c8d4440000 - 0x000002c8d4444000 	C:\Users\Rukshan Vimukthi\.openjfx\cache\17.0.2-ea\api-ms-win-crt-string-l1-1-0.dll
0x000002c8d4450000 - 0x000002c8d4453000 	C:\Users\Rukshan Vimukthi\.openjfx\cache\17.0.2-ea\api-ms-win-crt-time-l1-1-0.dll
0x000002c8d4460000 - 0x000002c8d4463000 	C:\Users\Rukshan Vimukthi\.openjfx\cache\17.0.2-ea\api-ms-win-crt-utility-l1-1-0.dll
0x00007ff8f4b30000 - 0x00007ff8f4c2c000 	C:\Users\Rukshan Vimukthi\.openjfx\cache\17.0.2-ea\ucrtbase.dll
0x00007ff91bf00000 - 0x00007ff91bf1a000 	C:\Users\Rukshan Vimukthi\.openjfx\cache\17.0.2-ea\vcruntime140.dll
0x00007ff92b470000 - 0x00007ff92b47c000 	C:\Users\Rukshan Vimukthi\.openjfx\cache\17.0.2-ea\vcruntime140_1.dll
0x00007ff8f6110000 - 0x00007ff8f619d000 	C:\Users\Rukshan Vimukthi\.openjfx\cache\17.0.2-ea\msvcp140.dll
0x00007ff90cad0000 - 0x00007ff90cafa000 	C:\Users\Rukshan Vimukthi\.openjfx\cache\17.0.2-ea\prism_d3d.dll
0x00007ff8f2be0000 - 0x00007ff8f2d88000 	C:\WINDOWS\system32\d3d9.dll
0x00007ff92d290000 - 0x00007ff92d2be000 	C:\WINDOWS\SYSTEM32\dwmapi.dll
0x00007ff92d120000 - 0x00007ff92d157000 	C:\WINDOWS\SYSTEM32\dxcore.dll
0x00007ff92d020000 - 0x00007ff92d0d4000 	C:\WINDOWS\system32\uxtheme.dll
0x00007ff8f2a30000 - 0x00007ff8f2bdd000 	C:\WINDOWS\System32\DriverStore\FileRepository\iigd_dch.inf_amd64_9c0096d37b5f610a\igdumdim64.dll
0x00007ff930be0000 - 0x00007ff930d81000 	C:\WINDOWS\System32\ole32.dll
0x00007ff8a0e90000 - 0x00007ff8a3f34000 	C:\WINDOWS\System32\DriverStore\FileRepository\iigd_dch.inf_amd64_9c0096d37b5f610a\igd9dxva64.dll
0x00007ff930ff0000 - 0x00007ff931464000 	C:\WINDOWS\System32\SETUPAPI.dll
0x00007ff92faa0000 - 0x00007ff92faee000 	C:\WINDOWS\SYSTEM32\cfgmgr32.dll
0x00007ff91b660000 - 0x00007ff91ba69000 	C:\WINDOWS\System32\DriverStore\FileRepository\iigd_dch.inf_amd64_9c0096d37b5f610a\igdgmm64.dll
0x00007ff927ff0000 - 0x00007ff92803a000 	C:\WINDOWS\SYSTEM32\directxdatabasehelper.dll
0x00007ff9000e0000 - 0x00007ff900122000 	C:\Users\Rukshan Vimukthi\.openjfx\cache\17.0.2-ea\glass.dll
0x00007ff932b80000 - 0x00007ff932c84000 	C:\WINDOWS\System32\COMDLG32.dll
0x00007ff9316e0000 - 0x00007ff931840000 	C:\WINDOWS\System32\MSCTF.dll
0x00007ff8f0460000 - 0x00007ff8f0487000 	C:\WINDOWS\System32\DriverStore\FileRepository\iigd_dch.inf_amd64_9c0096d37b5f610a\igdinfo64.dll
0x00007ff917340000 - 0x00007ff91aad6000 	C:\WINDOWS\System32\DriverStore\FileRepository\iigd_dch.inf_amd64_9c0096d37b5f610a\igc64.dll
0x00007ff9159e0000 - 0x00007ff9159f4000 	C:\Users\Rukshan Vimukthi\.openjfx\cache\17.0.2-ea\javafx_font.dll
0x00007ff92a530000 - 0x00007ff92a7a8000 	C:\WINDOWS\SYSTEM32\dwrite.dll
0x00007ff92f640000 - 0x00007ff92f65b000 	C:\WINDOWS\SYSTEM32\CRYPTSP.dll
0x00007ff92ede0000 - 0x00007ff92ee17000 	C:\WINDOWS\system32\rsaenh.dll
0x00007ff92f390000 - 0x00007ff92f3b8000 	C:\WINDOWS\SYSTEM32\USERENV.dll
0x00007ff92f620000 - 0x00007ff92f62c000 	C:\WINDOWS\SYSTEM32\CRYPTBASE.dll
0x00007ff92de20000 - 0x00007ff92de4d000 	C:\WINDOWS\SYSTEM32\IPHLPAPI.DLL
0x00007ff9318e0000 - 0x00007ff9318e9000 	C:\WINDOWS\System32\NSI.dll
0x00007ff9290a0000 - 0x00007ff9290b9000 	C:\WINDOWS\SYSTEM32\dhcpcsvc6.DLL
0x00007ff928ef0000 - 0x00007ff928f0f000 	C:\WINDOWS\SYSTEM32\dhcpcsvc.DLL
0x00007ff92de50000 - 0x00007ff92df48000 	C:\WINDOWS\SYSTEM32\DNSAPI.dll
0x0000000070750000 - 0x0000000070776000 	C:\Program Files\Bonjour\mdnsNSP.dll
0x00007ff92c190000 - 0x00007ff92c19a000 	C:\Windows\System32\rasadhlp.dll
0x00007ff927310000 - 0x00007ff927393000 	C:\WINDOWS\System32\fwpuclnt.dll
0x00007ff912820000 - 0x00007ff91282d000 	D:\SDKs\Java SDKs\17.0.6\bin\sunmscapi.dll
0x00007ff930800000 - 0x00007ff930967000 	C:\WINDOWS\System32\CRYPT32.dll
0x00007ff92f6d0000 - 0x00007ff92f6fd000 	C:\WINDOWS\SYSTEM32\ncrypt.dll
0x00007ff92f680000 - 0x00007ff92f6b7000 	C:\WINDOWS\SYSTEM32\NTASN1.dll
0x00007ff931470000 - 0x00007ff931520000 	C:\WINDOWS\System32\clbcatq.dll

dbghelp: loaded successfully - version: 4.0.5 - missing functions: none
symbol engine: initialized successfully - sym options: 0x614 - pdb path: .;D:\SDKs\Java SDKs\17.0.6\bin;C:\WINDOWS\SYSTEM32;C:\WINDOWS\WinSxS\amd64_microsoft.windows.common-controls_6595b64144ccf1df_6.0.22621.5240_none_2710eadf7384a318;D:\SDKs\Java SDKs\17.0.6\bin\server;C:\Users\Rukshan Vimukthi\.openjfx\cache\17.0.2-ea;C:\WINDOWS\System32\DriverStore\FileRepository\iigd_dch.inf_amd64_9c0096d37b5f610a;C:\WINDOWS\System32\DriverStore\FileRepository\nvbl.inf_amd64_28e16711616e3987;C:\Program Files\Bonjour;C:\Program Files\Common Files\Microsoft Shared\Ink

VM Arguments:
jvm_args: -Dfile.encoding=windows-1252 -Duser.country=US -Duser.language=en -Duser.variant --module-path=E:\Rukshan\NewApplications\SFC POS Software Application\InventoryManagementSystem\build\libs\InventoryManagementSystem-1.0-SNAPSHOT.jar;E:\Rukshan\NewApplications\SFC POS Software Application\InventoryManagementSystem\build\classes\java\main;C:\Users\Rukshan Vimukthi\.gradle\caches\modules-2\files-2.1\org.openjfx\javafx-fxml\17.0.2\5079f88d5345e988222c90a345ad682b7aaccad3\javafx-fxml-17.0.2-win.jar;C:\Users\Rukshan Vimukthi\.gradle\caches\modules-2\files-2.1\org.openjfx\javafx-controls\17.0.2\707f290bacde2738c0a7e1d0b4a8193002c29cf7\javafx-controls-17.0.2-win.jar;C:\Users\Rukshan Vimukthi\.gradle\caches\modules-2\files-2.1\org.openjfx\javafx-controls\17.0.2\f52640ea07a0d7fe2ac8b9f945ec58fa22ac1afd\javafx-controls-17.0.2.jar;C:\Users\Rukshan Vimukthi\.gradle\caches\modules-2\files-2.1\org.openjfx\javafx-graphics\17.0.2\6f95886c8fed3e1b21370a199c3937846ef6b3cc\javafx-graphics-17.0.2-win.jar;C:\Users\Rukshan Vimukthi\.gradle\caches\modules-2\files-2.1\org.openjfx\javafx-graphics\17.0.2\1eb7ce07e07ccc2fcb26103f07535e72069519d6\javafx-graphics-17.0.2.jar;C:\Users\Rukshan Vimukthi\.gradle\caches\modules-2\files-2.1\org.openjfx\javafx-base\17.0.2\1bd6dc88b180a6239a5067320c2f0d7f3526e1d2\javafx-base-17.0.2-win.jar;C:\Users\Rukshan Vimukthi\.gradle\caches\modules-2\files-2.1\org.openjfx\javafx-base\17.0.2\ca46f15a306175ac1513211e1d190a5baacd77cc\javafx-base-17.0.2.jar;C:\Users\Rukshan Vimukthi\.gradle\caches\modules-2\files-2.1\org.controlsfx\controlsfx\11.1.1\d303c563c23d5176346e8d05932afbec421060ae\controlsfx-11.1.1.jar;C:\Users\Rukshan Vimukthi\.gradle\caches\modules-2\files-2.1\com.dlsc.formsfx\formsfx-core\11.5.0\4e6bc5b8ba4633b1c59d19380623c980eb81e7c2\formsfx-core-11.5.0.jar;C:\Users\Rukshan Vimukthi\.gradle\caches\modules-2\files-2.1\org.kordamp.bootstrapfx\bootstrapfx-core\0.4.0\8d019b30266c00770cf29921d1008ad7feed0ed6\bootstrapfx-core-0.4.0.jar;C:\Users\Rukshan Vimukthi\.gradle\caches\modules-2\files-2.1\org.kordamp.ikonli\ikonli-javafx\12.3.1\6df78c-Djdk.module.main=com.example.inventorymanagementsystem 
java_command: com.example.inventorymanagementsystem/com.example.inventorymanagementsystem.InventoryManagementApplication
java_class_path (initial): E:\Rukshan\NewApplications\SFC POS Software Application\InventoryManagementSystem\build\resources\main;C:\Users\Rukshan Vimukthi\.gradle\caches\modules-2\files-2.1\com.mysql\mysql-connector-j\8.3.0\1cc7fa5d61f4bbc113531a4ba6d85d41cf3d57e1\mysql-connector-j-8.3.0.jar;C:\Users\Rukshan Vimukthi\.gradle\caches\modules-2\files-2.1\com.google.protobuf\protobuf-java\3.25.1\2933a5c3f022456d8842323fe0d7fb2d25a7e3c7\protobuf-java-3.25.1.jar
Launcher Type: SUN_STANDARD

[Global flags]
     intx CICompilerCount                          = 4                                         {product} {ergonomic}
     uint ConcGCThreads                            = 2                                         {product} {ergonomic}
     uint G1ConcRefinementThreads                  = 8                                         {product} {ergonomic}
   size_t G1HeapRegionSize                         = 1048576                                   {product} {ergonomic}
    uintx GCDrainStackTargetSize                   = 64                                        {product} {ergonomic}
   size_t InitialHeapSize                          = 132120576                                 {product} {ergonomic}
   size_t MarkStackSize                            = 4194304                                   {product} {ergonomic}
   size_t MaxHeapSize                              = 2107637760                                {product} {ergonomic}
   size_t MaxNewSize                               = 1264582656                                {product} {ergonomic}
   size_t MinHeapDeltaBytes                        = 1048576                                   {product} {ergonomic}
   size_t MinHeapSize                              = 8388608                                   {product} {ergonomic}
    uintx NonNMethodCodeHeapSize                   = 5839372                                {pd product} {ergonomic}
    uintx NonProfiledCodeHeapSize                  = 122909434                              {pd product} {ergonomic}
    uintx ProfiledCodeHeapSize                     = 122909434                              {pd product} {ergonomic}
    uintx ReservedCodeCacheSize                    = 251658240                              {pd product} {ergonomic}
     bool SegmentedCodeCache                       = true                                      {product} {ergonomic}
   size_t SoftMaxHeapSize                          = 2107637760                             {manageable} {ergonomic}
     bool UseCompressedClassPointers               = true                           {product lp64_product} {ergonomic}
     bool UseCompressedOops                        = true                           {product lp64_product} {ergonomic}
     bool UseG1GC                                  = true                                      {product} {ergonomic}
     bool UseLargePagesIndividualAllocation        = false                                  {pd product} {ergonomic}

Logging:
Log output configuration:
 #0: stdout all=warning uptime,level,tags
 #1: stderr all=off uptime,level,tags

Environment Variables:
JAVA_HOME=C:\Program Files\Eclipse Foundation\jdk-8.0.302.8-hotspot
PATH=D:\Python\python-3.9.2\Scripts\;D:\Python\python-3.9.2\;C:\Python311\Scripts\;C:\Python311\;C:\Program Files\Common Files\Oracle\Java\javapath;C:\Program Files (x86)\Common Files\Oracle\Java\javapath;C:\Program Files\Eclipse Foundation\jdk-8.0.302.8-hotspot\bin;C:\Program Files\NVIDIA GPU Computing Toolkit\CUDA\v11.6\bin;C:\Program Files\NVIDIA GPU Computing Toolkit\CUDA\v11.6\libnvvp;D:\ImageMagick-7.1.0-Q16;C:\Windows\system32;C:\Windows;C:\Windows\System32\Wbem;C:\Windows\System32\WindowsPowerShell\v1.0\;C:\Windows\System32\OpenSSH\;C:\Program Files\Microsoft SQL Server\130\Tools\Binn\;C:\Program Files\Microsoft SQL Server\Client SDK\ODBC\170\Tools\Binn\;C:\Program Files (x86)\NVIDIA Corporation\PhysX\Common;C:\Program Files\NVIDIA Corporation\NVIDIA NvDLISR;C:\WINDOWS\system32;C:\WINDOWS;C:\WINDOWS\System32\Wbem;C:\WINDOWS\System32\WindowsPowerShell\v1.0\;C:\WINDOWS\System32\OpenSSH\;D:\CMake\bin;D:\masm32\bin\;D:\Python\python-3.9.8\;D:\Python\python-3.9.8\Scripts\;C:\Program Files\NVIDIA Corporation\Nsight Compute 2022.1.0\;D:\zlib123dllx64\dll_x64\;D:\Putty\;D:\Git\cmd;D:\gradle_\gradle-7.4.2\bin;C:\WINDOWS\system32;C:\WINDOWS;C:\WINDOWS\System32\Wbem;C:\WINDOWS\System32\WindowsPowerShell\v1.0\;C:\WINDOWS\System32\OpenSSH\;D:\cudnn-11.3-windows-x64-v8.2.1.32\cuda\lib\x64\;C:\Program Files (x86)\Microsoft Visual Studio\2019\Community\VC\Tools\MSVC\14.28.29910\bin\Hostx64\x64;D:\Microchip\bin;C:\Program Files (x86)\IncrediBuild;C:\Program Files\dotnet\;D:\Microsoft VS Code\bin;C:\ProgramData\chocolatey\bin;D:\composer;D:\opencv-4.0.0\build\java\x64;C:\Program Files\MySQL\MySQL Server 8.0\bin;D:\stripe_1.21.10_windows_x86_64;D:\nodejs\;D:\glassfish5\bin;;C:\Program Files\Docker\Docker\resources\bin;C:\Program Files\MySQL\MySQL Shell 8.0\bin\;D:\Python\python-3.9.8\Scripts\;D:\Python\python-3.9.8\;C:\Users\Rukshan Vimukthi\.cargo\bin;C:\Users\Rukshan Vimukthi\AppData\Local\Microsoft\WindowsApps;D:\PyCharm Community Edition 2020.2.3\bin;;D:\IntelliJ IDEA Communi
USERNAME=TECHLIX
OS=Windows_NT
PROCESSOR_IDENTIFIER=Intel64 Family 6 Model 142 Stepping 12, GenuineIntel



---------------  S Y S T E M  ---------------

OS:
 Windows 11 , 64 bit Build 22621 (10.0.22621.5305)
OS uptime: 0 days 4:46 hours
Hyper-V role detected

CPU: total 8 (initial active 8) (4 cores per cpu, 2 threads per core) family 6 model 142 stepping 12 microcode 0xfe, cx8, cmov, fxsr, ht, mmx, 3dnowpref, sse, sse2, sse3, ssse3, sse4.1, sse4.2, popcnt, lzcnt, tsc, tscinvbit, avx, avx2, aes, erms, clmul, bmi1, bmi2, adx, fma, vzeroupper, clflush, clflushopt, hv

Memory: 4k page, system-wide physical 8038M (766M free)
TotalPageFile size 10086M (AvailPageFile size 8M)
current process WorkingSet (physical memory assigned to process): 238M, peak: 242M
current process commit charge ("private bytes"): 275M, peak: 294M

vm_info: Java HotSpot(TM) 64-Bit Server VM (17.0.6+9-LTS-190) for windows-amd64 JRE (17.0.6+9-LTS-190), built on Dec  6 2022 15:53:54 by "mach5one" with MS VC++ 17.1 (VS2022)

END.
